#
# A fatal error has been detected by the Java Runtime Environment:
#
#  EXCEPTION_ACCESS_VIOLATION (0xc0000005) at pc=0x000000005babd279, pid=1896, tid=0x0000000000004598
#
# JRE version: Java(TM) SE Runtime Environment (8.0_111-b14) (build 1.8.0_111-b14)
# Java VM: Java HotSpot(TM) 64-Bit Server VM (25.111-b14 mixed mode windows-amd64 compressed oops)
# Problematic frame:
# C  [jfxwebkit.dll+0xd6d279]
#
# Failed to write core dump. Minidumps are not enabled by default on client versions of Windows
#
# If you would like to submit a bug report, please visit:
#   http://bugreport.java.com/bugreport/crash.jsp
# The crash happened outside the Java Virtual Machine in native code.
# See problematic frame for where to report the bug.
#

---------------  T H R E A D  ---------------

Current thread (0x000000001f5c5800):  JavaThread "JavaFX Application Thread" [_thread_in_native, id=17816, stack(0x00000000201c0000,0x00000000202c0000)]

siginfo: ExceptionCode=0xc0000005, writing address 0x000000000000a1b0

Registers:
RAX=0x00000000307b0000, RBX=0x000000002de7ff30, RCX=0x000000002de7ff30, RDX=0x000000002de7ff30
RSP=0x00000000202bb4c0, RBP=0x00000000202bb620, RSI=0x0000000000000000, RDI=0x00000000202bb900
R8 =0x0000000040570070, R9 =0xffff000000000000, R10=0x0000000000000000, R11=0xffff000000000002
R12=0x000000002de7ff30, R13=0x000000002de6ff90, R14=0x0000000000000000, R15=0x0000000040570070
RIP=0x000000005babd279, EFLAGS=0x0000000000010206

Top of Stack: (sp=0x00000000202bb4c0)
0x00000000202bb4c0:   0000000028d130c0 000000005babfd0c
0x00000000202bb4d0:   0000000035fb1550 0000000040570060
0x00000000202bb4e0:   00000000202bb660 000000002de7ff20
0x00000000202bb4f0:   0000000040570048 0000000000000000
0x00000000202bb500:   000000002de6ff90 000000002de7ff30
0x00000000202bb510:   0000000000000005 000000005bab4ac2
0x00000000202bb520:   0000000040570070 00000000202bb620
0x00000000202bb530:   0000000000000000 0000000000000003
0x00000000202bb540:   0000000040570060 0000000000000000
0x00000000202bb550:   0000000040570070 0000000000001fa2
0x00000000202bb560:   0000000000000085 000000002de7ff30
0x00000000202bb570:   000000002de7ff30 000000005b98f406
0x00000000202bb580:   badbeef00000007d 0000000000c00cc0
0x00000000202bb590:   000000002cf47690 000000005e5d63ac
0x00000000202bb5a0:   00000006c34496e8 0000000785ee3360
0x00000000202bb5b0:   0000000000000410 0000000000000004 

Instructions: (pc=0x000000005babd279)
0x000000005babd259:   83 ec 30 48 8b 42 18 48 8b da 48 8b f9 48 25 00
0x000000005babd269:   00 ff ff 48 8b cb 4d 8b f8 48 8b b0 68 04 00 00
0x000000005babd279:   48 89 96 b0 a1 00 00 49 8d 50 08 e8 37 b0 e5 ff
0x000000005babd289:   4c 8b 73 10 49 63 6f 10 41 8b 86 84 01 00 00 4c 


Register to memory mapping:

RAX=0x00000000307b0000 is an unknown value
RBX=0x000000002de7ff30 is an unknown value
RCX=0x000000002de7ff30 is an unknown value
RDX=0x000000002de7ff30 is an unknown value
RSP=0x00000000202bb4c0 is pointing into the stack for thread: 0x000000001f5c5800
RBP=0x00000000202bb620 is pointing into the stack for thread: 0x000000001f5c5800
RSI=0x0000000000000000 is an unknown value
RDI=0x00000000202bb900 is pointing into the stack for thread: 0x000000001f5c5800
R8 =0x0000000040570070 is an unknown value
R9 =0xffff000000000000 is an unknown value
R10=0x0000000000000000 is an unknown value
R11=0xffff000000000002 is an unknown value
R12=0x000000002de7ff30 is an unknown value
R13=0x000000002de6ff90 is an unknown value
R14=0x0000000000000000 is an unknown value
R15=0x0000000040570070 is an unknown value


Stack: [0x00000000201c0000,0x00000000202c0000],  sp=0x00000000202bb4c0,  free space=1005k
Native frames: (J=compiled Java code, j=interpreted, Vv=VM code, C=native code)
C  [jfxwebkit.dll+0xd6d279]
C  [jfxwebkit.dll+0xd64ac2]
C  [jfxwebkit.dll+0xd314b3]
C  [jfxwebkit.dll+0xc371de]
C  [jfxwebkit.dll+0xc34683]
C  [jfxwebkit.dll+0xbd0b0e]
C  [jfxwebkit.dll+0x4453e1]
C  [jfxwebkit.dll+0x452574]
C  [jfxwebkit.dll+0x452496]
C  [jfxwebkit.dll+0x5d3563]
C  [jfxwebkit.dll+0x6fbe7a]
C  [jfxwebkit.dll+0x6fbc71]
C  [jfxwebkit.dll+0x6fbd46]
C  [jfxwebkit.dll+0x6f0f50]
C  [jfxwebkit.dll+0x78c4c3]
C  [jfxwebkit.dll+0x7c30de]
C  0x0000000002dd7f74

Java frames: (J=compiled Java code, j=interpreted, Vv=VM code)
j  com.sun.webkit.network.URLLoader.twkDidFinishLoading(J)V+0
j  com.sun.webkit.network.URLLoader.notifyDidFinishLoading()V+44
j  com.sun.webkit.network.URLLoader.lambda$didFinishLoading$99()V+8
j  com.sun.webkit.network.URLLoader$$Lambda$365.run()V+4
J 4751 C1 com.sun.javafx.application.PlatformImpl$$Lambda$50.run()Ljava/lang/Object; (8 bytes) @ 0x00000000039ef20c [0x00000000039ef0c0+0x14c]
v  ~StubRoutines::call_stub
J 1104  java.security.AccessController.doPrivileged(Ljava/security/PrivilegedAction;Ljava/security/AccessControlContext;)Ljava/lang/Object; (0 bytes) @ 0x000000000317e1a6 [0x000000000317e140+0x66]
J 4748 C1 com.sun.javafx.application.PlatformImpl.lambda$runLater$174(Ljava/lang/Runnable;Ljava/security/AccessControlContext;)V (38 bytes) @ 0x00000000039ee71c [0x00000000039ee300+0x41c]
J 4747 C1 com.sun.javafx.application.PlatformImpl$$Lambda$49.run()V (12 bytes) @ 0x00000000039ea38c [0x00000000039ea300+0x8c]
J 3825 C1 com.sun.glass.ui.InvokeLaterDispatcher$Future.run()V (91 bytes) @ 0x0000000002f86414 [0x0000000002f86300+0x114]
v  ~StubRoutines::call_stub
j  com.sun.glass.ui.win.WinApplication._runLoop(Ljava/lang/Runnable;)V+0
j  com.sun.glass.ui.win.WinApplication.lambda$null$148(ILjava/lang/Runnable;)V+8
j  com.sun.glass.ui.win.WinApplication$$Lambda$38.run()V+12
j  java.lang.Thread.run()V+11
v  ~StubRoutines::call_stub

---------------  P R O C E S S  ---------------

Java Threads: ( => current thread )
  0x000000001f8fe000 JavaThread "Keep-Alive-Timer" daemon [_thread_blocked, id=14024, stack(0x00000000306a0000,0x00000000307a0000)]
  0x000000001f8fd800 JavaThread "URL-Loader-23" daemon [_thread_blocked, id=3232, stack(0x000000002df80000,0x000000002e080000)]
  0x000000001f904800 JavaThread "Media Resource Disposer" daemon [_thread_blocked, id=14256, stack(0x000000003a730000,0x000000003a830000)]
  0x000000001f8fc000 JavaThread "JFXMedia Player EventQueueThread" daemon [_thread_blocked, id=3312, stack(0x00000000376a0000,0x00000000377a0000)]
  0x000000001f900800 JavaThread "Thread-5" daemon [_thread_in_native, id=18632, stack(0x00000000341d0000,0x00000000342d0000)]
  0x000000001f8f7800 JavaThread "URL-Loader-16" daemon [_thread_blocked, id=8588, stack(0x0000000031fc0000,0x00000000320c0000)]
  0x000000002685a800 JavaThread "Watchdog-Timer-1" daemon [_thread_blocked, id=8132, stack(0x0000000030520000,0x0000000030620000)]
  0x000000001e780800 JavaThread "Disposer" daemon [_thread_blocked, id=1520, stack(0x000000002de80000,0x000000002df80000)]
  0x000000002624e000 JavaThread "mysql-cj-abandoned-connection-cleanup" daemon [_thread_blocked, id=20320, stack(0x0000000029100000,0x0000000029200000)]
  0x0000000026250800 JavaThread "Prism Font Disposer" daemon [_thread_blocked, id=16540, stack(0x0000000028200000,0x0000000028300000)]
  0x000000001f654800 JavaThread "Thread-3" daemon [_thread_in_native, id=22584, stack(0x0000000024c90000,0x0000000024d90000)]
  0x000000001f653000 JavaThread "JavaFX-Launcher" [_thread_blocked, id=11176, stack(0x0000000024d90000,0x0000000024e90000)]
=>0x000000001f5c5800 JavaThread "JavaFX Application Thread" [_thread_in_native, id=17816, stack(0x00000000201c0000,0x00000000202c0000)]
  0x000000001f5c4800 JavaThread "Thread-1" daemon [_thread_blocked, id=3300, stack(0x00000000200c0000,0x00000000201c0000)]
  0x000000001f581000 JavaThread "QuantumRenderer-0" daemon [_thread_blocked, id=6948, stack(0x000000001fd10000,0x000000001fe10000)]
  0x000000001e7a1800 JavaThread "Service Thread" daemon [_thread_blocked, id=11844, stack(0x000000001f310000,0x000000001f410000)]
  0x000000001e715000 JavaThread "C1 CompilerThread3" daemon [_thread_blocked, id=18036, stack(0x000000001f210000,0x000000001f310000)]
  0x000000001e711000 JavaThread "C2 CompilerThread2" daemon [_thread_blocked, id=17052, stack(0x000000001f110000,0x000000001f210000)]
  0x000000001e70d000 JavaThread "C2 CompilerThread1" daemon [_thread_blocked, id=6008, stack(0x000000001f010000,0x000000001f110000)]
  0x000000001e709000 JavaThread "C2 CompilerThread0" daemon [_thread_blocked, id=16800, stack(0x000000001ef10000,0x000000001f010000)]
  0x000000001e707000 JavaThread "Attach Listener" daemon [_thread_blocked, id=23340, stack(0x000000001ee10000,0x000000001ef10000)]
  0x000000001c80e800 JavaThread "Signal Dispatcher" daemon [_thread_blocked, id=2660, stack(0x000000001ed10000,0x000000001ee10000)]
  0x0000000002dbd800 JavaThread "Finalizer" daemon [_thread_blocked, id=18900, stack(0x000000001eae0000,0x000000001ebe0000)]
  0x0000000002db6800 JavaThread "Reference Handler" daemon [_thread_blocked, id=21204, stack(0x000000001e5e0000,0x000000001e6e0000)]
  0x0000000002cbe000 JavaThread "main" [_thread_blocked, id=16952, stack(0x0000000002b60000,0x0000000002c60000)]

Other Threads:
  0x000000001c7f9800 VMThread [stack: 0x000000001e4e0000,0x000000001e5e0000] [id=14164]
  0x000000001e7cc800 WatcherThread [stack: 0x000000001f410000,0x000000001f510000] [id=16496]

VM state:not at safepoint (normal execution)

VM Mutex/Monitor currently owned by a thread: None

Heap:
 PSYoungGen      total 998912K, used 473108K [0x000000076b300000, 0x00000007ab900000, 0x00000007c0000000)
  eden space 998400K, 47% used [0x000000076b300000,0x00000007880c5338,0x00000007a8200000)
  from space 512K, 50% used [0x00000007ab880000,0x00000007ab8c0000,0x00000007ab900000)
  to   space 22016K, 0% used [0x00000007a8e00000,0x00000007a8e00000,0x00000007aa380000)
 ParOldGen       total 130048K, used 36094K [0x00000006c1800000, 0x00000006c9700000, 0x000000076b300000)
  object space 130048K, 27% used [0x00000006c1800000,0x00000006c3b3fb30,0x00000006c9700000)
 Metaspace       used 30255K, capacity 31775K, committed 32000K, reserved 1077248K
  class space    used 3947K, capacity 4267K, committed 4352K, reserved 1048576K

Card table byte_map: [0x0000000012180000,0x0000000012980000] byte_map_base: 0x000000000eb74000

Marking Bits: (ParMarkBitMap*) 0x000000005eb5a6c0
 Begin Bits: [0x00000000136d0000, 0x0000000017670000)
 End Bits:   [0x0000000017670000, 0x000000001b610000)

Polling page: 0x00000000011c0000

CodeCache: size=245760Kb used=16561Kb max_used=16624Kb free=229198Kb
 bounds [0x0000000002dc0000, 0x0000000003e20000, 0x0000000011dc0000]
 total_blobs=6017 nmethods=5155 adapters=773
 compilation: enabled

Compilation events (10 events):
Event: 33.289 Thread 0x000000001e711000 nmethod 5949 0x0000000003dda090 code [0x0000000003dda2a0, 0x0000000003ddbe88]
Event: 33.335 Thread 0x000000001e709000 nmethod 5950 0x0000000003ddd5d0 code [0x0000000003ddd920, 0x0000000003ddfd80]
Event: 33.600 Thread 0x000000001e715000 5951       3       sun.misc.FloatingDecimal$BinaryToASCIIBuffer::dtoa (1509 bytes)
Event: 33.607 Thread 0x000000001e715000 nmethod 5951 0x0000000003de20d0 code [0x0000000003de2520, 0x0000000003de4d38]
Event: 33.624 Thread 0x000000001e715000 5952       1       java.util.concurrent.ThreadPoolExecutor::beforeExecute (1 bytes)
Event: 33.624 Thread 0x000000001e715000 nmethod 5952 0x0000000003dc1390 code [0x0000000003dc14e0, 0x0000000003dc15f0]
Event: 34.280 Thread 0x000000001e70d000 5953   !   4       com.sun.javafx.sg.prism.NGNode::accumulateGroupDirtyRegion (652 bytes)
Event: 34.710 Thread 0x000000001e70d000 nmethod 5953 0x0000000003df6810 code [0x0000000003df6fe0, 0x0000000003e05fd0]
Event: 34.873 Thread 0x000000001e711000 5954       4       javafx.scene.Node::impl_getPeer (57 bytes)
Event: 34.874 Thread 0x000000001e711000 nmethod 5954 0x0000000003d06f90 code [0x0000000003d070c0, 0x0000000003d07178]

GC Heap History (10 events):
Event: 18.928 GC heap before
{Heap before GC invocations=13 (full 1):
 PSYoungGen      total 494080K, used 468672K [0x000000076b300000, 0x0000000794380000, 0x00000007c0000000)
  eden space 468480K, 100% used [0x000000076b300000,0x0000000787c80000,0x0000000787c80000)
  from space 25600K, 0% used [0x0000000787c80000,0x0000000787cb0000,0x0000000789580000)
  to   space 25600K, 0% used [0x0000000792a80000,0x0000000792a80000,0x0000000794380000)
 ParOldGen       total 130048K, used 35790K [0x00000006c1800000, 0x00000006c9700000, 0x000000076b300000)
  object space 130048K, 27% used [0x00000006c1800000,0x00000006c3af3b10,0x00000006c9700000)
 Metaspace       used 30119K, capacity 31567K, committed 31744K, reserved 1077248K
  class space    used 3946K, capacity 4267K, committed 4352K, reserved 1048576K
Event: 18.951 GC heap after
Heap after GC invocations=13 (full 1):
 PSYoungGen      total 647168K, used 256K [0x000000076b300000, 0x0000000794800000, 0x00000007c0000000)
  eden space 621568K, 0% used [0x000000076b300000,0x000000076b300000,0x0000000791200000)
  from space 25600K, 1% used [0x0000000792a80000,0x0000000792ac0000,0x0000000794380000)
  to   space 25088K, 0% used [0x0000000791200000,0x0000000791200000,0x0000000792a80000)
 ParOldGen       total 130048K, used 35822K [0x00000006c1800000, 0x00000006c9700000, 0x000000076b300000)
  object space 130048K, 27% used [0x00000006c1800000,0x00000006c3afbb10,0x00000006c9700000)
 Metaspace       used 30119K, capacity 31567K, committed 31744K, reserved 1077248K
  class space    used 3946K, capacity 4267K, committed 4352K, reserved 1048576K
}
Event: 20.144 GC heap before
{Heap before GC invocations=14 (full 1):
 PSYoungGen      total 647168K, used 621824K [0x000000076b300000, 0x0000000794800000, 0x00000007c0000000)
  eden space 621568K, 100% used [0x000000076b300000,0x0000000791200000,0x0000000791200000)
  from space 25600K, 1% used [0x0000000792a80000,0x0000000792ac0000,0x0000000794380000)
  to   space 25088K, 0% used [0x0000000791200000,0x0000000791200000,0x0000000792a80000)
 ParOldGen       total 130048K, used 35822K [0x00000006c1800000, 0x00000006c9700000, 0x000000076b300000)
  object space 130048K, 27% used [0x00000006c1800000,0x00000006c3afbb10,0x00000006c9700000)
 Metaspace       used 30120K, capacity 31567K, committed 31744K, reserved 1077248K
  class space    used 3946K, capacity 4267K, committed 4352K, reserved 1048576K
Event: 20.147 GC heap after
Heap after GC invocations=14 (full 1):
 PSYoungGen      total 646656K, used 256K [0x000000076b300000, 0x000000079f700000, 0x00000007c0000000)
  eden space 621568K, 0% used [0x000000076b300000,0x000000076b300000,0x0000000791200000)
  from space 25088K, 1% used [0x0000000791200000,0x0000000791240000,0x0000000792a80000)
  to   space 24576K, 0% used [0x000000079df00000,0x000000079df00000,0x000000079f700000)
 ParOldGen       total 130048K, used 35998K [0x00000006c1800000, 0x00000006c9700000, 0x000000076b300000)
  object space 130048K, 27% used [0x00000006c1800000,0x00000006c3b27b20,0x00000006c9700000)
 Metaspace       used 30120K, capacity 31567K, committed 31744K, reserved 1077248K
  class space    used 3946K, capacity 4267K, committed 4352K, reserved 1048576K
}
Event: 21.289 GC heap before
{Heap before GC invocations=15 (full 1):
 PSYoungGen      total 646656K, used 621824K [0x000000076b300000, 0x000000079f700000, 0x00000007c0000000)
  eden space 621568K, 100% used [0x000000076b300000,0x0000000791200000,0x0000000791200000)
  from space 25088K, 1% used [0x0000000791200000,0x0000000791240000,0x0000000792a80000)
  to   space 24576K, 0% used [0x000000079df00000,0x000000079df00000,0x000000079f700000)
 ParOldGen       total 130048K, used 35998K [0x00000006c1800000, 0x00000006c9700000, 0x000000076b300000)
  object space 130048K, 27% used [0x00000006c1800000,0x00000006c3b27b20,0x00000006c9700000)
 Metaspace       used 30149K, capacity 31631K, committed 31744K, reserved 1077248K
  class space    used 3946K, capacity 4267K, committed 4352K, reserved 1048576K
Event: 21.307 GC heap after
Heap after GC invocations=15 (full 1):
 PSYoungGen      total 832512K, used 224K [0x000000076b300000, 0x000000079fd80000, 0x00000007c0000000)
  eden space 807936K, 0% used [0x000000076b300000,0x000000076b300000,0x000000079c800000)
  from space 24576K, 0% used [0x000000079df00000,0x000000079df38000,0x000000079f700000)
  to   space 23552K, 0% used [0x000000079c800000,0x000000079c800000,0x000000079df00000)
 ParOldGen       total 130048K, used 36022K [0x00000006c1800000, 0x00000006c9700000, 0x000000076b300000)
  object space 130048K, 27% used [0x00000006c1800000,0x00000006c3b2db20,0x00000006c9700000)
 Metaspace       used 30149K, capacity 31631K, committed 31744K, reserved 1077248K
  class space    used 3946K, capacity 4267K, committed 4352K, reserved 1048576K
}
Event: 22.384 GC heap before
{Heap before GC invocations=16 (full 1):
 PSYoungGen      total 832512K, used 808160K [0x000000076b300000, 0x000000079fd80000, 0x00000007c0000000)
  eden space 807936K, 100% used [0x000000076b300000,0x000000079c800000,0x000000079c800000)
  from space 24576K, 0% used [0x000000079df00000,0x000000079df38000,0x000000079f700000)
  to   space 23552K, 0% used [0x000000079c800000,0x000000079c800000,0x000000079df00000)
 ParOldGen       total 130048K, used 36022K [0x00000006c1800000, 0x00000006c9700000, 0x000000076b300000)
  object space 130048K, 27% used [0x00000006c1800000,0x00000006c3b2db20,0x00000006c9700000)
 Metaspace       used 30160K, capacity 31631K, committed 31744K, reserved 1077248K
  class space    used 3946K, capacity 4267K, committed 4352K, reserved 1048576K
Event: 22.387 GC heap after
Heap after GC invocations=16 (full 1):
 PSYoungGen      total 831488K, used 224K [0x000000076b300000, 0x00000007acf00000, 0x00000007c0000000)
  eden space 807936K, 0% used [0x000000076b300000,0x000000076b300000,0x000000079c800000)
  from space 23552K, 0% used [0x000000079c800000,0x000000079c838000,0x000000079df00000)
  to   space 23040K, 0% used [0x00000007ab880000,0x00000007ab880000,0x00000007acf00000)
 ParOldGen       total 130048K, used 36086K [0x00000006c1800000, 0x00000006c9700000, 0x000000076b300000)
  object space 130048K, 27% used [0x00000006c1800000,0x00000006c3b3db30,0x00000006c9700000)
 Metaspace       used 30160K, capacity 31631K, committed 31744K, reserved 1077248K
  class space    used 3946K, capacity 4267K, committed 4352K, reserved 1048576K
}
Event: 26.555 GC heap before
{Heap before GC invocations=17 (full 1):
 PSYoungGen      total 831488K, used 808160K [0x000000076b300000, 0x00000007acf00000, 0x00000007c0000000)
  eden space 807936K, 100% used [0x000000076b300000,0x000000079c800000,0x000000079c800000)
  from space 23552K, 0% used [0x000000079c800000,0x000000079c838000,0x000000079df00000)
  to   space 23040K, 0% used [0x00000007ab880000,0x00000007ab880000,0x00000007acf00000)
 ParOldGen       total 130048K, used 36086K [0x00000006c1800000, 0x00000006c9700000, 0x000000076b300000)
  object space 130048K, 27% used [0x00000006c1800000,0x00000006c3b3db30,0x00000006c9700000)
 Metaspace       used 30207K, capacity 31695K, committed 32000K, reserved 1077248K
  class space    used 3946K, capacity 4267K, committed 4352K, reserved 1048576K
Event: 26.556 GC heap after
Heap after GC invocations=17 (full 1):
 PSYoungGen      total 998912K, used 256K [0x000000076b300000, 0x00000007ab900000, 0x00000007c0000000)
  eden space 998400K, 0% used [0x000000076b300000,0x000000076b300000,0x00000007a8200000)
  from space 512K, 50% used [0x00000007ab880000,0x00000007ab8c0000,0x00000007ab900000)
  to   space 22016K, 0% used [0x00000007a8e00000,0x00000007a8e00000,0x00000007aa380000)
 ParOldGen       total 130048K, used 36094K [0x00000006c1800000, 0x00000006c9700000, 0x000000076b300000)
  object space 130048K, 27% used [0x00000006c1800000,0x00000006c3b3fb30,0x00000006c9700000)
 Metaspace       used 30207K, capacity 31695K, committed 32000K, reserved 1077248K
  class space    used 3946K, capacity 4267K, committed 4352K, reserved 1048576K
}

Deoptimization events (10 events):
Event: 15.733 Thread 0x000000001f5c5800 Uncommon trap: reason=bimorphic action=maybe_recompile pc=0x000000000363786c method=com.sun.javafx.event.EventHandlerManager.fixEventSource(Ljavafx/event/Event;Ljava/lang/Object;)Ljavafx/event/Event; @ 1
Event: 15.733 Thread 0x000000001f5c5800 Uncommon trap: reason=bimorphic action=maybe_recompile pc=0x000000000361c158 method=com.sun.javafx.event.EventHandlerManager.fixEventSource(Ljavafx/event/Event;Ljava/lang/Object;)Ljavafx/event/Event; @ 1
Event: 15.733 Thread 0x000000001f5c5800 Uncommon trap: reason=bimorphic action=maybe_recompile pc=0x000000000363786c method=com.sun.javafx.event.EventHandlerManager.fixEventSource(Ljavafx/event/Event;Ljava/lang/Object;)Ljavafx/event/Event; @ 1
Event: 17.887 Thread 0x000000001f581000 Uncommon trap: reason=unstable_if action=reinterpret pc=0x0000000003ca80a4 method=com.sun.javafx.sg.prism.NGNode.markCullRegions(Lcom/sun/javafx/geom/DirtyRegionContainer;ILcom/sun/javafx/geom/transform/BaseTransform;Lcom/sun/javafx/geom/transform/General
Event: 17.887 Thread 0x000000001f581000 Uncommon trap: reason=unstable_if action=reinterpret pc=0x0000000003c361a4 method=com.sun.javafx.sg.prism.NGNode.markCullRegions(Lcom/sun/javafx/geom/DirtyRegionContainer;ILcom/sun/javafx/geom/transform/BaseTransform;Lcom/sun/javafx/geom/transform/General
Event: 17.887 Thread 0x000000001f581000 Uncommon trap: reason=unstable_if action=reinterpret pc=0x0000000003bf8d9c method=com.sun.javafx.sg.prism.NGNode.checkBoundsInQuad(Lcom/sun/javafx/geom/RectBounds;Lcom/sun/javafx/geom/RectBounds;Lcom/sun/javafx/geom/transform/BaseTransform;Lcom/sun/javafx
Event: 17.888 Thread 0x000000001f581000 Uncommon trap: reason=unstable_if action=reinterpret pc=0x0000000003c877c4 method=com.sun.prism.impl.BaseContext.updateMaskTexture(Lcom/sun/prism/impl/shape/MaskData;Lcom/sun/javafx/geom/RectBounds;Z)V @ 442
Event: 17.903 Thread 0x000000001f581000 Uncommon trap: reason=unstable_if action=reinterpret pc=0x0000000003c7197c method=com.sun.javafx.sg.prism.NGNode.checkBoundsInQuad(Lcom/sun/javafx/geom/RectBounds;Lcom/sun/javafx/geom/RectBounds;Lcom/sun/javafx/geom/transform/BaseTransform;Lcom/sun/javafx
Event: 17.940 Thread 0x000000001f5c5800 Uncommon trap: reason=class_check action=maybe_recompile pc=0x00000000036271c8 method=com.sun.javafx.event.EventDispatchChainImpl.insertFirst(Ljavafx/event/EventDispatcher;)V @ 9
Event: 23.303 Thread 0x000000001f8f9000 Uncommon trap: reason=class_check action=maybe_recompile pc=0x0000000003d5cf8c method=sun.net.www.MeteredStream.justRead(J)V @ 105

Internal exceptions (10 events):
Event: 8.876 Thread 0x000000001f5c5800 Exception <a 'java/io/FileNotFoundException'> (0x0000000770ee8280) thrown at [C:\re\workspace\8-2-build-windows-amd64-cygwin\jdk8u111\7883\hotspot\src\share\vm\prims\jni.cpp, line 709]
Event: 8.898 Thread 0x000000001f8fa800 Exception <a 'java/lang/ClassNotFoundException': sun/net/www/protocol/data/Handler> (0x000000076f9fa438) thrown at [C:\re\workspace\8-2-build-windows-amd64-cygwin\jdk8u111\7883\hotspot\src\share\vm\classfile\systemDictionary.cpp, line 210]
Event: 8.898 Thread 0x000000002685b800 Exception <a 'java/lang/ClassNotFoundException': sun/net/www/protocol/data/Handler> (0x000000076f7fe2b8) thrown at [C:\re\workspace\8-2-build-windows-amd64-cygwin\jdk8u111\7883\hotspot\src\share\vm\classfile\systemDictionary.cpp, line 210]
Event: 8.899 Thread 0x000000001f8fa800 Exception <a 'java/lang/ClassNotFoundException': sun/net/www/protocol/data/Handler> (0x000000076fa00928) thrown at [C:\re\workspace\8-2-build-windows-amd64-cygwin\jdk8u111\7883\hotspot\src\share\vm\classfile\systemDictionary.cpp, line 210]
Event: 8.899 Thread 0x000000002685b800 Exception <a 'java/lang/ClassNotFoundException': sun/net/www/protocol/data/Handler> (0x000000076f803d30) thrown at [C:\re\workspace\8-2-build-windows-amd64-cygwin\jdk8u111\7883\hotspot\src\share\vm\classfile\systemDictionary.cpp, line 210]
Event: 8.955 Thread 0x000000001f902000 Implicit null exception at 0x0000000003684f9a to 0x000000000368508a
Event: 8.955 Thread 0x000000001f902000 Exception <a 'java/lang/NullPointerException'> (0x0000000771255318) thrown at [C:\re\workspace\8-2-build-windows-amd64-cygwin\jdk8u111\7883\hotspot\src\share\vm\runtime\sharedRuntime.cpp, line 605]
Event: 9.094 Thread 0x0000000026858800 Exception <a 'java/lang/ClassNotFoundException': sun/net/www/protocol/data/Handler> (0x000000076f983118) thrown at [C:\re\workspace\8-2-build-windows-amd64-cygwin\jdk8u111\7883\hotspot\src\share\vm\classfile\systemDictionary.cpp, line 210]
Event: 9.095 Thread 0x0000000026858800 Exception <a 'java/lang/ClassNotFoundException': sun/net/www/protocol/data/Handler> (0x000000076f9873d0) thrown at [C:\re\workspace\8-2-build-windows-amd64-cygwin\jdk8u111\7883\hotspot\src\share\vm\classfile\systemDictionary.cpp, line 210]
Event: 9.768 Thread 0x000000001f5c5800 Exception <a 'java/lang/ClassNotFoundException': sun/net/www/protocol/about/Handler> (0x000000076d2d5818) thrown at [C:\re\workspace\8-2-build-windows-amd64-cygwin\jdk8u111\7883\hotspot\src\share\vm\classfile\systemDictionary.cpp, line 210]

Events (10 events):
Event: 35.930 Executing VM operation: RevokeBias done
Event: 35.931 Executing VM operation: BulkRevokeBias
Event: 35.932 Executing VM operation: BulkRevokeBias done
Event: 35.943 Thread 0x000000001f8f8000 Thread added: 0x000000001f8f8000
Event: 35.943 Thread 0x000000001f8f8000 Thread exited: 0x000000001f8f8000
Event: 35.985 Thread 0x000000001f8fb000 Thread added: 0x000000001f8fb000
Event: 35.985 Thread 0x000000001f8fb000 Thread exited: 0x000000001f8fb000
Event: 36.019 Thread 0x000000001f8ff000 Thread exited: 0x000000001f8ff000
Event: 36.023 Thread 0x000000001f8fa800 Thread added: 0x000000001f8fa800
Event: 36.023 Thread 0x000000001f8fa800 Thread exited: 0x000000001f8fa800


Dynamic libraries:
0x00007ff791970000 - 0x00007ff7919a7000 	C:\Program Files\Java\jdk1.8.0_111\jre\bin\java.exe
0x00007ffd6b1f0000 - 0x00007ffd6b3e5000 	C:\WINDOWS\SYSTEM32\ntdll.dll
0x00007ffd69f00000 - 0x00007ffd69fbd000 	C:\WINDOWS\System32\KERNEL32.DLL
0x00007ffd68d20000 - 0x00007ffd68fe9000 	C:\WINDOWS\System32\KERNELBASE.dll
0x00007ffd6ac50000 - 0x00007ffd6acfc000 	C:\WINDOWS\System32\ADVAPI32.dll
0x00007ffd6b110000 - 0x00007ffd6b1ae000 	C:\WINDOWS\System32\msvcrt.dll
0x00007ffd6aba0000 - 0x00007ffd6ac3c000 	C:\WINDOWS\System32\sechost.dll
0x00007ffd69db0000 - 0x00007ffd69edb000 	C:\WINDOWS\System32\RPCRT4.dll
0x00007ffd69250000 - 0x00007ffd693f0000 	C:\WINDOWS\System32\USER32.dll
0x00007ffd691c0000 - 0x00007ffd691e2000 	C:\WINDOWS\System32\win32u.dll
0x00007ffd693f0000 - 0x00007ffd6941a000 	C:\WINDOWS\System32\GDI32.dll
0x00007ffd68ab0000 - 0x00007ffd68bbb000 	C:\WINDOWS\System32\gdi32full.dll
0x00007ffd69120000 - 0x00007ffd691bd000 	C:\WINDOWS\System32\msvcp_win.dll
0x00007ffd68930000 - 0x00007ffd68a30000 	C:\WINDOWS\System32\ucrtbase.dll
0x00007ffd558b0000 - 0x00007ffd55b4a000 	C:\WINDOWS\WinSxS\amd64_microsoft.windows.common-controls_6595b64144ccf1df_6.0.19041.844_none_ca00b6081b84eb1d\COMCTL32.dll
0x00007ffd69a20000 - 0x00007ffd69a50000 	C:\WINDOWS\System32\IMM32.DLL
0x000000005e260000 - 0x000000005e332000 	C:\Program Files\Java\jdk1.8.0_111\jre\bin\msvcr100.dll
0x000000005e340000 - 0x000000005ebda000 	C:\Program Files\Java\jdk1.8.0_111\jre\bin\server\jvm.dll
0x00007ffd6ad00000 - 0x00007ffd6ad08000 	C:\WINDOWS\System32\PSAPI.DLL
0x00007ffd53580000 - 0x00007ffd53589000 	C:\WINDOWS\SYSTEM32\WSOCK32.dll
0x00007ffd60580000 - 0x00007ffd6058a000 	C:\WINDOWS\SYSTEM32\VERSION.dll
0x00007ffd57800000 - 0x00007ffd57827000 	C:\WINDOWS\SYSTEM32\WINMM.dll
0x00007ffd6af80000 - 0x00007ffd6afeb000 	C:\WINDOWS\System32\WS2_32.dll
0x000000005e210000 - 0x000000005e21f000 	C:\Program Files\Java\jdk1.8.0_111\jre\bin\verify.dll
0x000000005e1e0000 - 0x000000005e209000 	C:\Program Files\Java\jdk1.8.0_111\jre\bin\java.dll
0x000000005e1c0000 - 0x000000005e1d6000 	C:\Program Files\Java\jdk1.8.0_111\jre\bin\zip.dll
0x00007ffd6a2a0000 - 0x00007ffd6a9e2000 	C:\WINDOWS\System32\SHELL32.dll
0x00007ffd66a70000 - 0x00007ffd67200000 	C:\WINDOWS\SYSTEM32\windows.storage.dll
0x00007ffd69a50000 - 0x00007ffd69da5000 	C:\WINDOWS\System32\combase.dll
0x00007ffd683a0000 - 0x00007ffd683cc000 	C:\WINDOWS\SYSTEM32\Wldp.dll
0x00007ffd6ad70000 - 0x00007ffd6ae1e000 	C:\WINDOWS\System32\SHCORE.dll
0x00007ffd6aa90000 - 0x00007ffd6aae5000 	C:\WINDOWS\System32\shlwapi.dll
0x00007ffd68870000 - 0x00007ffd6888f000 	C:\WINDOWS\SYSTEM32\profapi.dll
0x00007ffd1f650000 - 0x00007ffd1f73f000 	C:\Program Files\Java\jdk1.8.0_111\jre\bin\msvcr120.dll
0x00007ffd1f5a0000 - 0x00007ffd1f646000 	C:\Program Files\Java\jdk1.8.0_111\jre\bin\msvcp120.dll
0x000000005d3b0000 - 0x000000005d3d2000 	C:\Program Files\Java\jdk1.8.0_111\jre\bin\prism_d3d.dll
0x00007ffd239f0000 - 0x00007ffd23bbf000 	C:\WINDOWS\system32\d3d9.dll
0x00007ffd67210000 - 0x00007ffd67222000 	C:\WINDOWS\SYSTEM32\kernel.appcore.dll
0x00007ffd661f0000 - 0x00007ffd6621f000 	C:\WINDOWS\SYSTEM32\dwmapi.dll
0x00007ffd65710000 - 0x00007ffd657ae000 	C:\WINDOWS\system32\uxtheme.dll
0x00007ffd22d00000 - 0x00007ffd22e65000 	C:\WINDOWS\System32\DriverStore\FileRepository\iigd_dch.inf_amd64_0f2250737b8ab5a6\igdumdim64.dll
0x00007ffd69480000 - 0x00007ffd695aa000 	C:\WINDOWS\System32\ole32.dll
0x00007ffcf8de0000 - 0x00007ffcfd71d000 	C:\WINDOWS\System32\DriverStore\FileRepository\iigd_dch.inf_amd64_0f2250737b8ab5a6\igd9dxva64.dll
0x00007ffd6a1d0000 - 0x00007ffd6a29d000 	C:\WINDOWS\System32\OLEAUT32.dll
0x00007ffd695b0000 - 0x00007ffd69a19000 	C:\WINDOWS\System32\SETUPAPI.dll
0x00007ffd68a60000 - 0x00007ffd68aae000 	C:\WINDOWS\System32\cfgmgr32.dll
0x00007ffd68a30000 - 0x00007ffd68a57000 	C:\WINDOWS\System32\bcrypt.dll
0x00007ffd5c0a0000 - 0x00007ffd5c368000 	C:\WINDOWS\System32\DriverStore\FileRepository\iigd_dch.inf_amd64_0f2250737b8ab5a6\igdgmm64.dll
0x000000005d360000 - 0x000000005d3a3000 	C:\Program Files\Java\jdk1.8.0_111\jre\bin\glass.dll
0x00007ffd6ae20000 - 0x00007ffd6aefa000 	C:\WINDOWS\System32\COMDLG32.dll
0x00007ffd6aff0000 - 0x00007ffd6b105000 	C:\WINDOWS\System32\MSCTF.dll
0x00007ffd690a0000 - 0x00007ffd69120000 	C:\WINDOWS\System32\bcryptPrimitives.dll
0x00007ffd4e800000 - 0x00007ffd4e827000 	C:\WINDOWS\System32\DriverStore\FileRepository\iigd_dch.inf_amd64_0f2250737b8ab5a6\igdinfo64.dll
0x00007ffd59240000 - 0x00007ffd5bde2000 	C:\WINDOWS\System32\DriverStore\FileRepository\iigd_dch.inf_amd64_0f2250737b8ab5a6\igc64.dll
0x00007ffd5ec90000 - 0x00007ffd5eccb000 	C:\WINDOWS\SYSTEM32\dxcore.dll
0x000000005d340000 - 0x000000005d354000 	C:\Program Files\Java\jdk1.8.0_111\jre\bin\javafx_font.dll
0x00007ffd56150000 - 0x00007ffd563cf000 	C:\WINDOWS\SYSTEM32\dwrite.dll
0x00007ffd6aaf0000 - 0x00007ffd6ab99000 	C:\WINDOWS\System32\clbcatq.dll
0x00007ffd60840000 - 0x00007ffd609f4000 	C:\WINDOWS\SYSTEM32\WindowsCodecs.dll
0x00007ffd54210000 - 0x00007ffd5424e000 	C:\WINDOWS\system32\dataexchange.dll
0x00007ffd64b80000 - 0x00007ffd64d67000 	C:\WINDOWS\system32\dcomp.dll
0x00007ffd63ef0000 - 0x00007ffd64154000 	C:\WINDOWS\system32\d3d11.dll
0x00007ffd673a0000 - 0x00007ffd67493000 	C:\WINDOWS\system32\dxgi.dll
0x00007ffd60a00000 - 0x00007ffd60c01000 	C:\WINDOWS\system32\twinapi.appcore.dll
0x00007ffd5ce90000 - 0x00007ffd5cec4000 	C:\Program Files\Common Files\Microsoft Shared\Ink\rtscom.dll
0x00007ffd5ea10000 - 0x00007ffd5eb0b000 	C:\WINDOWS\SYSTEM32\textinputframework.dll
0x00007ffd650f0000 - 0x00007ffd6544e000 	C:\WINDOWS\System32\CoreUIComponents.dll
0x00007ffd65450000 - 0x00007ffd65542000 	C:\WINDOWS\System32\CoreMessaging.dll
0x00007ffd63d90000 - 0x00007ffd63ee4000 	C:\WINDOWS\SYSTEM32\wintypes.dll
0x00007ffd67680000 - 0x00007ffd676b3000 	C:\WINDOWS\SYSTEM32\ntmarta.dll
0x000000005d320000 - 0x000000005d331000 	C:\Program Files\Java\jdk1.8.0_111\jre\bin\prism_common.dll
0x000000005e1a0000 - 0x000000005e1ba000 	C:\Program Files\Java\jdk1.8.0_111\jre\bin\net.dll
0x00007ffd68120000 - 0x00007ffd6818a000 	C:\WINDOWS\system32\mswsock.dll
0x00007ffd67e10000 - 0x00007ffd67edb000 	C:\WINDOWS\SYSTEM32\DNSAPI.dll
0x00007ffd67dc0000 - 0x00007ffd67dfb000 	C:\WINDOWS\SYSTEM32\IPHLPAPI.DLL
0x00007ffd6ac40000 - 0x00007ffd6ac48000 	C:\WINDOWS\System32\NSI.dll
0x0000000060540000 - 0x0000000060566000 	C:\Program Files\Bonjour\mdnsNSP.dll
0x00007ffd554f0000 - 0x00007ffd554fa000 	C:\Windows\System32\rasadhlp.dll
0x00007ffd55550000 - 0x00007ffd555cf000 	C:\WINDOWS\System32\fwpuclnt.dll
0x000000005ded0000 - 0x000000005def4000 	C:\Program Files\Java\jdk1.8.0_111\jre\bin\sunec.dll
0x000000005dec0000 - 0x000000005decb000 	C:\Program Files\Java\jdk1.8.0_111\jre\bin\sunmscapi.dll
0x00007ffd68bc0000 - 0x00007ffd68d1f000 	C:\WINDOWS\System32\CRYPT32.dll
0x000000005d2f0000 - 0x000000005d313000 	C:\Program Files\Java\jdk1.8.0_111\jre\bin\javafx_iio.dll
0x000000005ad50000 - 0x000000005d2e1000 	C:\Program Files\Java\jdk1.8.0_111\jre\bin\jfxwebkit.dll
0x00007ffd682f0000 - 0x00007ffd68308000 	C:\WINDOWS\SYSTEM32\CRYPTSP.dll
0x00007ffd67a50000 - 0x00007ffd67a84000 	C:\WINDOWS\system32\rsaenh.dll
0x00007ffd68310000 - 0x00007ffd6831c000 	C:\WINDOWS\SYSTEM32\CRYPTBASE.dll
0x000000005e180000 - 0x000000005e191000 	C:\Program Files\Java\jdk1.8.0_111\jre\bin\nio.dll
0x00007ffd687f0000 - 0x00007ffd6881e000 	C:\WINDOWS\SYSTEM32\USERENV.dll
0x00007ffd610c0000 - 0x00007ffd610d7000 	C:\WINDOWS\SYSTEM32\dhcpcsvc6.DLL
0x00007ffd61200000 - 0x00007ffd6121d000 	C:\WINDOWS\SYSTEM32\dhcpcsvc.DLL
0x000000005acd0000 - 0x000000005ad43000 	C:\Program Files\Java\jdk1.8.0_111\jre\bin\glib-lite.dll
0x000000005ac30000 - 0x000000005accc000 	C:\Program Files\Java\jdk1.8.0_111\jre\bin\gstreamer-lite.dll
0x00007ffd57010000 - 0x00007ffd570ac000 	C:\WINDOWS\SYSTEM32\DSOUND.dll
0x00007ffd67ee0000 - 0x00007ffd67f2b000 	C:\WINDOWS\SYSTEM32\powrprof.dll
0x00007ffd4afc0000 - 0x00007ffd4afe6000 	C:\WINDOWS\SYSTEM32\winmmbase.dll
0x00007ffd67da0000 - 0x00007ffd67db2000 	C:\WINDOWS\SYSTEM32\UMPDC.dll
0x000000005ac00000 - 0x000000005ac25000 	C:\Program Files\Java\jdk1.8.0_111\jre\bin\jfxmedia.dll
0x000000005dfe0000 - 0x000000005e178000 	C:\Program Files\Java\jdk1.8.0_111\jre\bin\awt.dll
0x00007ffd65680000 - 0x00007ffd65710000 	C:\WINDOWS\SYSTEM32\apphelp.dll
0x00007ffd68820000 - 0x00007ffd6885c000 	C:\WINDOWS\SYSTEM32\SspiCli.dll
0x000000005abc0000 - 0x000000005abf1000 	C:\Program Files\Java\jdk1.8.0_111\jre\bin\fxplugins.dll
0x00007ffd2bcb0000 - 0x00007ffd2bf2b000 	C:\Windows\System32\msmpeg2vdec.dll
0x00007ffd3bc50000 - 0x00007ffd3be0c000 	C:\Windows\System32\MFPlat.DLL
0x00007ffd2bb80000 - 0x00007ffd2bcad000 	C:\Windows\System32\mfperfhelper.dll
0x00007ffd3bfa0000 - 0x00007ffd3bfd0000 	C:\Windows\System32\RTWorkQ.DLL
0x00007ffd57f20000 - 0x00007ffd57f57000 	C:\Windows\System32\CompPkgSup.DLL
0x00007ffd469d0000 - 0x00007ffd46b16000 	C:\Windows\System32\Windows.StateRepositoryPS.dll
0x00007ffd1ef50000 - 0x00007ffd1f057000 	C:\Windows\System32\msmpeg2adec.dll
0x00007ffd61f10000 - 0x00007ffd61f95000 	C:\WINDOWS\System32\MMDevApi.dll
0x00007ffd686e0000 - 0x00007ffd6870c000 	C:\WINDOWS\System32\DEVOBJ.dll
0x00007ffd61fb0000 - 0x00007ffd62135000 	C:\WINDOWS\SYSTEM32\AUDIOSES.DLL
0x00007ffd66100000 - 0x00007ffd66114000 	C:\WINDOWS\SYSTEM32\resourcepolicyclient.dll
0x00007ffd61040000 - 0x00007ffd6104a000 	C:\WINDOWS\SYSTEM32\avrt.dll
0x00007ffd1ed80000 - 0x00007ffd1ef50000 	C:\Windows\System32\quartz.dll
0x00007ffd5c440000 - 0x00007ffd5c581000 	C:\Windows\System32\Windows.UI.dll
0x00007ffd58420000 - 0x00007ffd58572000 	C:\Windows\System32\InputHost.dll
0x00007ffd60c10000 - 0x00007ffd60cb1000 	C:\Windows\System32\WindowManagementAPI.dll
0x00007ffd65ec0000 - 0x00007ffd65fb7000 	C:\Windows\System32\PROPSYS.dll
0x00007ffd66780000 - 0x00007ffd66964000 	C:\WINDOWS\SYSTEM32\dbghelp.dll

VM Arguments:
jvm_args: -Dfile.encoding=UTF-8 
java_command: C:\Users\ahmed\OneDrive\Documents\ArtLife\dist\run519513182\ArtLife.jar
java_class_path (initial): C:\Users\ahmed\OneDrive\Documents\ArtLife\dist\run519513182\ArtLife.jar
Launcher Type: SUN_STANDARD

Environment Variables:
PATH=C:\Program Files (x86)\Common Files\Oracle\Java\javapath;C:\ProgramData\Oracle\Java\javapath;C:\Program Files\Common Files\Oracle\Java\javapath;C:\Program Files (x86)\Common Files\Intel\Shared Libraries\redist\intel64\compiler;C:\WINDOWS\system32;C:\WINDOWS;C:\WINDOWS\System32\Wbem;C:\WINDOWS\System32\WindowsPowerShell\v1.0\;C:\WINDOWS\System32\OpenSSH\;C:\xampp\php;C:\ProgramData\ComposerSetup\bin;C:\Program Files\Git\cmd;C:\Program Files\nodejs\;C:\ProgramData\chocolatey\bin;;C:\Program Files\Symfony;C:\Users\ahmed\AppData\Local\Microsoft\WindowsApps;C:\Users\ahmed\AppData\Local\Programs\Microsoft VS Code\bin;C:\Users\ahmed\AppData\Local\GitHubDesktop\bin;C:\Users\ahmed\AppData\Roaming\Composer\vendor\bin;C:\Users\ahmed\AppData\Roaming\npm
USERNAME=ahmed
OS=Windows_NT
PROCESSOR_IDENTIFIER=Intel64 Family 6 Model 142 Stepping 10, GenuineIntel



---------------  S Y S T E M  ---------------

OS: Windows 10.0 , 64 bit Build 19041 (10.0.19041.804)

CPU:total 8 (4 cores per cpu, 2 threads per core) family 6 model 142 stepping 10, cmov, cx8, fxsr, mmx, sse, sse2, sse3, ssse3, sse4.1, sse4.2, popcnt, avx, avx2, aes, clmul, erms, 3dnowpref, lzcnt, ht, tsc, tscinvbit, bmi1, bmi2, adx

Memory: 4k page, physical 16672380k(3807884k free), swap 26557456k(2721240k free)

vm_info: Java HotSpot(TM) 64-Bit Server VM (25.111-b14) for windows-amd64 JRE (1.8.0_111-b14), built on Sep 22 2016 19:24:05 by "java_re" with MS VC++ 10.0 (VS2010)

time: Thu Mar 25 12:11:49 2021
elapsed time: 36 seconds (0d 0h 0m 36s)

