#
# A fatal error has been detected by the Java Runtime Environment:
#
#  EXCEPTION_ACCESS_VIOLATION (0xc0000005) at pc=0x000000005b9863d3, pid=13288, tid=0x0000000000005290
#
# JRE version: Java(TM) SE Runtime Environment (8.0_111-b14) (build 1.8.0_111-b14)
# Java VM: Java HotSpot(TM) 64-Bit Server VM (25.111-b14 mixed mode windows-amd64 compressed oops)
# Problematic frame:
# C  [jfxwebkit.dll+0xc363d3]
#
# Failed to write core dump. Minidumps are not enabled by default on client versions of Windows
#
# If you would like to submit a bug report, please visit:
#   http://bugreport.java.com/bugreport/crash.jsp
# The crash happened outside the Java Virtual Machine in native code.
# See problematic frame for where to report the bug.
#

---------------  T H R E A D  ---------------

Current thread (0x000000001f420800):  JavaThread "JavaFX Application Thread" [_thread_in_native, id=21136, stack(0x000000001fff0000,0x00000000200f0000)]

siginfo: ExceptionCode=0xc0000005, reading address 0x0000000000000022

Registers:
RAX=0x000000003781c770, RBX=0x000000000000000a, RCX=0x000000000000000a, RDX=0x00000000242795b0
RSP=0x00000000200ec8a0, RBP=0x000000003bf01c30, RSI=0x0000000000000000, RDI=0x000000002cf9ff70
R8 =0x000000002cf9ff70, R9 =0xffff000000000000, R10=0x0000000000000000, R11=0xffff000000000002
R12=0x000000002cf9ff70, R13=0x000000002cf9ff00, R14=0x00000000200ec940, R15=0x0000000031620000
RIP=0x000000005b9863d3, EFLAGS=0x0000000000010206

Top of Stack: (sp=0x00000000200ec8a0)
0x00000000200ec8a0:   000000003b4aa9e0 000000005b918309
0x00000000200ec8b0:   0000000000000000 00007ffd6b21b86b
0x00000000200ec8c0:   0000000031620000 00000000200ec940
0x00000000200ec8d0:   000000002cf9ff70 000000005b986b71
0x00000000200ec8e0:   00000000007803a4 00000000000000f4
0x00000000200ec8f0:   000000003bf01c30 0000000000000000
0x00000000200ec900:   0000000000000000 0000000000000000
0x00000000200ec910:   00000000242795b0 000000005b9823d2
0x00000000200ec920:   00000000200ec9b8 00000000200ec9e9
0x00000000200ec930:   00000000200eca98 000000005e525f4f
0x00000000200ec940:   0000000000000000 0000000000000003
0x00000000200ec950:   0000000000000000 0000000032e1e1b0
0x00000000200ec960:   000000003162be70 000000003bf01c30
0x00000000200ec970:   0000000000000001 000000002cf9ff70
0x00000000200ec980:   00000000242795b0 000000005b986a1e
0x00000000200ec990:   00000000200ecaa0 00000006c35a5650 

Instructions: (pc=0x000000005b9863d3)
0x000000005b9863b3:   41 5c 5f 5e 5d c3 cc cc cc cc cc cc cc 48 89 6c
0x000000005b9863c3:   24 18 48 89 74 24 20 57 41 56 41 57 48 83 ec 20
0x000000005b9863d3:   4c 8b 41 18 4c 8b 79 20 b8 04 00 00 00 4d 63 48
0x000000005b9863e3:   2c 49 63 70 28 48 8b ea 41 2b c1 48 8b f9 c1 e0 


Register to memory mapping:

RAX=0x000000003781c770 is an unknown value
RBX=0x000000000000000a is an unknown value
RCX=0x000000000000000a is an unknown value
RDX=0x00000000242795b0 is an unknown value
RSP=0x00000000200ec8a0 is pointing into the stack for thread: 0x000000001f420800
RBP=0x000000003bf01c30 is an unknown value
RSI=0x0000000000000000 is an unknown value
RDI=0x000000002cf9ff70 is an unknown value
R8 =0x000000002cf9ff70 is an unknown value
R9 =0xffff000000000000 is an unknown value
R10=0x0000000000000000 is an unknown value
R11=0xffff000000000002 is an unknown value
R12=0x000000002cf9ff70 is an unknown value
R13=0x000000002cf9ff00 is an unknown value
R14=0x00000000200ec940 is pointing into the stack for thread: 0x000000001f420800
R15=0x0000000031620000 is an unknown value


Stack: [0x000000001fff0000,0x00000000200f0000],  sp=0x00000000200ec8a0,  free space=1010k
Native frames: (J=compiled Java code, j=interpreted, Vv=VM code, C=native code)
C  [jfxwebkit.dll+0xc363d3]
C  [jfxwebkit.dll+0xc36b71]
C  [jfxwebkit.dll+0xc323d2]
C  [jfxwebkit.dll+0xc36a1e]
C  [jfxwebkit.dll+0xd76d09]
C  [jfxwebkit.dll+0xd71144]
C  [jfxwebkit.dll+0xd67b72]
C  [jfxwebkit.dll+0xd314b3]
C  [jfxwebkit.dll+0xc371de]
C  [jfxwebkit.dll+0xc34946]
C  [jfxwebkit.dll+0xbc8225]
C  [jfxwebkit.dll+0x429490]
C  [jfxwebkit.dll+0x446ff9]
C  [jfxwebkit.dll+0x5b7516]
C  [jfxwebkit.dll+0x5b79dc]
C  [jfxwebkit.dll+0x4294ac]
C  [jfxwebkit.dll+0x44f8ba]
C  [jfxwebkit.dll+0x44f4d7]
C  [jfxwebkit.dll+0x7eca7c]
C  [jfxwebkit.dll+0x8bdf53]
C  0x00000000031bac34

Java frames: (J=compiled Java code, j=interpreted, Vv=VM code)
J 4975  com.sun.webkit.Timer.twkFireTimerEvent()V (0 bytes) @ 0x00000000031babbe [0x00000000031bab80+0x3e]
J 4974 C1 com.sun.webkit.Timer.fireTimerEvent(J)V (65 bytes) @ 0x000000000375809c [0x0000000003757c40+0x45c]
J 4973 C1 com.sun.webkit.Timer.notifyTick()V (29 bytes) @ 0x000000000374a5ac [0x000000000374a340+0x26c]
J 4971 C1 javafx.scene.web.WebEngine$PulseTimer$$Lambda$336.pulse()V (4 bytes) @ 0x00000000030aa864 [0x00000000030aa700+0x164]
J 5375 C2 com.sun.javafx.tk.Toolkit$$Lambda$105.run()Ljava/lang/Object; (8 bytes) @ 0x000000000357cd88 [0x000000000357cd40+0x48]
v  ~StubRoutines::call_stub
J 1109  java.security.AccessController.doPrivileged(Ljava/security/PrivilegedAction;Ljava/security/AccessControlContext;)Ljava/lang/Object; (0 bytes) @ 0x0000000002ff7e66 [0x0000000002ff7e00+0x66]
J 4501 C1 com.sun.javafx.tk.Toolkit.firePulse()V (279 bytes) @ 0x00000000038070d4 [0x00000000038050e0+0x1ff4]
J 4726 C1 com.sun.javafx.tk.quantum.QuantumToolkit.pulse(Z)V (164 bytes) @ 0x00000000038e185c [0x00000000038e1200+0x65c]
J 4426 C1 com.sun.javafx.tk.quantum.QuantumToolkit$$Lambda$42.run()V (8 bytes) @ 0x00000000037d57d4 [0x00000000037d55c0+0x214]
J 3687 C1 com.sun.glass.ui.InvokeLaterDispatcher$Future.run()V (91 bytes) @ 0x0000000002d60054 [0x0000000002d5ff40+0x114]
v  ~StubRoutines::call_stub
j  com.sun.glass.ui.win.WinApplication._runLoop(Ljava/lang/Runnable;)V+0
j  com.sun.glass.ui.win.WinApplication.lambda$null$148(ILjava/lang/Runnable;)V+8
j  com.sun.glass.ui.win.WinApplication$$Lambda$38.run()V+12
j  java.lang.Thread.run()V+11
v  ~StubRoutines::call_stub

---------------  P R O C E S S  ---------------

Java Threads: ( => current thread )
  0x000000001e810000 JavaThread "URL-Loader-40" daemon [_thread_blocked, id=2164, stack(0x000000003cec0000,0x000000003cfc0000)]
  0x000000001e80b000 JavaThread "URL-Loader-39" daemon [_thread_blocked, id=17856, stack(0x0000000038140000,0x0000000038240000)]
  0x00000000290a9000 JavaThread "URL-Loader-38" daemon [_thread_blocked, id=5300, stack(0x00000000378b0000,0x00000000379b0000)]
  0x00000000290a4800 JavaThread "URL-Loader-37" daemon [_thread_blocked, id=22844, stack(0x00000000348a0000,0x00000000349a0000)]
  0x00000000290aa800 JavaThread "URL-Loader-36" daemon [_thread_blocked, id=3596, stack(0x0000000034250000,0x0000000034350000)]
  0x00000000290a3800 JavaThread "URL-Loader-35" daemon [_thread_blocked, id=5556, stack(0x0000000034150000,0x0000000034250000)]
  0x00000000290a6800 JavaThread "URL-Loader-34" daemon [_thread_blocked, id=20664, stack(0x0000000031460000,0x0000000031560000)]
  0x00000000290a8000 JavaThread "URL-Loader-33" daemon [_thread_blocked, id=16408, stack(0x0000000031360000,0x0000000031460000)]
  0x00000000290a5000 JavaThread "URL-Loader-32" daemon [_thread_blocked, id=11332, stack(0x0000000030d90000,0x0000000030e90000)]
  0x00000000290a6000 JavaThread "URL-Loader-31" daemon [_thread_blocked, id=17416, stack(0x0000000031060000,0x0000000031160000)]
  0x00000000290a7800 JavaThread "URL-Loader-30" daemon [_thread_in_native, id=21608, stack(0x000000002f8b0000,0x000000002f9b0000)]
  0x00000000290a3000 JavaThread "URL-Loader-29" daemon [_thread_in_native, id=22048, stack(0x0000000030a20000,0x0000000030b20000)]
  0x000000002909b800 JavaThread "URL-Loader-28" daemon [_thread_blocked, id=6696, stack(0x0000000030880000,0x0000000030980000)]
  0x00000000290a2000 JavaThread "URL-Loader-27" daemon [_thread_blocked, id=1968, stack(0x000000002fc30000,0x000000002fd30000)]
  0x00000000290a1800 JavaThread "URL-Loader-26" daemon [_thread_in_native, id=22208, stack(0x000000002fab0000,0x000000002fbb0000)]
  0x00000000290a0800 JavaThread "URL-Loader-25" daemon [_thread_blocked, id=7600, stack(0x000000002f9b0000,0x000000002fab0000)]
  0x00000000290a0000 JavaThread "URL-Loader-24" daemon [_thread_in_native, id=7372, stack(0x000000002f630000,0x000000002f730000)]
  0x000000002909f000 JavaThread "URL-Loader-23" daemon [_thread_blocked, id=16456, stack(0x000000002f530000,0x000000002f630000)]
  0x000000002909e800 JavaThread "Keep-Alive-Timer" daemon [_thread_blocked, id=14316, stack(0x0000000031260000,0x0000000031360000)]
  0x000000002909d000 JavaThread "URL-Loader-22" daemon [_thread_blocked, id=14680, stack(0x0000000031160000,0x0000000031260000)]
  0x000000002909c000 JavaThread "URL-Loader-21" daemon [_thread_blocked, id=13400, stack(0x0000000030f60000,0x0000000031060000)]
  0x000000002909d800 JavaThread "Media Resource Disposer" daemon [_thread_blocked, id=3300, stack(0x0000000037410000,0x0000000037510000)]
  0x000000001e813800 JavaThread "Thread-8" daemon [_thread_in_native, id=16972, stack(0x0000000034050000,0x0000000034150000)]
  0x0000000028dea800 JavaThread "Watchdog-Timer-1" daemon [_thread_blocked, id=8712, stack(0x000000002f770000,0x000000002f870000)]
  0x0000000028dea000 JavaThread "Disposer" daemon [_thread_blocked, id=8988, stack(0x00000000298b0000,0x00000000299b0000)]
  0x000000001f7c8000 JavaThread "mysql-cj-abandoned-connection-cleanup" daemon [_thread_blocked, id=7308, stack(0x0000000028080000,0x0000000028180000)]
  0x000000001f9db000 JavaThread "Prism Font Disposer" daemon [_thread_blocked, id=22724, stack(0x0000000027180000,0x0000000027280000)]
  0x000000001f4a1000 JavaThread "Thread-3" daemon [_thread_in_native, id=12708, stack(0x0000000024af0000,0x0000000024bf0000)]
  0x000000001f492800 JavaThread "JavaFX-Launcher" [_thread_blocked, id=4852, stack(0x0000000024bf0000,0x0000000024cf0000)]
=>0x000000001f420800 JavaThread "JavaFX Application Thread" [_thread_in_native, id=21136, stack(0x000000001fff0000,0x00000000200f0000)]
  0x000000001f41b800 JavaThread "Thread-1" daemon [_thread_blocked, id=18092, stack(0x000000001fef0000,0x000000001fff0000)]
  0x000000001f3f8800 JavaThread "QuantumRenderer-0" daemon [_thread_blocked, id=1328, stack(0x000000001fb80000,0x000000001fc80000)]
  0x000000001e60f800 JavaThread "Service Thread" daemon [_thread_blocked, id=21572, stack(0x000000001f180000,0x000000001f280000)]
  0x000000001e589800 JavaThread "C1 CompilerThread3" daemon [_thread_blocked, id=14520, stack(0x000000001f080000,0x000000001f180000)]
  0x000000001e582000 JavaThread "C2 CompilerThread2" daemon [_thread_blocked, id=5224, stack(0x000000001ef80000,0x000000001f080000)]
  0x000000001e57c000 JavaThread "C2 CompilerThread1" daemon [_thread_blocked, id=10972, stack(0x000000001ee80000,0x000000001ef80000)]
  0x000000001e578000 JavaThread "C2 CompilerThread0" daemon [_thread_in_native, id=13796, stack(0x000000001ed80000,0x000000001ee80000)]
  0x000000001e576000 JavaThread "Attach Listener" daemon [_thread_blocked, id=23332, stack(0x000000001ec80000,0x000000001ed80000)]
  0x000000001c67e800 JavaThread "Signal Dispatcher" daemon [_thread_blocked, id=16800, stack(0x000000001eb80000,0x000000001ec80000)]
  0x0000000002c2e000 JavaThread "Finalizer" daemon [_thread_blocked, id=5932, stack(0x000000001e950000,0x000000001ea50000)]
  0x0000000002c27000 JavaThread "Reference Handler" daemon [_thread_blocked, id=3004, stack(0x000000001e450000,0x000000001e550000)]
  0x0000000002b2e000 JavaThread "main" [_thread_blocked, id=13648, stack(0x00000000029f0000,0x0000000002af0000)]

Other Threads:
  0x000000001c669000 VMThread [stack: 0x000000001e350000,0x000000001e450000] [id=17672]
  0x000000001e63d000 WatcherThread [stack: 0x000000001f280000,0x000000001f380000] [id=20716]

VM state:not at safepoint (normal execution)

VM Mutex/Monitor currently owned by a thread: None

Heap:
 PSYoungGen      total 346112K, used 171582K [0x000000076b300000, 0x0000000782780000, 0x00000007c0000000)
  eden space 329216K, 50% used [0x000000076b300000,0x00000007754037b0,0x000000077f480000)
  from space 16896K, 39% used [0x0000000781700000,0x0000000781d8c0f0,0x0000000782780000)
  to   space 26112K, 0% used [0x000000077f480000,0x000000077f480000,0x0000000780e00000)
 ParOldGen       total 135680K, used 33735K [0x00000006c1800000, 0x00000006c9c80000, 0x000000076b300000)
  object space 135680K, 24% used [0x00000006c1800000,0x00000006c38f1da0,0x00000006c9c80000)
 Metaspace       used 29234K, capacity 30658K, committed 30848K, reserved 1075200K
  class space    used 3832K, capacity 4128K, committed 4224K, reserved 1048576K

Card table byte_map: [0x0000000011ff0000,0x00000000127f0000] byte_map_base: 0x000000000e9e4000

Marking Bits: (ParMarkBitMap*) 0x000000005eb5a6c0
 Begin Bits: [0x0000000013540000, 0x00000000174e0000)
 End Bits:   [0x00000000174e0000, 0x000000001b480000)

Polling page: 0x00000000010a0000

CodeCache: size=245760Kb used=15388Kb max_used=15400Kb free=230371Kb
 bounds [0x0000000002c30000, 0x0000000003b50000, 0x0000000011c30000]
 total_blobs=5725 nmethods=4883 adapters=753
 compilation: enabled

Compilation events (10 events):
Event: 27.899 Thread 0x000000001e589800 5685       1       sun.security.ssl.ProtocolList::collection (5 bytes)
Event: 27.899 Thread 0x000000001e589800 nmethod 5685 0x0000000003b29650 code [0x0000000003b297a0, 0x0000000003b298b0]
Event: 27.900 Thread 0x000000001e589800 5686       3       sun.security.ssl.Handshaker::activated (14 bytes)
Event: 27.900 Thread 0x000000001e589800 nmethod 5686 0x0000000003b292d0 code [0x0000000003b29420, 0x0000000003b295d0]
Event: 27.900 Thread 0x000000001e582000 5687       4       sun.security.util.DisabledAlgorithmConstraints::permits (36 bytes)
Event: 27.900 Thread 0x000000001e57c000 5688       4       java.util.RegularEnumSet::isEmpty (15 bytes)
Event: 27.900 Thread 0x000000001e57c000 nmethod 5688 0x00000000034492d0 code [0x0000000003449400, 0x0000000003449498]
Event: 27.902 Thread 0x000000001e582000 nmethod 5687 0x0000000003b28e90 code [0x0000000003b28fe0, 0x0000000003b29148]
Event: 27.934 Thread 0x000000001e589800 5689   !   3       java.util.zip.Inflater::getBytesWritten (23 bytes)
Event: 27.935 Thread 0x000000001e589800 nmethod 5689 0x0000000003b288d0 code [0x0000000003b28a40, 0x0000000003b28d88]

GC Heap History (10 events):
Event: 8.405 GC heap before
{Heap before GC invocations=5 (full 1):
 PSYoungGen      total 76288K, used 74241K [0x000000076b300000, 0x0000000772d00000, 0x00000007c0000000)
  eden space 65536K, 99% used [0x000000076b300000,0x000000076f2fc6f0,0x000000076f300000)
  from space 10752K, 81% used [0x000000076f300000,0x000000076fb83da8,0x000000076fd80000)
  to   space 10752K, 0% used [0x0000000772280000,0x0000000772280000,0x0000000772d00000)
 ParOldGen       total 135680K, used 26706K [0x00000006c1800000, 0x00000006c9c80000, 0x000000076b300000)
  object space 135680K, 19% used [0x00000006c1800000,0x00000006c3214be0,0x00000006c9c80000)
 Metaspace       used 28013K, capacity 29410K, committed 29440K, reserved 1075200K
  class space    used 3784K, capacity 4076K, committed 4096K, reserved 1048576K
Event: 8.411 GC heap after
Heap after GC invocations=5 (full 1):
 PSYoungGen      total 113152K, used 7870K [0x000000076b300000, 0x0000000772c80000, 0x00000007c0000000)
  eden space 102912K, 0% used [0x000000076b300000,0x000000076b300000,0x0000000771780000)
  from space 10240K, 76% used [0x0000000772280000,0x0000000772a2faf0,0x0000000772c80000)
  to   space 10752K, 0% used [0x0000000771780000,0x0000000771780000,0x0000000772200000)
 ParOldGen       total 135680K, used 26722K [0x00000006c1800000, 0x00000006c9c80000, 0x000000076b300000)
  object space 135680K, 19% used [0x00000006c1800000,0x00000006c3218be0,0x00000006c9c80000)
 Metaspace       used 28013K, capacity 29410K, committed 29440K, reserved 1075200K
  class space    used 3784K, capacity 4076K, committed 4096K, reserved 1048576K
}
Event: 8.453 GC heap before
{Heap before GC invocations=6 (full 1):
 PSYoungGen      total 113152K, used 110680K [0x000000076b300000, 0x0000000772c80000, 0x00000007c0000000)
  eden space 102912K, 99% used [0x000000076b300000,0x00000007717668b8,0x0000000771780000)
  from space 10240K, 76% used [0x0000000772280000,0x0000000772a2faf0,0x0000000772c80000)
  to   space 10752K, 0% used [0x0000000771780000,0x0000000771780000,0x0000000772200000)
 ParOldGen       total 135680K, used 26722K [0x00000006c1800000, 0x00000006c9c80000, 0x000000076b300000)
  object space 135680K, 19% used [0x00000006c1800000,0x00000006c3218be0,0x00000006c9c80000)
 Metaspace       used 28014K, capacity 29410K, committed 29440K, reserved 1075200K
  class space    used 3784K, capacity 4076K, committed 4096K, reserved 1048576K
Event: 8.462 GC heap after
Heap after GC invocations=6 (full 1):
 PSYoungGen      total 113664K, used 7723K [0x000000076b300000, 0x000000077a080000, 0x00000007c0000000)
  eden space 102912K, 0% used [0x000000076b300000,0x000000076b300000,0x0000000771780000)
  from space 10752K, 71% used [0x0000000771780000,0x0000000771f0aea8,0x0000000772200000)
  to   space 29696K, 0% used [0x0000000778380000,0x0000000778380000,0x000000077a080000)
 ParOldGen       total 135680K, used 26722K [0x00000006c1800000, 0x00000006c9c80000, 0x000000076b300000)
  object space 135680K, 19% used [0x00000006c1800000,0x00000006c3218be0,0x00000006c9c80000)
 Metaspace       used 28014K, capacity 29410K, committed 29440K, reserved 1075200K
  class space    used 3784K, capacity 4076K, committed 4096K, reserved 1048576K
}
Event: 8.485 GC heap before
{Heap before GC invocations=7 (full 1):
 PSYoungGen      total 113664K, used 110483K [0x000000076b300000, 0x000000077a080000, 0x00000007c0000000)
  eden space 102912K, 99% used [0x000000076b300000,0x0000000771759db0,0x0000000771780000)
  from space 10752K, 71% used [0x0000000771780000,0x0000000771f0aea8,0x0000000772200000)
  to   space 29696K, 0% used [0x0000000778380000,0x0000000778380000,0x000000077a080000)
 ParOldGen       total 135680K, used 26722K [0x00000006c1800000, 0x00000006c9c80000, 0x000000076b300000)
  object space 135680K, 19% used [0x00000006c1800000,0x00000006c3218be0,0x00000006c9c80000)
 Metaspace       used 28014K, capacity 29410K, committed 29440K, reserved 1075200K
  class space    used 3784K, capacity 4076K, committed 4096K, reserved 1048576K
Event: 8.490 GC heap after
Heap after GC invocations=7 (full 1):
 PSYoungGen      total 214528K, used 7864K [0x000000076b300000, 0x000000077a580000, 0x00000007c0000000)
  eden space 184832K, 0% used [0x000000076b300000,0x000000076b300000,0x0000000776780000)
  from space 29696K, 26% used [0x0000000778380000,0x0000000778b2e048,0x000000077a080000)
  to   space 28672K, 0% used [0x0000000776780000,0x0000000776780000,0x0000000778380000)
 ParOldGen       total 135680K, used 26722K [0x00000006c1800000, 0x00000006c9c80000, 0x000000076b300000)
  object space 135680K, 19% used [0x00000006c1800000,0x00000006c3218be0,0x00000006c9c80000)
 Metaspace       used 28014K, capacity 29410K, committed 29440K, reserved 1075200K
  class space    used 3784K, capacity 4076K, committed 4096K, reserved 1048576K
}
Event: 9.159 GC heap before
{Heap before GC invocations=8 (full 1):
 PSYoungGen      total 214528K, used 192696K [0x000000076b300000, 0x000000077a580000, 0x00000007c0000000)
  eden space 184832K, 100% used [0x000000076b300000,0x0000000776780000,0x0000000776780000)
  from space 29696K, 26% used [0x0000000778380000,0x0000000778b2e048,0x000000077a080000)
  to   space 28672K, 0% used [0x0000000776780000,0x0000000776780000,0x0000000778380000)
 ParOldGen       total 135680K, used 26722K [0x00000006c1800000, 0x00000006c9c80000, 0x000000076b300000)
  object space 135680K, 19% used [0x00000006c1800000,0x00000006c3218be0,0x00000006c9c80000)
 Metaspace       used 28136K, capacity 29598K, committed 29824K, reserved 1075200K
  class space    used 3793K, capacity 4114K, committed 4224K, reserved 1048576K
Event: 9.170 GC heap after
Heap after GC invocations=8 (full 1):
 PSYoungGen      total 213504K, used 9051K [0x000000076b300000, 0x0000000783180000, 0x00000007c0000000)
  eden space 184832K, 0% used [0x000000076b300000,0x000000076b300000,0x0000000776780000)
  from space 28672K, 31% used [0x0000000776780000,0x0000000777056e80,0x0000000778380000)
  to   space 27136K, 0% used [0x0000000781700000,0x0000000781700000,0x0000000783180000)
 ParOldGen       total 135680K, used 26730K [0x00000006c1800000, 0x00000006c9c80000, 0x000000076b300000)
  object space 135680K, 19% used [0x00000006c1800000,0x00000006c321abe0,0x00000006c9c80000)
 Metaspace       used 28136K, capacity 29598K, committed 29824K, reserved 1075200K
  class space    used 3793K, capacity 4114K, committed 4224K, reserved 1048576K
}
Event: 17.437 GC heap before
{Heap before GC invocations=9 (full 1):
 PSYoungGen      total 213504K, used 193883K [0x000000076b300000, 0x0000000783180000, 0x00000007c0000000)
  eden space 184832K, 100% used [0x000000076b300000,0x0000000776780000,0x0000000776780000)
  from space 28672K, 31% used [0x0000000776780000,0x0000000777056e80,0x0000000778380000)
  to   space 27136K, 0% used [0x0000000781700000,0x0000000781700000,0x0000000783180000)
 ParOldGen       total 135680K, used 26730K [0x00000006c1800000, 0x00000006c9c80000, 0x000000076b300000)
  object space 135680K, 19% used [0x00000006c1800000,0x00000006c321abe0,0x00000006c9c80000)
 Metaspace       used 28709K, capacity 30134K, committed 30336K, reserved 1075200K
  class space    used 3800K, capacity 4118K, committed 4224K, reserved 1048576K
Event: 17.445 GC heap after
Heap after GC invocations=9 (full 1):
 PSYoungGen      total 346112K, used 6704K [0x000000076b300000, 0x0000000782780000, 0x00000007c0000000)
  eden space 329216K, 0% used [0x000000076b300000,0x000000076b300000,0x000000077f480000)
  from space 16896K, 39% used [0x0000000781700000,0x0000000781d8c0f0,0x0000000782780000)
  to   space 26112K, 0% used [0x000000077f480000,0x000000077f480000,0x0000000780e00000)
 ParOldGen       total 135680K, used 33735K [0x00000006c1800000, 0x00000006c9c80000, 0x000000076b300000)
  object space 135680K, 24% used [0x00000006c1800000,0x00000006c38f1da0,0x00000006c9c80000)
 Metaspace       used 28709K, capacity 30134K, committed 30336K, reserved 1075200K
  class space    used 3800K, capacity 4118K, committed 4224K, reserved 1048576K
}

Deoptimization events (10 events):
Event: 27.778 Thread 0x000000001f420800 Uncommon trap: reason=unloaded action=reinterpret pc=0x00000000038954e4 method=java.lang.CharacterData.of(I)Ljava/lang/CharacterData; @ 100
Event: 27.779 Thread 0x000000001f420800 Uncommon trap: reason=class_check action=maybe_recompile pc=0x00000000039713ec method=com.sun.javafx.text.PrismTextLayout.shape(Lcom/sun/javafx/text/TextRun;[CLcom/sun/javafx/text/GlyphLayout;)V @ 103
Event: 27.780 Thread 0x000000001f420800 Uncommon trap: reason=unstable_if action=reinterpret pc=0x000000000383a824 method=com.sun.javafx.font.PrismFontFile.getAdvance(IF)F @ 3
Event: 27.818 Thread 0x000000001f420800 Uncommon trap: reason=class_check action=maybe_recompile pc=0x0000000003987150 method=com.sun.javafx.text.GlyphLayout.breakRuns(Lcom/sun/javafx/text/PrismTextLayout;[CI)I @ 177
Event: 27.818 Thread 0x000000001f420800 Uncommon trap: reason=unstable_if action=reinterpret pc=0x0000000003897694 method=sun.text.normalizer.UTF16.isSurrogate(C)Z @ 3
Event: 27.818 Thread 0x000000001f420800 Uncommon trap: reason=unloaded action=reinterpret pc=0x00000000038b9414 method=java.lang.CharacterData.of(I)Ljava/lang/CharacterData; @ 100
Event: 27.818 Thread 0x000000001f420800 Uncommon trap: reason=class_check action=maybe_recompile pc=0x00000000039713ec method=com.sun.javafx.text.PrismTextLayout.shape(Lcom/sun/javafx/text/TextRun;[CLcom/sun/javafx/text/GlyphLayout;)V @ 103
Event: 27.896 Thread 0x000000001f420800 Uncommon trap: reason=class_check action=maybe_recompile pc=0x0000000003987150 method=com.sun.javafx.text.GlyphLayout.breakRuns(Lcom/sun/javafx/text/PrismTextLayout;[CI)I @ 177
Event: 27.896 Thread 0x000000001f420800 Uncommon trap: reason=unloaded action=reinterpret pc=0x000000000380155c method=java.lang.CharacterData.of(I)Ljava/lang/CharacterData; @ 100
Event: 27.896 Thread 0x000000001f420800 Uncommon trap: reason=class_check action=maybe_recompile pc=0x00000000039713ec method=com.sun.javafx.text.PrismTextLayout.shape(Lcom/sun/javafx/text/TextRun;[CLcom/sun/javafx/text/GlyphLayout;)V @ 103

Internal exceptions (10 events):
Event: 27.067 Thread 0x00000000290a4800 Exception <a 'java/lang/ClassNotFoundException': sun/net/www/protocol/data/Handler> (0x0000000774afa450) thrown at [C:\re\workspace\8-2-build-windows-amd64-cygwin\jdk8u111\7883\hotspot\src\share\vm\classfile\systemDictionary.cpp, line 210]
Event: 27.067 Thread 0x00000000290a4800 Exception <a 'java/lang/ClassNotFoundException': sun/net/www/protocol/data/Handler> (0x0000000774afd618) thrown at [C:\re\workspace\8-2-build-windows-amd64-cygwin\jdk8u111\7883\hotspot\src\share\vm\classfile\systemDictionary.cpp, line 210]
Event: 27.776 Thread 0x000000001f420800 Exception <a 'java/io/FileNotFoundException'> (0x000000077453cfd0) thrown at [C:\re\workspace\8-2-build-windows-amd64-cygwin\jdk8u111\7883\hotspot\src\share\vm\prims\jni.cpp, line 709]
Event: 27.776 Thread 0x000000001f420800 Exception <a 'java/io/FileNotFoundException'> (0x000000077453e038) thrown at [C:\re\workspace\8-2-build-windows-amd64-cygwin\jdk8u111\7883\hotspot\src\share\vm\prims\jni.cpp, line 709]
Event: 27.776 Thread 0x000000001f420800 Exception <a 'java/io/FileNotFoundException'> (0x000000077453f138) thrown at [C:\re\workspace\8-2-build-windows-amd64-cygwin\jdk8u111\7883\hotspot\src\share\vm\prims\jni.cpp, line 709]
Event: 27.776 Thread 0x000000001f420800 Exception <a 'java/io/FileNotFoundException'> (0x0000000774540180) thrown at [C:\re\workspace\8-2-build-windows-amd64-cygwin\jdk8u111\7883\hotspot\src\share\vm\prims\jni.cpp, line 709]
Event: 27.779 Thread 0x000000001f420800 Exception <a 'java/io/FileNotFoundException'> (0x0000000774565830) thrown at [C:\re\workspace\8-2-build-windows-amd64-cygwin\jdk8u111\7883\hotspot\src\share\vm\prims\jni.cpp, line 709]
Event: 27.779 Thread 0x000000001f420800 Exception <a 'java/io/FileNotFoundException'> (0x0000000774566a80) thrown at [C:\re\workspace\8-2-build-windows-amd64-cygwin\jdk8u111\7883\hotspot\src\share\vm\prims\jni.cpp, line 709]
Event: 27.779 Thread 0x000000001f420800 Exception <a 'java/io/FileNotFoundException'> (0x0000000774567d68) thrown at [C:\re\workspace\8-2-build-windows-amd64-cygwin\jdk8u111\7883\hotspot\src\share\vm\prims\jni.cpp, line 709]
Event: 27.779 Thread 0x000000001f420800 Exception <a 'java/io/FileNotFoundException'> (0x0000000774568f98) thrown at [C:\re\workspace\8-2-build-windows-amd64-cygwin\jdk8u111\7883\hotspot\src\share\vm\prims\jni.cpp, line 709]

Events (10 events):
Event: 27.896 Thread 0x000000001f420800 DEOPT PACKING pc=0x00000000039713ec sp=0x00000000200e7c00
Event: 27.896 Thread 0x000000001f420800 DEOPT UNPACKING pc=0x0000000002c7582a sp=0x00000000200e7bb8 mode 2
Event: 27.916 Thread 0x000000001e80e800 Thread added: 0x000000001e80e800
Event: 27.916 Executing VM operation: RevokeBias
Event: 27.916 Executing VM operation: RevokeBias done
Event: 27.916 Thread 0x000000001e80e800 Thread exited: 0x000000001e80e800
Event: 27.928 Thread 0x000000001e80c800 Thread added: 0x000000001e80c800
Event: 27.929 Executing VM operation: RevokeBias
Event: 27.929 Executing VM operation: RevokeBias done
Event: 27.929 Thread 0x000000001e80c800 Thread exited: 0x000000001e80c800


Dynamic libraries:
0x00007ff791970000 - 0x00007ff7919a7000 	C:\Program Files\Java\jdk1.8.0_111\jre\bin\java.exe
0x00007ffd6b1f0000 - 0x00007ffd6b3e5000 	C:\WINDOWS\SYSTEM32\ntdll.dll
0x00007ffd69f00000 - 0x00007ffd69fbd000 	C:\WINDOWS\System32\KERNEL32.DLL
0x00007ffd68d20000 - 0x00007ffd68fe9000 	C:\WINDOWS\System32\KERNELBASE.dll
0x00007ffd6ac50000 - 0x00007ffd6acfc000 	C:\WINDOWS\System32\ADVAPI32.dll
0x00007ffd6b110000 - 0x00007ffd6b1ae000 	C:\WINDOWS\System32\msvcrt.dll
0x00007ffd6aba0000 - 0x00007ffd6ac3c000 	C:\WINDOWS\System32\sechost.dll
0x00007ffd69db0000 - 0x00007ffd69edb000 	C:\WINDOWS\System32\RPCRT4.dll
0x00007ffd69250000 - 0x00007ffd693f0000 	C:\WINDOWS\System32\USER32.dll
0x00007ffd691c0000 - 0x00007ffd691e2000 	C:\WINDOWS\System32\win32u.dll
0x00007ffd693f0000 - 0x00007ffd6941a000 	C:\WINDOWS\System32\GDI32.dll
0x00007ffd68ab0000 - 0x00007ffd68bbb000 	C:\WINDOWS\System32\gdi32full.dll
0x00007ffd69120000 - 0x00007ffd691bd000 	C:\WINDOWS\System32\msvcp_win.dll
0x00007ffd68930000 - 0x00007ffd68a30000 	C:\WINDOWS\System32\ucrtbase.dll
0x00007ffd558b0000 - 0x00007ffd55b4a000 	C:\WINDOWS\WinSxS\amd64_microsoft.windows.common-controls_6595b64144ccf1df_6.0.19041.844_none_ca00b6081b84eb1d\COMCTL32.dll
0x00007ffd69a20000 - 0x00007ffd69a50000 	C:\WINDOWS\System32\IMM32.DLL
0x000000005e260000 - 0x000000005e332000 	C:\Program Files\Java\jdk1.8.0_111\jre\bin\msvcr100.dll
0x000000005e340000 - 0x000000005ebda000 	C:\Program Files\Java\jdk1.8.0_111\jre\bin\server\jvm.dll
0x00007ffd6ad00000 - 0x00007ffd6ad08000 	C:\WINDOWS\System32\PSAPI.DLL
0x00007ffd60580000 - 0x00007ffd6058a000 	C:\WINDOWS\SYSTEM32\VERSION.dll
0x00007ffd53580000 - 0x00007ffd53589000 	C:\WINDOWS\SYSTEM32\WSOCK32.dll
0x00007ffd57800000 - 0x00007ffd57827000 	C:\WINDOWS\SYSTEM32\WINMM.dll
0x00007ffd6af80000 - 0x00007ffd6afeb000 	C:\WINDOWS\System32\WS2_32.dll
0x000000005e210000 - 0x000000005e21f000 	C:\Program Files\Java\jdk1.8.0_111\jre\bin\verify.dll
0x000000005e1e0000 - 0x000000005e209000 	C:\Program Files\Java\jdk1.8.0_111\jre\bin\java.dll
0x000000005e1c0000 - 0x000000005e1d6000 	C:\Program Files\Java\jdk1.8.0_111\jre\bin\zip.dll
0x00007ffd6a2a0000 - 0x00007ffd6a9e2000 	C:\WINDOWS\System32\SHELL32.dll
0x00007ffd66a70000 - 0x00007ffd67200000 	C:\WINDOWS\SYSTEM32\windows.storage.dll
0x00007ffd69a50000 - 0x00007ffd69da5000 	C:\WINDOWS\System32\combase.dll
0x00007ffd683a0000 - 0x00007ffd683cc000 	C:\WINDOWS\SYSTEM32\Wldp.dll
0x00007ffd6ad70000 - 0x00007ffd6ae1e000 	C:\WINDOWS\System32\SHCORE.dll
0x00007ffd6aa90000 - 0x00007ffd6aae5000 	C:\WINDOWS\System32\shlwapi.dll
0x00007ffd68870000 - 0x00007ffd6888f000 	C:\WINDOWS\SYSTEM32\profapi.dll
0x00007ffd1fa10000 - 0x00007ffd1faff000 	C:\Program Files\Java\jdk1.8.0_111\jre\bin\msvcr120.dll
0x00007ffd34090000 - 0x00007ffd34136000 	C:\Program Files\Java\jdk1.8.0_111\jre\bin\msvcp120.dll
0x000000005d3b0000 - 0x000000005d3d2000 	C:\Program Files\Java\jdk1.8.0_111\jre\bin\prism_d3d.dll
0x00007ffd239f0000 - 0x00007ffd23bbf000 	C:\WINDOWS\system32\d3d9.dll
0x00007ffd67210000 - 0x00007ffd67222000 	C:\WINDOWS\SYSTEM32\kernel.appcore.dll
0x00007ffd661f0000 - 0x00007ffd6621f000 	C:\WINDOWS\SYSTEM32\dwmapi.dll
0x00007ffd65710000 - 0x00007ffd657ae000 	C:\WINDOWS\system32\uxtheme.dll
0x00007ffd22d00000 - 0x00007ffd22e65000 	C:\WINDOWS\System32\DriverStore\FileRepository\iigd_dch.inf_amd64_0f2250737b8ab5a6\igdumdim64.dll
0x00007ffd69480000 - 0x00007ffd695aa000 	C:\WINDOWS\System32\ole32.dll
0x00007ffcf8de0000 - 0x00007ffcfd71d000 	C:\WINDOWS\System32\DriverStore\FileRepository\iigd_dch.inf_amd64_0f2250737b8ab5a6\igd9dxva64.dll
0x00007ffd6a1d0000 - 0x00007ffd6a29d000 	C:\WINDOWS\System32\OLEAUT32.dll
0x00007ffd695b0000 - 0x00007ffd69a19000 	C:\WINDOWS\System32\SETUPAPI.dll
0x00007ffd68a60000 - 0x00007ffd68aae000 	C:\WINDOWS\System32\cfgmgr32.dll
0x00007ffd68a30000 - 0x00007ffd68a57000 	C:\WINDOWS\System32\bcrypt.dll
0x00007ffd5c0a0000 - 0x00007ffd5c368000 	C:\WINDOWS\System32\DriverStore\FileRepository\iigd_dch.inf_amd64_0f2250737b8ab5a6\igdgmm64.dll
0x000000005d360000 - 0x000000005d3a3000 	C:\Program Files\Java\jdk1.8.0_111\jre\bin\glass.dll
0x00007ffd6ae20000 - 0x00007ffd6aefa000 	C:\WINDOWS\System32\COMDLG32.dll
0x00007ffd6aff0000 - 0x00007ffd6b105000 	C:\WINDOWS\System32\MSCTF.dll
0x00007ffd690a0000 - 0x00007ffd69120000 	C:\WINDOWS\System32\bcryptPrimitives.dll
0x00007ffd4e800000 - 0x00007ffd4e827000 	C:\WINDOWS\System32\DriverStore\FileRepository\iigd_dch.inf_amd64_0f2250737b8ab5a6\igdinfo64.dll
0x00007ffd59240000 - 0x00007ffd5bde2000 	C:\WINDOWS\System32\DriverStore\FileRepository\iigd_dch.inf_amd64_0f2250737b8ab5a6\igc64.dll
0x00007ffd5ec90000 - 0x00007ffd5eccb000 	C:\WINDOWS\SYSTEM32\dxcore.dll
0x000000005d340000 - 0x000000005d354000 	C:\Program Files\Java\jdk1.8.0_111\jre\bin\javafx_font.dll
0x00007ffd56150000 - 0x00007ffd563cf000 	C:\WINDOWS\SYSTEM32\dwrite.dll
0x00007ffd6aaf0000 - 0x00007ffd6ab99000 	C:\WINDOWS\System32\clbcatq.dll
0x00007ffd60840000 - 0x00007ffd609f4000 	C:\WINDOWS\SYSTEM32\WindowsCodecs.dll
0x00007ffd54210000 - 0x00007ffd5424e000 	C:\WINDOWS\system32\dataexchange.dll
0x00007ffd63ef0000 - 0x00007ffd64154000 	C:\WINDOWS\system32\d3d11.dll
0x00007ffd64b80000 - 0x00007ffd64d67000 	C:\WINDOWS\system32\dcomp.dll
0x00007ffd673a0000 - 0x00007ffd67493000 	C:\WINDOWS\system32\dxgi.dll
0x00007ffd60a00000 - 0x00007ffd60c01000 	C:\WINDOWS\system32\twinapi.appcore.dll
0x00007ffd5ce90000 - 0x00007ffd5cec4000 	C:\Program Files\Common Files\Microsoft Shared\Ink\rtscom.dll
0x00007ffd5ea10000 - 0x00007ffd5eb0b000 	C:\WINDOWS\SYSTEM32\textinputframework.dll
0x00007ffd650f0000 - 0x00007ffd6544e000 	C:\WINDOWS\System32\CoreUIComponents.dll
0x00007ffd65450000 - 0x00007ffd65542000 	C:\WINDOWS\System32\CoreMessaging.dll
0x00007ffd67680000 - 0x00007ffd676b3000 	C:\WINDOWS\SYSTEM32\ntmarta.dll
0x00007ffd63d90000 - 0x00007ffd63ee4000 	C:\WINDOWS\SYSTEM32\wintypes.dll
0x000000005d320000 - 0x000000005d331000 	C:\Program Files\Java\jdk1.8.0_111\jre\bin\prism_common.dll
0x000000005e1a0000 - 0x000000005e1ba000 	C:\Program Files\Java\jdk1.8.0_111\jre\bin\net.dll
0x00007ffd68120000 - 0x00007ffd6818a000 	C:\WINDOWS\system32\mswsock.dll
0x00007ffd67e10000 - 0x00007ffd67edb000 	C:\WINDOWS\SYSTEM32\DNSAPI.dll
0x00007ffd67dc0000 - 0x00007ffd67dfb000 	C:\WINDOWS\SYSTEM32\IPHLPAPI.DLL
0x00007ffd6ac40000 - 0x00007ffd6ac48000 	C:\WINDOWS\System32\NSI.dll
0x0000000060540000 - 0x0000000060566000 	C:\Program Files\Bonjour\mdnsNSP.dll
0x00007ffd554f0000 - 0x00007ffd554fa000 	C:\Windows\System32\rasadhlp.dll
0x00007ffd55550000 - 0x00007ffd555cf000 	C:\WINDOWS\System32\fwpuclnt.dll
0x000000005ded0000 - 0x000000005def4000 	C:\Program Files\Java\jdk1.8.0_111\jre\bin\sunec.dll
0x000000005dec0000 - 0x000000005decb000 	C:\Program Files\Java\jdk1.8.0_111\jre\bin\sunmscapi.dll
0x00007ffd68bc0000 - 0x00007ffd68d1f000 	C:\WINDOWS\System32\CRYPT32.dll
0x000000005d2f0000 - 0x000000005d313000 	C:\Program Files\Java\jdk1.8.0_111\jre\bin\javafx_iio.dll
0x000000005ad50000 - 0x000000005d2e1000 	C:\Program Files\Java\jdk1.8.0_111\jre\bin\jfxwebkit.dll
0x00007ffd682f0000 - 0x00007ffd68308000 	C:\WINDOWS\SYSTEM32\CRYPTSP.dll
0x00007ffd67a50000 - 0x00007ffd67a84000 	C:\WINDOWS\system32\rsaenh.dll
0x00007ffd68310000 - 0x00007ffd6831c000 	C:\WINDOWS\SYSTEM32\CRYPTBASE.dll
0x000000005e180000 - 0x000000005e191000 	C:\Program Files\Java\jdk1.8.0_111\jre\bin\nio.dll
0x00007ffd687f0000 - 0x00007ffd6881e000 	C:\WINDOWS\SYSTEM32\USERENV.dll
0x00007ffd610c0000 - 0x00007ffd610d7000 	C:\WINDOWS\SYSTEM32\dhcpcsvc6.DLL
0x00007ffd61200000 - 0x00007ffd6121d000 	C:\WINDOWS\SYSTEM32\dhcpcsvc.DLL
0x000000005acd0000 - 0x000000005ad43000 	C:\Program Files\Java\jdk1.8.0_111\jre\bin\glib-lite.dll
0x000000005ac30000 - 0x000000005accc000 	C:\Program Files\Java\jdk1.8.0_111\jre\bin\gstreamer-lite.dll
0x00007ffd57010000 - 0x00007ffd570ac000 	C:\WINDOWS\SYSTEM32\DSOUND.dll
0x00007ffd67ee0000 - 0x00007ffd67f2b000 	C:\WINDOWS\SYSTEM32\powrprof.dll
0x00007ffd4afc0000 - 0x00007ffd4afe6000 	C:\WINDOWS\SYSTEM32\winmmbase.dll
0x00007ffd67da0000 - 0x00007ffd67db2000 	C:\WINDOWS\SYSTEM32\UMPDC.dll
0x000000005ac00000 - 0x000000005ac25000 	C:\Program Files\Java\jdk1.8.0_111\jre\bin\jfxmedia.dll
0x00007ffd68820000 - 0x00007ffd6885c000 	C:\WINDOWS\SYSTEM32\SspiCli.dll
0x000000005abc0000 - 0x000000005abf1000 	C:\Program Files\Java\jdk1.8.0_111\jre\bin\fxplugins.dll
0x00007ffd2bcb0000 - 0x00007ffd2bf2b000 	C:\Windows\System32\msmpeg2vdec.dll
0x00007ffd2bb80000 - 0x00007ffd2bcad000 	C:\Windows\System32\mfperfhelper.dll
0x00007ffd3bc50000 - 0x00007ffd3be0c000 	C:\Windows\System32\MFPlat.DLL
0x00007ffd3bfa0000 - 0x00007ffd3bfd0000 	C:\Windows\System32\RTWorkQ.DLL
0x00007ffd57f20000 - 0x00007ffd57f57000 	C:\Windows\System32\CompPkgSup.DLL
0x00007ffd469d0000 - 0x00007ffd46b16000 	C:\Windows\System32\Windows.StateRepositoryPS.dll
0x00007ffd1efb0000 - 0x00007ffd1f180000 	C:\Windows\System32\quartz.dll
0x00007ffd66780000 - 0x00007ffd66964000 	C:\WINDOWS\SYSTEM32\dbghelp.dll

VM Arguments:
jvm_args: -Dfile.encoding=UTF-8 
java_command: C:\Users\ahmed\OneDrive\Documents\ArtLife\dist\run1267236348\ArtLife.jar
java_class_path (initial): C:\Users\ahmed\OneDrive\Documents\ArtLife\dist\run1267236348\ArtLife.jar
Launcher Type: SUN_STANDARD

Environment Variables:
PATH=C:\Program Files (x86)\Common Files\Oracle\Java\javapath;C:\ProgramData\Oracle\Java\javapath;C:\Program Files\Common Files\Oracle\Java\javapath;C:\Program Files (x86)\Common Files\Intel\Shared Libraries\redist\intel64\compiler;C:\WINDOWS\system32;C:\WINDOWS;C:\WINDOWS\System32\Wbem;C:\WINDOWS\System32\WindowsPowerShell\v1.0\;C:\WINDOWS\System32\OpenSSH\;C:\xampp\php;C:\ProgramData\ComposerSetup\bin;C:\Program Files\Git\cmd;C:\Program Files\nodejs\;C:\ProgramData\chocolatey\bin;;C:\Program Files\Symfony;C:\Users\ahmed\AppData\Local\Microsoft\WindowsApps;C:\Users\ahmed\AppData\Local\Programs\Microsoft VS Code\bin;C:\Users\ahmed\AppData\Local\GitHubDesktop\bin;C:\Users\ahmed\AppData\Roaming\Composer\vendor\bin;C:\Users\ahmed\AppData\Roaming\npm
USERNAME=ahmed
OS=Windows_NT
PROCESSOR_IDENTIFIER=Intel64 Family 6 Model 142 Stepping 10, GenuineIntel



---------------  S Y S T E M  ---------------

OS: Windows 10.0 , 64 bit Build 19041 (10.0.19041.804)

CPU:total 8 (4 cores per cpu, 2 threads per core) family 6 model 142 stepping 10, cmov, cx8, fxsr, mmx, sse, sse2, sse3, ssse3, sse4.1, sse4.2, popcnt, avx, avx2, aes, clmul, erms, 3dnowpref, lzcnt, ht, tsc, tscinvbit, bmi1, bmi2, adx

Memory: 4k page, physical 16672380k(3831008k free), swap 24426172k(2687356k free)

vm_info: Java HotSpot(TM) 64-Bit Server VM (25.111-b14) for windows-amd64 JRE (1.8.0_111-b14), built on Sep 22 2016 19:24:05 by "java_re" with MS VC++ 10.0 (VS2010)

time: Thu Mar 25 11:46:49 2021
elapsed time: 28 seconds (0d 0h 0m 28s)

