#
# A fatal error has been detected by the Java Runtime Environment:
#
#  EXCEPTION_ACCESS_VIOLATION (0xc0000005) at pc=0x000000005babd279, pid=11564, tid=0x0000000000000b20
#
# JRE version: Java(TM) SE Runtime Environment (8.0_111-b14) (build 1.8.0_111-b14)
# Java VM: Java HotSpot(TM) 64-Bit Server VM (25.111-b14 mixed mode windows-amd64 compressed oops)
# Problematic frame:
# C  [jfxwebkit.dll+0xd6d279]
#
# Failed to write core dump. Minidumps are not enabled by default on client versions of Windows
#
# If you would like to submit a bug report, please visit:
#   http://bugreport.java.com/bugreport/crash.jsp
# The crash happened outside the Java Virtual Machine in native code.
# See problematic frame for where to report the bug.
#

---------------  T H R E A D  ---------------

Current thread (0x000000001efd0000):  JavaThread "JavaFX Application Thread" [_thread_in_native, id=2848, stack(0x000000001fa50000,0x000000001fb50000)]

siginfo: ExceptionCode=0xc0000005, writing address 0x000000000000a1b0

Registers:
RAX=0x00000000303c0000, RBX=0x000000002d83ff30, RCX=0x000000002d83ff30, RDX=0x000000002d83ff30
RSP=0x000000001fb4bc40, RBP=0x000000001fb4bda0, RSI=0x0000000000000000, RDI=0x000000001fb4c080
R8 =0x0000000040d6e070, R9 =0xffff000000000000, R10=0x0000000000000000, R11=0xffff000000000002
R12=0x000000002d83ff30, R13=0x000000002d82ff90, R14=0x0000000000000000, R15=0x0000000040d6e070
RIP=0x000000005babd279, EFLAGS=0x0000000000010206

Top of Stack: (sp=0x000000001fb4bc40)
0x000000001fb4bc40:   0000000023d73db0 000000005babfd0c
0x000000001fb4bc50:   0000000036471530 0000000040d6e060
0x000000001fb4bc60:   000000001fb4bde0 000000002d83ff20
0x000000001fb4bc70:   0000000040d6e048 0000000000000000
0x000000001fb4bc80:   000000002d82ff90 000000002d83ff30
0x000000001fb4bc90:   0000000000000005 000000005bab4ac2
0x000000001fb4bca0:   0000000040d6e070 000000001fb4bda0
0x000000001fb4bcb0:   0000000000000000 0000000000000003
0x000000001fb4bcc0:   0000000040d6e060 0000000000000000
0x000000001fb4bcd0:   0000000040d6e070 0000000000001fa2
0x000000001fb4bce0:   0000000000000085 000000002d83ff30
0x000000001fb4bcf0:   000000002d83ff30 000000005b98f406
0x000000001fb4bd00:   badbeef00000007d 00000000003c0cc0
0x000000001fb4bd10:   000000002c5df770 000000005e5d63ac
0x000000001fb4bd20:   00000006c35af038 000000076b603880
0x000000001fb4bd30:   0000000000000410 0000000000000004 

Instructions: (pc=0x000000005babd279)
0x000000005babd259:   83 ec 30 48 8b 42 18 48 8b da 48 8b f9 48 25 00
0x000000005babd269:   00 ff ff 48 8b cb 4d 8b f8 48 8b b0 68 04 00 00
0x000000005babd279:   48 89 96 b0 a1 00 00 49 8d 50 08 e8 37 b0 e5 ff
0x000000005babd289:   4c 8b 73 10 49 63 6f 10 41 8b 86 84 01 00 00 4c 


Register to memory mapping:

RAX=0x00000000303c0000 is an unknown value
RBX=0x000000002d83ff30 is an unknown value
RCX=0x000000002d83ff30 is an unknown value
RDX=0x000000002d83ff30 is an unknown value
RSP=0x000000001fb4bc40 is pointing into the stack for thread: 0x000000001efd0000
RBP=0x000000001fb4bda0 is pointing into the stack for thread: 0x000000001efd0000
RSI=0x0000000000000000 is an unknown value
RDI=0x000000001fb4c080 is pointing into the stack for thread: 0x000000001efd0000
R8 =0x0000000040d6e070 is an unknown value
R9 =0xffff000000000000 is an unknown value
R10=0x0000000000000000 is an unknown value
R11=0xffff000000000002 is an unknown value
R12=0x000000002d83ff30 is an unknown value
R13=0x000000002d82ff90 is an unknown value
R14=0x0000000000000000 is an unknown value
R15=0x0000000040d6e070 is an unknown value


Stack: [0x000000001fa50000,0x000000001fb50000],  sp=0x000000001fb4bc40,  free space=1007k
Native frames: (J=compiled Java code, j=interpreted, Vv=VM code, C=native code)
C  [jfxwebkit.dll+0xd6d279]
C  [jfxwebkit.dll+0xd64ac2]
C  [jfxwebkit.dll+0xd314b3]
C  [jfxwebkit.dll+0xc371de]
C  [jfxwebkit.dll+0xc34683]
C  [jfxwebkit.dll+0xbd0b0e]
C  [jfxwebkit.dll+0x4453e1]
C  [jfxwebkit.dll+0x452574]
C  [jfxwebkit.dll+0x452496]
C  [jfxwebkit.dll+0x5d3563]
C  [jfxwebkit.dll+0x6fbe7a]
C  [jfxwebkit.dll+0x6fbc71]
C  [jfxwebkit.dll+0x6fbd46]
C  [jfxwebkit.dll+0x6f0f50]
C  [jfxwebkit.dll+0x78c4c3]
C  [jfxwebkit.dll+0x7c30de]
C  0x00000000027d7f74

Java frames: (J=compiled Java code, j=interpreted, Vv=VM code)
j  com.sun.webkit.network.URLLoader.twkDidFinishLoading(J)V+0
j  com.sun.webkit.network.URLLoader.notifyDidFinishLoading()V+44
j  com.sun.webkit.network.URLLoader.lambda$didFinishLoading$99()V+8
j  com.sun.webkit.network.URLLoader$$Lambda$365.run()V+4
J 4789 C1 com.sun.javafx.application.PlatformImpl$$Lambda$50.run()Ljava/lang/Object; (8 bytes) @ 0x000000000345a70c [0x000000000345a5c0+0x14c]
v  ~StubRoutines::call_stub
J 1172  java.security.AccessController.doPrivileged(Ljava/security/PrivilegedAction;Ljava/security/AccessControlContext;)Ljava/lang/Object; (0 bytes) @ 0x0000000002ba8f66 [0x0000000002ba8f00+0x66]
J 4793 C1 com.sun.javafx.application.PlatformImpl.lambda$runLater$174(Ljava/lang/Runnable;Ljava/security/AccessControlContext;)V (38 bytes) @ 0x0000000003460b4c [0x00000000034607e0+0x36c]
J 4443 C1 com.sun.javafx.application.PlatformImpl$$Lambda$49.run()V (12 bytes) @ 0x000000000335a3cc [0x000000000335a340+0x8c]
J 4383 C1 com.sun.glass.ui.InvokeLaterDispatcher$Future.run()V (91 bytes) @ 0x0000000002b40a94 [0x0000000002b40980+0x114]
v  ~StubRoutines::call_stub
j  com.sun.glass.ui.win.WinApplication._runLoop(Ljava/lang/Runnable;)V+0
j  com.sun.glass.ui.win.WinApplication.lambda$null$148(ILjava/lang/Runnable;)V+8
j  com.sun.glass.ui.win.WinApplication$$Lambda$38.run()V+12
j  java.lang.Thread.run()V+11
v  ~StubRoutines::call_stub

---------------  P R O C E S S  ---------------

Java Threads: ( => current thread )
  0x0000000028b0a800 JavaThread "Thread-3904" daemon [_thread_in_vm, id=15772, stack(0x0000000036d90000,0x0000000036e90000)]
  0x0000000028b0c000 JavaThread "Keep-Alive-Timer" daemon [_thread_blocked, id=5992, stack(0x0000000030030000,0x0000000030130000)]
  0x0000000028b06800 JavaThread "URL-Loader-22" daemon [_thread_blocked, id=3752, stack(0x0000000030570000,0x0000000030670000)]
  0x0000000028b09000 JavaThread "URL-Loader-21" daemon [_thread_blocked, id=16856, stack(0x000000002d940000,0x000000002da40000)]
  0x0000000028b0e000 JavaThread "Media Resource Disposer" daemon [_thread_blocked, id=12420, stack(0x00000000394e0000,0x00000000395e0000)]
  0x0000000028b06000 JavaThread "JFXMedia Player EventQueueThread" daemon [_thread_blocked, id=8236, stack(0x0000000036b90000,0x0000000036c90000)]
  0x0000000028b09800 JavaThread "Thread-5" daemon [_thread_in_native, id=6820, stack(0x0000000033d00000,0x0000000033e00000)]
  0x0000000028b07800 JavaThread "URL-Loader-16" daemon [_thread_blocked, id=5236, stack(0x0000000031d30000,0x0000000031e30000)]
  0x0000000028bd8800 JavaThread "URL-Loader-7" daemon [_thread_blocked, id=19672, stack(0x0000000030810000,0x0000000030910000)]
  0x000000001ef54800 JavaThread "Watchdog-Timer-1" daemon [_thread_blocked, id=19992, stack(0x0000000030190000,0x0000000030290000)]
  0x000000001ef57000 JavaThread "Disposer" daemon [_thread_blocked, id=22808, stack(0x000000002d840000,0x000000002d940000)]
  0x000000001f5f4000 JavaThread "mysql-cj-abandoned-connection-cleanup" daemon [_thread_blocked, id=2660, stack(0x0000000027af0000,0x0000000027bf0000)]
  0x000000001f5b3800 JavaThread "Prism Font Disposer" daemon [_thread_blocked, id=11760, stack(0x0000000026bf0000,0x0000000026cf0000)]
  0x000000001f051000 JavaThread "Thread-3" daemon [_thread_in_native, id=13864, stack(0x0000000024620000,0x0000000024720000)]
  0x000000001f01f800 JavaThread "JavaFX-Launcher" [_thread_blocked, id=18556, stack(0x0000000024720000,0x0000000024820000)]
=>0x000000001efd0000 JavaThread "JavaFX Application Thread" [_thread_in_native, id=2848, stack(0x000000001fa50000,0x000000001fb50000)]
  0x000000001efbb000 JavaThread "Thread-1" daemon [_thread_blocked, id=9748, stack(0x000000001f950000,0x000000001fa50000)]
  0x000000001ef96800 JavaThread "QuantumRenderer-0" daemon [_thread_blocked, id=8348, stack(0x000000001f700000,0x000000001f800000)]
  0x000000001e147000 JavaThread "Service Thread" daemon [_thread_blocked, id=6432, stack(0x000000001ed00000,0x000000001ee00000)]
  0x000000001e107000 JavaThread "C1 CompilerThread3" daemon [_thread_blocked, id=6696, stack(0x000000001ec00000,0x000000001ed00000)]
  0x000000001e101000 JavaThread "C2 CompilerThread2" daemon [_thread_blocked, id=14120, stack(0x000000001eb00000,0x000000001ec00000)]
  0x000000001e0fd000 JavaThread "C2 CompilerThread1" daemon [_thread_blocked, id=14068, stack(0x000000001ea00000,0x000000001eb00000)]
  0x000000001e0f9000 JavaThread "C2 CompilerThread0" daemon [_thread_blocked, id=19204, stack(0x000000001e900000,0x000000001ea00000)]
  0x000000001e0f7000 JavaThread "Attach Listener" daemon [_thread_blocked, id=18480, stack(0x000000001e800000,0x000000001e900000)]
  0x000000001c20e800 JavaThread "Signal Dispatcher" daemon [_thread_blocked, id=10192, stack(0x000000001e700000,0x000000001e800000)]
  0x00000000027bd800 JavaThread "Finalizer" daemon [_thread_blocked, id=2680, stack(0x000000001e4d0000,0x000000001e5d0000)]
  0x00000000027b6800 JavaThread "Reference Handler" daemon [_thread_blocked, id=23096, stack(0x000000001dfd0000,0x000000001e0d0000)]
  0x00000000025be000 JavaThread "main" [_thread_blocked, id=12340, stack(0x00000000025c0000,0x00000000026c0000)]

Other Threads:
  0x000000001c1f9800 VMThread [stack: 0x000000001ded0000,0x000000001dfd0000] [id=12048]
  0x000000001e1bd000 WatcherThread [stack: 0x000000001ee00000,0x000000001ef00000] [id=19104]

VM state:not at safepoint (normal execution)

VM Mutex/Monitor currently owned by a thread: None

Heap:
 PSYoungGen      total 406016K, used 108790K [0x000000076b300000, 0x000000078ba80000, 0x00000007c0000000)
  eden space 379904K, 28% used [0x000000076b300000,0x0000000771cdd458,0x0000000782600000)
  from space 26112K, 1% used [0x0000000782600000,0x0000000782660460,0x0000000783f80000)
  to   space 25600K, 0% used [0x000000078a180000,0x000000078a180000,0x000000078ba80000)
 ParOldGen       total 138752K, used 35970K [0x00000006c1800000, 0x00000006c9f80000, 0x000000076b300000)
  object space 138752K, 25% used [0x00000006c1800000,0x00000006c3b20ab0,0x00000006c9f80000)
 Metaspace       used 30230K, capacity 31739K, committed 32000K, reserved 1077248K
  class space    used 3938K, capacity 4261K, committed 4352K, reserved 1048576K

Card table byte_map: [0x0000000011b80000,0x0000000012380000] byte_map_base: 0x000000000e574000

Marking Bits: (ParMarkBitMap*) 0x000000005eb5a6c0
 Begin Bits: [0x00000000130d0000, 0x0000000017070000)
 End Bits:   [0x0000000017070000, 0x000000001b010000)

Polling page: 0x0000000002310000

CodeCache: size=245760Kb used=15775Kb max_used=16203Kb free=229984Kb
 bounds [0x00000000027c0000, 0x00000000037c0000, 0x00000000117c0000]
 total_blobs=5826 nmethods=4959 adapters=778
 compilation: enabled

Compilation events (10 events):
Event: 27.594 Thread 0x000000001e101000 5818       4       java.nio.ByteBuffer::order (48 bytes)
Event: 27.594 Thread 0x000000001e0fd000 5819       4       com.sun.javafx.geom.Shape::accumulate (527 bytes)
Event: 27.595 Thread 0x000000001e101000 nmethod 5818 0x0000000003784450 code [0x0000000003784580, 0x0000000003784618]
Event: 27.596 Thread 0x000000001e0f9000 5820  s    4       com.sun.webkit.graphics.Ref::deref (68 bytes)
Event: 27.597 Thread 0x000000001e101000 5821       4       sun.security.ssl.AppInputStream::available (30 bytes)
Event: 27.600 Thread 0x000000001e101000 nmethod 5821 0x0000000002fad590 code [0x0000000002fad6e0, 0x0000000002fadb58]
Event: 27.604 Thread 0x000000001e0f9000 nmethod 5820 0x0000000003274cd0 code [0x0000000003274e60, 0x00000000032759d8]
Event: 27.607 Thread 0x000000001e0fd000 nmethod 5819 0x0000000002fc7950 code [0x0000000002fc7b20, 0x0000000002fc8918]
Event: 27.819 Thread 0x000000001e101000 5823       4       java.lang.ref.ReferenceQueue$Lock::<init> (5 bytes)
Event: 27.820 Thread 0x000000001e101000 nmethod 5823 0x0000000002984890 code [0x00000000029849c0, 0x0000000002984a18]

GC Heap History (10 events):
Event: 12.323 GC heap before
{Heap before GC invocations=8 (full 1):
 PSYoungGen      total 199168K, used 184180K [0x000000076b300000, 0x0000000779780000, 0x00000007c0000000)
  eden space 176640K, 100% used [0x000000076b300000,0x0000000775f80000,0x0000000775f80000)
  from space 22528K, 33% used [0x0000000778180000,0x00000007788dd140,0x0000000779780000)
  to   space 28672K, 0% used [0x0000000775f80000,0x0000000775f80000,0x0000000777b80000)
 ParOldGen       total 138752K, used 26655K [0x00000006c1800000, 0x00000006c9f80000, 0x000000076b300000)
  object space 138752K, 19% used [0x00000006c1800000,0x00000006c3207c60,0x00000006c9f80000)
 Metaspace       used 29831K, capacity 31289K, committed 31360K, reserved 1077248K
  class space    used 3926K, capacity 4224K, committed 4224K, reserved 1048576K
Event: 12.332 GC heap after
Heap after GC invocations=8 (full 1):
 PSYoungGen      total 205312K, used 10578K [0x000000076b300000, 0x0000000780d80000, 0x00000007c0000000)
  eden space 176640K, 0% used [0x000000076b300000,0x000000076b300000,0x0000000775f80000)
  from space 28672K, 36% used [0x0000000775f80000,0x00000007769d4be0,0x0000000777b80000)
  to   space 26624K, 0% used [0x000000077f380000,0x000000077f380000,0x0000000780d80000)
 ParOldGen       total 138752K, used 26663K [0x00000006c1800000, 0x00000006c9f80000, 0x000000076b300000)
  object space 138752K, 19% used [0x00000006c1800000,0x00000006c3209c60,0x00000006c9f80000)
 Metaspace       used 29831K, capacity 31289K, committed 31360K, reserved 1077248K
  class space    used 3926K, capacity 4224K, committed 4224K, reserved 1048576K
}
Event: 16.504 GC heap before
{Heap before GC invocations=9 (full 1):
 PSYoungGen      total 205312K, used 187218K [0x000000076b300000, 0x0000000780d80000, 0x00000007c0000000)
  eden space 176640K, 100% used [0x000000076b300000,0x0000000775f80000,0x0000000775f80000)
  from space 28672K, 36% used [0x0000000775f80000,0x00000007769d4be0,0x0000000777b80000)
  to   space 26624K, 0% used [0x000000077f380000,0x000000077f380000,0x0000000780d80000)
 ParOldGen       total 138752K, used 26663K [0x00000006c1800000, 0x00000006c9f80000, 0x000000076b300000)
  object space 138752K, 19% used [0x00000006c1800000,0x00000006c3209c60,0x00000006c9f80000)
 Metaspace       used 30012K, capacity 31435K, committed 31744K, reserved 1077248K
  class space    used 3933K, capacity 4229K, committed 4352K, reserved 1048576K
Event: 16.509 GC heap after
Heap after GC invocations=9 (full 1):
 PSYoungGen      total 305664K, used 4370K [0x000000076b300000, 0x0000000780200000, 0x00000007c0000000)
  eden space 290816K, 0% used [0x000000076b300000,0x000000076b300000,0x000000077cf00000)
  from space 14848K, 29% used [0x000000077f380000,0x000000077f7c4a28,0x0000000780200000)
  to   space 26112K, 0% used [0x000000077cf00000,0x000000077cf00000,0x000000077e880000)
 ParOldGen       total 138752K, used 32450K [0x00000006c1800000, 0x00000006c9f80000, 0x000000076b300000)
  object space 138752K, 23% used [0x00000006c1800000,0x00000006c37b0950,0x00000006c9f80000)
 Metaspace       used 30012K, capacity 31435K, committed 31744K, reserved 1077248K
  class space    used 3933K, capacity 4229K, committed 4352K, reserved 1048576K
}
Event: 19.816 GC heap before
{Heap before GC invocations=10 (full 1):
 PSYoungGen      total 305664K, used 295186K [0x000000076b300000, 0x0000000780200000, 0x00000007c0000000)
  eden space 290816K, 100% used [0x000000076b300000,0x000000077cf00000,0x000000077cf00000)
  from space 14848K, 29% used [0x000000077f380000,0x000000077f7c4a28,0x0000000780200000)
  to   space 26112K, 0% used [0x000000077cf00000,0x000000077cf00000,0x000000077e880000)
 ParOldGen       total 138752K, used 32450K [0x00000006c1800000, 0x00000006c9f80000, 0x000000076b300000)
  object space 138752K, 23% used [0x00000006c1800000,0x00000006c37b0950,0x00000006c9f80000)
 Metaspace       used 30055K, capacity 31507K, committed 31744K, reserved 1077248K
  class space    used 3933K, capacity 4229K, committed 4352K, reserved 1048576K
Event: 19.820 GC heap after
Heap after GC invocations=10 (full 1):
 PSYoungGen      total 316928K, used 3089K [0x000000076b300000, 0x0000000786500000, 0x00000007c0000000)
  eden space 290816K, 0% used [0x000000076b300000,0x000000076b300000,0x000000077cf00000)
  from space 26112K, 11% used [0x000000077cf00000,0x000000077d2047d0,0x000000077e880000)
  to   space 26112K, 0% used [0x0000000784b80000,0x0000000784b80000,0x0000000786500000)
 ParOldGen       total 138752K, used 33630K [0x00000006c1800000, 0x00000006c9f80000, 0x000000076b300000)
  object space 138752K, 24% used [0x00000006c1800000,0x00000006c38d79b8,0x00000006c9f80000)
 Metaspace       used 30055K, capacity 31507K, committed 31744K, reserved 1077248K
  class space    used 3933K, capacity 4229K, committed 4352K, reserved 1048576K
}
Event: 22.674 GC heap before
{Heap before GC invocations=11 (full 1):
 PSYoungGen      total 316928K, used 293905K [0x000000076b300000, 0x0000000786500000, 0x00000007c0000000)
  eden space 290816K, 100% used [0x000000076b300000,0x000000077cf00000,0x000000077cf00000)
  from space 26112K, 11% used [0x000000077cf00000,0x000000077d2047d0,0x000000077e880000)
  to   space 26112K, 0% used [0x0000000784b80000,0x0000000784b80000,0x0000000786500000)
 ParOldGen       total 138752K, used 33630K [0x00000006c1800000, 0x00000006c9f80000, 0x000000076b300000)
  object space 138752K, 24% used [0x00000006c1800000,0x00000006c38d79b8,0x00000006c9f80000)
 Metaspace       used 30177K, capacity 31667K, committed 32000K, reserved 1077248K
  class space    used 3938K, capacity 4261K, committed 4352K, reserved 1048576K
Event: 22.676 GC heap after
Heap after GC invocations=11 (full 1):
 PSYoungGen      total 393728K, used 288K [0x000000076b300000, 0x0000000785900000, 0x00000007c0000000)
  eden space 379904K, 0% used [0x000000076b300000,0x000000076b300000,0x0000000782600000)
  from space 13824K, 2% used [0x0000000784b80000,0x0000000784bc8000,0x0000000785900000)
  to   space 26112K, 0% used [0x0000000782600000,0x0000000782600000,0x0000000783f80000)
 ParOldGen       total 138752K, used 35914K [0x00000006c1800000, 0x00000006c9f80000, 0x000000076b300000)
  object space 138752K, 25% used [0x00000006c1800000,0x00000006c3b12aa0,0x00000006c9f80000)
 Metaspace       used 30177K, capacity 31667K, committed 32000K, reserved 1077248K
  class space    used 3938K, capacity 4261K, committed 4352K, reserved 1048576K
}
Event: 27.758 GC heap before
{Heap before GC invocations=12 (full 1):
 PSYoungGen      total 393728K, used 380192K [0x000000076b300000, 0x0000000785900000, 0x00000007c0000000)
  eden space 379904K, 100% used [0x000000076b300000,0x0000000782600000,0x0000000782600000)
  from space 13824K, 2% used [0x0000000784b80000,0x0000000784bc8000,0x0000000785900000)
  to   space 26112K, 0% used [0x0000000782600000,0x0000000782600000,0x0000000783f80000)
 ParOldGen       total 138752K, used 35914K [0x00000006c1800000, 0x00000006c9f80000, 0x000000076b300000)
  object space 138752K, 25% used [0x00000006c1800000,0x00000006c3b12aa0,0x00000006c9f80000)
 Metaspace       used 30230K, capacity 31739K, committed 32000K, reserved 1077248K
  class space    used 3938K, capacity 4261K, committed 4352K, reserved 1048576K
Event: 27.760 GC heap after
Heap after GC invocations=12 (full 1):
 PSYoungGen      total 406016K, used 385K [0x000000076b300000, 0x000000078ba80000, 0x00000007c0000000)
  eden space 379904K, 0% used [0x000000076b300000,0x000000076b300000,0x0000000782600000)
  from space 26112K, 1% used [0x0000000782600000,0x0000000782660460,0x0000000783f80000)
  to   space 25600K, 0% used [0x000000078a180000,0x000000078a180000,0x000000078ba80000)
 ParOldGen       total 138752K, used 35970K [0x00000006c1800000, 0x00000006c9f80000, 0x000000076b300000)
  object space 138752K, 25% used [0x00000006c1800000,0x00000006c3b20ab0,0x00000006c9f80000)
 Metaspace       used 30230K, capacity 31739K, committed 32000K, reserved 1077248K
  class space    used 3938K, capacity 4261K, committed 4352K, reserved 1048576K
}

Deoptimization events (10 events):
Event: 15.914 Thread 0x000000001efd0000 Uncommon trap: reason=unstable_if action=reinterpret pc=0x00000000029e12dc method=java.lang.AbstractStringBuilder.append(Ljava/lang/String;)Ljava/lang/AbstractStringBuilder; @ 1
Event: 15.986 Thread 0x000000001ef96800 Uncommon trap: reason=class_check action=maybe_recompile pc=0x00000000035d7d9c method=com.sun.prism.impl.GlyphCache.render(Lcom/sun/prism/impl/BaseContext;Lcom/sun/javafx/scene/text/GlyphList;FFIILcom/sun/prism/paint/Color;Lcom/sun/prism/paint/Color;Lcom/
Event: 15.986 Thread 0x000000001ef96800 Uncommon trap: reason=class_check action=maybe_recompile pc=0x00000000033b8394 method=com.sun.prism.impl.GlyphCache.getCachedGlyph(II)Lcom/sun/prism/impl/GlyphCache$GlyphData; @ 81
Event: 15.986 Thread 0x000000001ef96800 Uncommon trap: reason=class_check action=maybe_recompile pc=0x00000000033b8394 method=com.sun.prism.impl.GlyphCache.getCachedGlyph(II)Lcom/sun/prism/impl/GlyphCache$GlyphData; @ 81
Event: 15.987 Thread 0x000000001ef96800 Uncommon trap: reason=class_check action=maybe_recompile pc=0x00000000033b8394 method=com.sun.prism.impl.GlyphCache.getCachedGlyph(II)Lcom/sun/prism/impl/GlyphCache$GlyphData; @ 81
Event: 15.987 Thread 0x000000001ef96800 Uncommon trap: reason=class_check action=maybe_recompile pc=0x00000000033b8394 method=com.sun.prism.impl.GlyphCache.getCachedGlyph(II)Lcom/sun/prism/impl/GlyphCache$GlyphData; @ 81
Event: 16.002 Thread 0x000000001ef96800 Uncommon trap: reason=class_check action=maybe_recompile pc=0x00000000035d7d9c method=com.sun.prism.impl.GlyphCache.render(Lcom/sun/prism/impl/BaseContext;Lcom/sun/javafx/scene/text/GlyphList;FFIILcom/sun/prism/paint/Color;Lcom/sun/prism/paint/Color;Lcom/
Event: 16.044 Thread 0x000000001ef96800 Uncommon trap: reason=class_check action=maybe_recompile pc=0x00000000035d7d9c method=com.sun.prism.impl.GlyphCache.render(Lcom/sun/prism/impl/BaseContext;Lcom/sun/javafx/scene/text/GlyphList;FFIILcom/sun/prism/paint/Color;Lcom/sun/prism/paint/Color;Lcom/
Event: 16.075 Thread 0x000000001ef96800 Uncommon trap: reason=class_check action=maybe_recompile pc=0x00000000035d7d9c method=com.sun.prism.impl.GlyphCache.render(Lcom/sun/prism/impl/BaseContext;Lcom/sun/javafx/scene/text/GlyphList;FFIILcom/sun/prism/paint/Color;Lcom/sun/prism/paint/Color;Lcom/
Event: 22.069 Thread 0x000000001efd0000 Uncommon trap: reason=unstable_if action=reinterpret pc=0x0000000002f32f50 method=javafx.scene.Node.impl_intersectsBounds(Lcom/sun/javafx/geom/PickRay;)D @ 902

Internal exceptions (10 events):
Event: 9.524 Thread 0x0000000028b0b000 Exception <a 'java/lang/NullPointerException'> (0x000000076c311138) thrown at [C:\re\workspace\8-2-build-windows-amd64-cygwin\jdk8u111\7883\hotspot\src\share\vm\runtime\sharedRuntime.cpp, line 605]
Event: 9.775 Thread 0x000000001ef57800 Exception <a 'java/lang/ClassNotFoundException': sun/net/www/protocol/data/Handler> (0x000000076b8f27d0) thrown at [C:\re\workspace\8-2-build-windows-amd64-cygwin\jdk8u111\7883\hotspot\src\share\vm\classfile\systemDictionary.cpp, line 210]
Event: 9.776 Thread 0x000000001ef57800 Exception <a 'java/lang/ClassNotFoundException': sun/net/www/protocol/data/Handler> (0x000000076b8f6a88) thrown at [C:\re\workspace\8-2-build-windows-amd64-cygwin\jdk8u111\7883\hotspot\src\share\vm\classfile\systemDictionary.cpp, line 210]
Event: 11.485 Thread 0x000000001ef58800 Exception <a 'java/lang/ClassNotFoundException': sun/net/www/protocol/data/Handler> (0x000000076bba6e10) thrown at [C:\re\workspace\8-2-build-windows-amd64-cygwin\jdk8u111\7883\hotspot\src\share\vm\classfile\systemDictionary.cpp, line 210]
Event: 11.485 Thread 0x0000000028b0a800 Exception <a 'java/lang/ClassNotFoundException': sun/net/www/protocol/data/Handler> (0x000000076d72a7e0) thrown at [C:\re\workspace\8-2-build-windows-amd64-cygwin\jdk8u111\7883\hotspot\src\share\vm\classfile\systemDictionary.cpp, line 210]
Event: 11.485 Thread 0x000000001ef58800 Exception <a 'java/lang/ClassNotFoundException': sun/net/www/protocol/data/Handler> (0x000000076bbad300) thrown at [C:\re\workspace\8-2-build-windows-amd64-cygwin\jdk8u111\7883\hotspot\src\share\vm\classfile\systemDictionary.cpp, line 210]
Event: 11.485 Thread 0x0000000028b0a800 Exception <a 'java/lang/ClassNotFoundException': sun/net/www/protocol/data/Handler> (0x000000076d730258) thrown at [C:\re\workspace\8-2-build-windows-amd64-cygwin\jdk8u111\7883\hotspot\src\share\vm\classfile\systemDictionary.cpp, line 210]
Event: 11.693 Thread 0x000000001efd0000 Exception <a 'java/lang/ClassNotFoundException': sun/net/www/protocol/about/Handler> (0x0000000771d5e810) thrown at [C:\re\workspace\8-2-build-windows-amd64-cygwin\jdk8u111\7883\hotspot\src\share\vm\classfile\systemDictionary.cpp, line 210]
Event: 12.350 Thread 0x000000001ef96800 Implicit null exception at 0x0000000003503a2c to 0x0000000003503aa1
Event: 15.914 Thread 0x000000001efd0000 Implicit null exception at 0x00000000029e0f16 to 0x00000000029e12c5

Events (10 events):
Event: 28.293 Thread 0x0000000028b0f000 Thread exited: 0x0000000028b0f000
Event: 28.293 Thread 0x0000000028b0f000 Thread added: 0x0000000028b0f000
Event: 28.293 Thread 0x0000000028b0f000 Thread exited: 0x0000000028b0f000
Event: 28.293 Thread 0x0000000028b0f800 Thread added: 0x0000000028b0f800
Event: 28.293 Thread 0x0000000028b0f800 Thread exited: 0x0000000028b0f800
Event: 28.293 Thread 0x0000000028b0f800 Thread added: 0x0000000028b0f800
Event: 28.293 Thread 0x0000000028b0f800 Thread exited: 0x0000000028b0f800
Event: 28.293 Thread 0x0000000028b0c800 Thread added: 0x0000000028b0c800
Event: 28.294 Thread 0x0000000028b0f800 Thread added: 0x0000000028b0f800
Event: 28.294 Thread 0x0000000028b0f800 Thread exited: 0x0000000028b0f800


Dynamic libraries:
0x00007ff791970000 - 0x00007ff7919a7000 	C:\Program Files\Java\jdk1.8.0_111\jre\bin\java.exe
0x00007ffd6b1f0000 - 0x00007ffd6b3e5000 	C:\WINDOWS\SYSTEM32\ntdll.dll
0x00007ffd69f00000 - 0x00007ffd69fbd000 	C:\WINDOWS\System32\KERNEL32.DLL
0x00007ffd68d20000 - 0x00007ffd68fe9000 	C:\WINDOWS\System32\KERNELBASE.dll
0x00007ffd6ac50000 - 0x00007ffd6acfc000 	C:\WINDOWS\System32\ADVAPI32.dll
0x00007ffd6b110000 - 0x00007ffd6b1ae000 	C:\WINDOWS\System32\msvcrt.dll
0x00007ffd6aba0000 - 0x00007ffd6ac3c000 	C:\WINDOWS\System32\sechost.dll
0x00007ffd69db0000 - 0x00007ffd69edb000 	C:\WINDOWS\System32\RPCRT4.dll
0x00007ffd69250000 - 0x00007ffd693f0000 	C:\WINDOWS\System32\USER32.dll
0x00007ffd691c0000 - 0x00007ffd691e2000 	C:\WINDOWS\System32\win32u.dll
0x00007ffd693f0000 - 0x00007ffd6941a000 	C:\WINDOWS\System32\GDI32.dll
0x00007ffd68ab0000 - 0x00007ffd68bbb000 	C:\WINDOWS\System32\gdi32full.dll
0x00007ffd69120000 - 0x00007ffd691bd000 	C:\WINDOWS\System32\msvcp_win.dll
0x00007ffd68930000 - 0x00007ffd68a30000 	C:\WINDOWS\System32\ucrtbase.dll
0x00007ffd558b0000 - 0x00007ffd55b4a000 	C:\WINDOWS\WinSxS\amd64_microsoft.windows.common-controls_6595b64144ccf1df_6.0.19041.844_none_ca00b6081b84eb1d\COMCTL32.dll
0x00007ffd69a20000 - 0x00007ffd69a50000 	C:\WINDOWS\System32\IMM32.DLL
0x000000005e260000 - 0x000000005e332000 	C:\Program Files\Java\jdk1.8.0_111\jre\bin\msvcr100.dll
0x000000005e340000 - 0x000000005ebda000 	C:\Program Files\Java\jdk1.8.0_111\jre\bin\server\jvm.dll
0x00007ffd6ad00000 - 0x00007ffd6ad08000 	C:\WINDOWS\System32\PSAPI.DLL
0x00007ffd57800000 - 0x00007ffd57827000 	C:\WINDOWS\SYSTEM32\WINMM.dll
0x00007ffd60580000 - 0x00007ffd6058a000 	C:\WINDOWS\SYSTEM32\VERSION.dll
0x00007ffd53580000 - 0x00007ffd53589000 	C:\WINDOWS\SYSTEM32\WSOCK32.dll
0x00007ffd6af80000 - 0x00007ffd6afeb000 	C:\WINDOWS\System32\WS2_32.dll
0x000000005e210000 - 0x000000005e21f000 	C:\Program Files\Java\jdk1.8.0_111\jre\bin\verify.dll
0x000000005e1e0000 - 0x000000005e209000 	C:\Program Files\Java\jdk1.8.0_111\jre\bin\java.dll
0x000000005e1c0000 - 0x000000005e1d6000 	C:\Program Files\Java\jdk1.8.0_111\jre\bin\zip.dll
0x00007ffd6a2a0000 - 0x00007ffd6a9e2000 	C:\WINDOWS\System32\SHELL32.dll
0x00007ffd66a70000 - 0x00007ffd67200000 	C:\WINDOWS\SYSTEM32\windows.storage.dll
0x00007ffd69a50000 - 0x00007ffd69da5000 	C:\WINDOWS\System32\combase.dll
0x00007ffd683a0000 - 0x00007ffd683cc000 	C:\WINDOWS\SYSTEM32\Wldp.dll
0x00007ffd6ad70000 - 0x00007ffd6ae1e000 	C:\WINDOWS\System32\SHCORE.dll
0x00007ffd6aa90000 - 0x00007ffd6aae5000 	C:\WINDOWS\System32\shlwapi.dll
0x00007ffd68870000 - 0x00007ffd6888f000 	C:\WINDOWS\SYSTEM32\profapi.dll
0x00007ffd1fa10000 - 0x00007ffd1faff000 	C:\Program Files\Java\jdk1.8.0_111\jre\bin\msvcr120.dll
0x00007ffd1f960000 - 0x00007ffd1fa06000 	C:\Program Files\Java\jdk1.8.0_111\jre\bin\msvcp120.dll
0x000000005d3b0000 - 0x000000005d3d2000 	C:\Program Files\Java\jdk1.8.0_111\jre\bin\prism_d3d.dll
0x00007ffd239f0000 - 0x00007ffd23bbf000 	C:\WINDOWS\system32\d3d9.dll
0x00007ffd67210000 - 0x00007ffd67222000 	C:\WINDOWS\SYSTEM32\kernel.appcore.dll
0x00007ffd661f0000 - 0x00007ffd6621f000 	C:\WINDOWS\SYSTEM32\dwmapi.dll
0x00007ffd65710000 - 0x00007ffd657ae000 	C:\WINDOWS\system32\uxtheme.dll
0x00007ffd22d00000 - 0x00007ffd22e65000 	C:\WINDOWS\System32\DriverStore\FileRepository\iigd_dch.inf_amd64_0f2250737b8ab5a6\igdumdim64.dll
0x00007ffd69480000 - 0x00007ffd695aa000 	C:\WINDOWS\System32\ole32.dll
0x00007ffcf8de0000 - 0x00007ffcfd71d000 	C:\WINDOWS\System32\DriverStore\FileRepository\iigd_dch.inf_amd64_0f2250737b8ab5a6\igd9dxva64.dll
0x00007ffd6a1d0000 - 0x00007ffd6a29d000 	C:\WINDOWS\System32\OLEAUT32.dll
0x00007ffd695b0000 - 0x00007ffd69a19000 	C:\WINDOWS\System32\SETUPAPI.dll
0x00007ffd68a60000 - 0x00007ffd68aae000 	C:\WINDOWS\System32\cfgmgr32.dll
0x00007ffd68a30000 - 0x00007ffd68a57000 	C:\WINDOWS\System32\bcrypt.dll
0x00007ffd5c0a0000 - 0x00007ffd5c368000 	C:\WINDOWS\System32\DriverStore\FileRepository\iigd_dch.inf_amd64_0f2250737b8ab5a6\igdgmm64.dll
0x000000005d360000 - 0x000000005d3a3000 	C:\Program Files\Java\jdk1.8.0_111\jre\bin\glass.dll
0x00007ffd6ae20000 - 0x00007ffd6aefa000 	C:\WINDOWS\System32\COMDLG32.dll
0x00007ffd6aff0000 - 0x00007ffd6b105000 	C:\WINDOWS\System32\MSCTF.dll
0x00007ffd690a0000 - 0x00007ffd69120000 	C:\WINDOWS\System32\bcryptPrimitives.dll
0x00007ffd4e800000 - 0x00007ffd4e827000 	C:\WINDOWS\System32\DriverStore\FileRepository\iigd_dch.inf_amd64_0f2250737b8ab5a6\igdinfo64.dll
0x00007ffd59240000 - 0x00007ffd5bde2000 	C:\WINDOWS\System32\DriverStore\FileRepository\iigd_dch.inf_amd64_0f2250737b8ab5a6\igc64.dll
0x00007ffd5ec90000 - 0x00007ffd5eccb000 	C:\WINDOWS\SYSTEM32\dxcore.dll
0x000000005d340000 - 0x000000005d354000 	C:\Program Files\Java\jdk1.8.0_111\jre\bin\javafx_font.dll
0x00007ffd56150000 - 0x00007ffd563cf000 	C:\WINDOWS\SYSTEM32\dwrite.dll
0x00007ffd6aaf0000 - 0x00007ffd6ab99000 	C:\WINDOWS\System32\clbcatq.dll
0x00007ffd60840000 - 0x00007ffd609f4000 	C:\WINDOWS\SYSTEM32\WindowsCodecs.dll
0x00007ffd54210000 - 0x00007ffd5424e000 	C:\WINDOWS\system32\dataexchange.dll
0x00007ffd64b80000 - 0x00007ffd64d67000 	C:\WINDOWS\system32\dcomp.dll
0x00007ffd63ef0000 - 0x00007ffd64154000 	C:\WINDOWS\system32\d3d11.dll
0x00007ffd673a0000 - 0x00007ffd67493000 	C:\WINDOWS\system32\dxgi.dll
0x00007ffd60a00000 - 0x00007ffd60c01000 	C:\WINDOWS\system32\twinapi.appcore.dll
0x00007ffd5ce90000 - 0x00007ffd5cec4000 	C:\Program Files\Common Files\Microsoft Shared\Ink\rtscom.dll
0x00007ffd5ea10000 - 0x00007ffd5eb0b000 	C:\WINDOWS\SYSTEM32\textinputframework.dll
0x00007ffd650f0000 - 0x00007ffd6544e000 	C:\WINDOWS\System32\CoreUIComponents.dll
0x00007ffd65450000 - 0x00007ffd65542000 	C:\WINDOWS\System32\CoreMessaging.dll
0x00007ffd63d90000 - 0x00007ffd63ee4000 	C:\WINDOWS\SYSTEM32\wintypes.dll
0x00007ffd67680000 - 0x00007ffd676b3000 	C:\WINDOWS\SYSTEM32\ntmarta.dll
0x000000005d320000 - 0x000000005d331000 	C:\Program Files\Java\jdk1.8.0_111\jre\bin\prism_common.dll
0x000000005e1a0000 - 0x000000005e1ba000 	C:\Program Files\Java\jdk1.8.0_111\jre\bin\net.dll
0x00007ffd68120000 - 0x00007ffd6818a000 	C:\WINDOWS\system32\mswsock.dll
0x00007ffd67e10000 - 0x00007ffd67edb000 	C:\WINDOWS\SYSTEM32\DNSAPI.dll
0x00007ffd67dc0000 - 0x00007ffd67dfb000 	C:\WINDOWS\SYSTEM32\IPHLPAPI.DLL
0x00007ffd6ac40000 - 0x00007ffd6ac48000 	C:\WINDOWS\System32\NSI.dll
0x0000000060540000 - 0x0000000060566000 	C:\Program Files\Bonjour\mdnsNSP.dll
0x00007ffd554f0000 - 0x00007ffd554fa000 	C:\Windows\System32\rasadhlp.dll
0x00007ffd55550000 - 0x00007ffd555cf000 	C:\WINDOWS\System32\fwpuclnt.dll
0x000000005ded0000 - 0x000000005def4000 	C:\Program Files\Java\jdk1.8.0_111\jre\bin\sunec.dll
0x000000005dec0000 - 0x000000005decb000 	C:\Program Files\Java\jdk1.8.0_111\jre\bin\sunmscapi.dll
0x00007ffd68bc0000 - 0x00007ffd68d1f000 	C:\WINDOWS\System32\CRYPT32.dll
0x000000005d2f0000 - 0x000000005d313000 	C:\Program Files\Java\jdk1.8.0_111\jre\bin\javafx_iio.dll
0x000000005ad50000 - 0x000000005d2e1000 	C:\Program Files\Java\jdk1.8.0_111\jre\bin\jfxwebkit.dll
0x00007ffd682f0000 - 0x00007ffd68308000 	C:\WINDOWS\SYSTEM32\CRYPTSP.dll
0x00007ffd67a50000 - 0x00007ffd67a84000 	C:\WINDOWS\system32\rsaenh.dll
0x00007ffd68310000 - 0x00007ffd6831c000 	C:\WINDOWS\SYSTEM32\CRYPTBASE.dll
0x000000005e180000 - 0x000000005e191000 	C:\Program Files\Java\jdk1.8.0_111\jre\bin\nio.dll
0x00007ffd687f0000 - 0x00007ffd6881e000 	C:\WINDOWS\SYSTEM32\USERENV.dll
0x00007ffd610c0000 - 0x00007ffd610d7000 	C:\WINDOWS\SYSTEM32\dhcpcsvc6.DLL
0x00007ffd61200000 - 0x00007ffd6121d000 	C:\WINDOWS\SYSTEM32\dhcpcsvc.DLL
0x000000005acd0000 - 0x000000005ad43000 	C:\Program Files\Java\jdk1.8.0_111\jre\bin\glib-lite.dll
0x000000005ac30000 - 0x000000005accc000 	C:\Program Files\Java\jdk1.8.0_111\jre\bin\gstreamer-lite.dll
0x00007ffd57010000 - 0x00007ffd570ac000 	C:\WINDOWS\SYSTEM32\DSOUND.dll
0x00007ffd4afc0000 - 0x00007ffd4afe6000 	C:\WINDOWS\SYSTEM32\winmmbase.dll
0x00007ffd67ee0000 - 0x00007ffd67f2b000 	C:\WINDOWS\SYSTEM32\powrprof.dll
0x00007ffd67da0000 - 0x00007ffd67db2000 	C:\WINDOWS\SYSTEM32\UMPDC.dll
0x000000005ac00000 - 0x000000005ac25000 	C:\Program Files\Java\jdk1.8.0_111\jre\bin\jfxmedia.dll
0x000000005dfe0000 - 0x000000005e178000 	C:\Program Files\Java\jdk1.8.0_111\jre\bin\awt.dll
0x00007ffd65680000 - 0x00007ffd65710000 	C:\WINDOWS\SYSTEM32\apphelp.dll
0x00007ffd68820000 - 0x00007ffd6885c000 	C:\WINDOWS\SYSTEM32\SspiCli.dll
0x000000005abc0000 - 0x000000005abf1000 	C:\Program Files\Java\jdk1.8.0_111\jre\bin\fxplugins.dll
0x00007ffd2bcb0000 - 0x00007ffd2bf2b000 	C:\Windows\System32\msmpeg2vdec.dll
0x00007ffd3bc50000 - 0x00007ffd3be0c000 	C:\Windows\System32\MFPlat.DLL
0x00007ffd2bb80000 - 0x00007ffd2bcad000 	C:\Windows\System32\mfperfhelper.dll
0x00007ffd3bfa0000 - 0x00007ffd3bfd0000 	C:\Windows\System32\RTWorkQ.DLL
0x00007ffd57f20000 - 0x00007ffd57f57000 	C:\Windows\System32\CompPkgSup.DLL
0x00007ffd469d0000 - 0x00007ffd46b16000 	C:\Windows\System32\Windows.StateRepositoryPS.dll
0x00007ffd1f850000 - 0x00007ffd1f957000 	C:\Windows\System32\msmpeg2adec.dll
0x00007ffd61f10000 - 0x00007ffd61f95000 	C:\WINDOWS\System32\MMDevApi.dll
0x00007ffd686e0000 - 0x00007ffd6870c000 	C:\WINDOWS\System32\DEVOBJ.dll
0x00007ffd61fb0000 - 0x00007ffd62135000 	C:\WINDOWS\SYSTEM32\AUDIOSES.DLL
0x00007ffd66100000 - 0x00007ffd66114000 	C:\WINDOWS\SYSTEM32\resourcepolicyclient.dll
0x00007ffd61040000 - 0x00007ffd6104a000 	C:\WINDOWS\SYSTEM32\avrt.dll
0x00007ffd1f220000 - 0x00007ffd1f3f0000 	C:\Windows\System32\quartz.dll
0x00007ffd5c440000 - 0x00007ffd5c581000 	C:\Windows\System32\Windows.UI.dll
0x00007ffd58420000 - 0x00007ffd58572000 	C:\Windows\System32\InputHost.dll
0x00007ffd60c10000 - 0x00007ffd60cb1000 	C:\Windows\System32\WindowManagementAPI.dll
0x00007ffd65ec0000 - 0x00007ffd65fb7000 	C:\Windows\System32\PROPSYS.dll
0x00007ffd66780000 - 0x00007ffd66964000 	C:\WINDOWS\SYSTEM32\dbghelp.dll

VM Arguments:
jvm_args: -Dfile.encoding=UTF-8 
java_command: C:\Users\ahmed\OneDrive\Documents\ArtLife\dist\run28185733\ArtLife.jar
java_class_path (initial): C:\Users\ahmed\OneDrive\Documents\ArtLife\dist\run28185733\ArtLife.jar
Launcher Type: SUN_STANDARD

Environment Variables:
PATH=C:\Program Files (x86)\Common Files\Oracle\Java\javapath;C:\ProgramData\Oracle\Java\javapath;C:\Program Files\Common Files\Oracle\Java\javapath;C:\Program Files (x86)\Common Files\Intel\Shared Libraries\redist\intel64\compiler;C:\WINDOWS\system32;C:\WINDOWS;C:\WINDOWS\System32\Wbem;C:\WINDOWS\System32\WindowsPowerShell\v1.0\;C:\WINDOWS\System32\OpenSSH\;C:\xampp\php;C:\ProgramData\ComposerSetup\bin;C:\Program Files\Git\cmd;C:\Program Files\nodejs\;C:\ProgramData\chocolatey\bin;;C:\Program Files\Symfony;C:\Users\ahmed\AppData\Local\Microsoft\WindowsApps;C:\Users\ahmed\AppData\Local\Programs\Microsoft VS Code\bin;C:\Users\ahmed\AppData\Local\GitHubDesktop\bin;C:\Users\ahmed\AppData\Roaming\Composer\vendor\bin;C:\Users\ahmed\AppData\Roaming\npm
USERNAME=ahmed
OS=Windows_NT
PROCESSOR_IDENTIFIER=Intel64 Family 6 Model 142 Stepping 10, GenuineIntel



---------------  S Y S T E M  ---------------

OS: Windows 10.0 , 64 bit Build 19041 (10.0.19041.804)

CPU:total 8 (4 cores per cpu, 2 threads per core) family 6 model 142 stepping 10, cmov, cx8, fxsr, mmx, sse, sse2, sse3, ssse3, sse4.1, sse4.2, popcnt, avx, avx2, aes, clmul, erms, 3dnowpref, lzcnt, ht, tsc, tscinvbit, bmi1, bmi2, adx

Memory: 4k page, physical 16672380k(3621152k free), swap 24426172k(3076784k free)

vm_info: Java HotSpot(TM) 64-Bit Server VM (25.111-b14) for windows-amd64 JRE (1.8.0_111-b14), built on Sep 22 2016 19:24:05 by "java_re" with MS VC++ 10.0 (VS2010)

time: Thu Mar 25 11:14:05 2021
elapsed time: 28 seconds (0d 0h 0m 28s)

