#
# A fatal error has been detected by the Java Runtime Environment:
#
#  EXCEPTION_ACCESS_VIOLATION (0xc0000005) at pc=0x000000005babd279, pid=12972, tid=0x0000000000001b44
#
# JRE version: Java(TM) SE Runtime Environment (8.0_111-b14) (build 1.8.0_111-b14)
# Java VM: Java HotSpot(TM) 64-Bit Server VM (25.111-b14 mixed mode windows-amd64 compressed oops)
# Problematic frame:
# C  [jfxwebkit.dll+0xd6d279]
#
# Failed to write core dump. Minidumps are not enabled by default on client versions of Windows
#
# If you would like to submit a bug report, please visit:
#   http://bugreport.java.com/bugreport/crash.jsp
# The crash happened outside the Java Virtual Machine in native code.
# See problematic frame for where to report the bug.
#

---------------  T H R E A D  ---------------

Current thread (0x000000001eeb9000):  JavaThread "JavaFX Application Thread" [_thread_in_native, id=6980, stack(0x000000001fa90000,0x000000001fb90000)]

siginfo: ExceptionCode=0xc0000005, writing address 0x000000000000a1b0

Registers:
RAX=0x0000000036cd0000, RBX=0x000000002d75ff30, RCX=0x000000002d75ff30, RDX=0x000000002d75ff30
RSP=0x000000001fb8b520, RBP=0x000000001fb8b680, RSI=0x0000000000000000, RDI=0x000000001fb8b960
R8 =0x000000003de86070, R9 =0xffff000000000000, R10=0x0000000000000000, R11=0xffff000000000002
R12=0x000000002d75ff30, R13=0x000000002d74ff90, R14=0x0000000000000000, R15=0x000000003de86070
RIP=0x000000005babd279, EFLAGS=0x0000000000010206

Top of Stack: (sp=0x000000001fb8b520)
0x000000001fb8b520:   0000000023d1ce20 000000005babfd0c
0x000000001fb8b530:   0000000032b501c0 000000003de86060
0x000000001fb8b540:   000000001fb8b6c0 000000002d75ff20
0x000000001fb8b550:   000000003de86048 0000000000000000
0x000000001fb8b560:   000000002d74ff90 000000002d75ff30
0x000000001fb8b570:   0000000000000005 000000005bab4ac2
0x000000001fb8b580:   000000003de86070 000000001fb8b680
0x000000001fb8b590:   0000000000000000 0000000000000003
0x000000001fb8b5a0:   000000003de86060 0000000000000000
0x000000001fb8b5b0:   000000003de86070 0000000000001fa2
0x000000001fb8b5c0:   0000000000000085 000000002d75ff30
0x000000001fb8b5d0:   000000002d75ff30 000000005b98f406
0x000000001fb8b5e0:   badbeef00000007d 0000000000000000
0x000000001fb8b5f0:   000000002fe6e3a0 000000005e5d63ac
0x000000001fb8b600:   000000077a0b9fa8 000000076df09298
0x000000001fb8b610:   00000000318465b8 0000000000000000 

Instructions: (pc=0x000000005babd279)
0x000000005babd259:   83 ec 30 48 8b 42 18 48 8b da 48 8b f9 48 25 00
0x000000005babd269:   00 ff ff 48 8b cb 4d 8b f8 48 8b b0 68 04 00 00
0x000000005babd279:   48 89 96 b0 a1 00 00 49 8d 50 08 e8 37 b0 e5 ff
0x000000005babd289:   4c 8b 73 10 49 63 6f 10 41 8b 86 84 01 00 00 4c 


Register to memory mapping:

RAX=0x0000000036cd0000 is an unknown value
RBX=0x000000002d75ff30 is an unknown value
RCX=0x000000002d75ff30 is an unknown value
RDX=0x000000002d75ff30 is an unknown value
RSP=0x000000001fb8b520 is pointing into the stack for thread: 0x000000001eeb9000
RBP=0x000000001fb8b680 is pointing into the stack for thread: 0x000000001eeb9000
RSI=0x0000000000000000 is an unknown value
RDI=0x000000001fb8b960 is pointing into the stack for thread: 0x000000001eeb9000
R8 =0x000000003de86070 is an unknown value
R9 =0xffff000000000000 is an unknown value
R10=0x0000000000000000 is an unknown value
R11=0xffff000000000002 is an unknown value
R12=0x000000002d75ff30 is an unknown value
R13=0x000000002d74ff90 is an unknown value
R14=0x0000000000000000 is an unknown value
R15=0x000000003de86070 is an unknown value


Stack: [0x000000001fa90000,0x000000001fb90000],  sp=0x000000001fb8b520,  free space=1005k
Native frames: (J=compiled Java code, j=interpreted, Vv=VM code, C=native code)
C  [jfxwebkit.dll+0xd6d279]
C  [jfxwebkit.dll+0xd64ac2]
C  [jfxwebkit.dll+0xd314b3]
C  [jfxwebkit.dll+0xc371de]
C  [jfxwebkit.dll+0xc34683]
C  [jfxwebkit.dll+0xbd0b0e]
C  [jfxwebkit.dll+0x4453e1]
C  [jfxwebkit.dll+0x452574]
C  [jfxwebkit.dll+0x452496]
C  [jfxwebkit.dll+0x5d3563]
C  [jfxwebkit.dll+0x6fbe7a]
C  [jfxwebkit.dll+0x6fbc71]
C  [jfxwebkit.dll+0x6fbd46]
C  [jfxwebkit.dll+0x6f0f50]
C  [jfxwebkit.dll+0x78c4c3]
C  [jfxwebkit.dll+0x7c30de]
C  0x00000000026f7f74

Java frames: (J=compiled Java code, j=interpreted, Vv=VM code)
j  com.sun.webkit.network.URLLoader.twkDidFinishLoading(J)V+0
j  com.sun.webkit.network.URLLoader.notifyDidFinishLoading()V+44
j  com.sun.webkit.network.URLLoader.lambda$didFinishLoading$99()V+8
j  com.sun.webkit.network.URLLoader$$Lambda$364.run()V+4
J 4863 C1 com.sun.javafx.application.PlatformImpl$$Lambda$50.run()Ljava/lang/Object; (8 bytes) @ 0x000000000337b80c [0x000000000337b6c0+0x14c]
v  ~StubRoutines::call_stub
J 1151  java.security.AccessController.doPrivileged(Ljava/security/PrivilegedAction;Ljava/security/AccessControlContext;)Ljava/lang/Object; (0 bytes) @ 0x0000000002ac83a6 [0x0000000002ac8340+0x66]
J 4659 C1 com.sun.javafx.application.PlatformImpl.lambda$runLater$174(Ljava/lang/Runnable;Ljava/security/AccessControlContext;)V (38 bytes) @ 0x00000000032f33dc [0x00000000032f2fc0+0x41c]
J 4658 C1 com.sun.javafx.application.PlatformImpl$$Lambda$49.run()V (12 bytes) @ 0x00000000032e768c [0x00000000032e7600+0x8c]
J 3872 C1 com.sun.glass.ui.InvokeLaterDispatcher$Future.run()V (91 bytes) @ 0x0000000002a831d4 [0x0000000002a830c0+0x114]
v  ~StubRoutines::call_stub
j  com.sun.glass.ui.win.WinApplication._runLoop(Ljava/lang/Runnable;)V+0
j  com.sun.glass.ui.win.WinApplication.lambda$null$148(ILjava/lang/Runnable;)V+8
j  com.sun.glass.ui.win.WinApplication$$Lambda$38.run()V+12
j  java.lang.Thread.run()V+11
v  ~StubRoutines::call_stub

---------------  P R O C E S S  ---------------

Java Threads: ( => current thread )
  0x00000000283e2000 JavaThread "URL-Loader-20" daemon [_thread_blocked, id=11724, stack(0x00000000348a0000,0x00000000349a0000)]
  0x00000000283da000 JavaThread "URL-Loader-19" daemon [_thread_blocked, id=17200, stack(0x00000000347a0000,0x00000000348a0000)]
  0x00000000283e1000 JavaThread "Thread-5" daemon [_thread_in_native, id=19552, stack(0x0000000034190000,0x0000000034290000)]
  0x00000000283e0800 JavaThread "URL-Loader-18" daemon [_thread_blocked, id=22088, stack(0x00000000321c0000,0x00000000322c0000)]
  0x00000000283d8800 JavaThread "URL-Loader-17" daemon [_thread_blocked, id=19484, stack(0x0000000031ec0000,0x0000000031fc0000)]
  0x00000000283df800 JavaThread "URL-Loader-16" daemon [_thread_blocked, id=6104, stack(0x0000000031c60000,0x0000000031d60000)]
  0x00000000283dd800 JavaThread "URL-Loader-15" daemon [_thread_blocked, id=20612, stack(0x0000000031b60000,0x0000000031c60000)]
  0x00000000283d9800 JavaThread "URL-Loader-14" daemon [_thread_blocked, id=10352, stack(0x0000000031a60000,0x0000000031b60000)]
  0x00000000283dc800 JavaThread "URL-Loader-13" daemon [_thread_blocked, id=14644, stack(0x0000000031960000,0x0000000031a60000)]
  0x00000000283d8000 JavaThread "URL-Loader-12" daemon [_thread_blocked, id=13004, stack(0x0000000031860000,0x0000000031960000)]
  0x00000000283de000 JavaThread "URL-Loader-11" daemon [_thread_blocked, id=6668, stack(0x0000000030f60000,0x0000000031060000)]
  0x00000000283df000 JavaThread "URL-Loader-10" daemon [_thread_blocked, id=10164, stack(0x0000000030e60000,0x0000000030f60000)]
  0x00000000283db800 JavaThread "URL-Loader-9" daemon [_thread_blocked, id=8896, stack(0x0000000030d60000,0x0000000030e60000)]
  0x00000000285cf000 JavaThread "URL-Loader-8" daemon [_thread_blocked, id=16404, stack(0x0000000030c60000,0x0000000030d60000)]
  0x00000000285d2000 JavaThread "URL-Loader-7" daemon [_thread_blocked, id=22280, stack(0x0000000030aa0000,0x0000000030ba0000)]
  0x00000000285d1800 JavaThread "URL-Loader-6" daemon [_thread_blocked, id=8796, stack(0x00000000309a0000,0x0000000030aa0000)]
  0x00000000285d0800 JavaThread "URL-Loader-5" daemon [_thread_blocked, id=13548, stack(0x00000000308a0000,0x00000000309a0000)]
  0x00000000285d0000 JavaThread "URL-Loader-4" daemon [_thread_blocked, id=14592, stack(0x00000000307a0000,0x00000000308a0000)]
  0x00000000285ce800 JavaThread "URL-Loader-3" daemon [_thread_blocked, id=4804, stack(0x00000000306a0000,0x00000000307a0000)]
  0x00000000285d3800 JavaThread "URL-Loader-2" daemon [_thread_blocked, id=9076, stack(0x00000000305a0000,0x00000000306a0000)]
  0x00000000285cd800 JavaThread "Watchdog-Timer-1" daemon [_thread_blocked, id=20232, stack(0x0000000030420000,0x0000000030520000)]
  0x00000000285cd000 JavaThread "Keep-Alive-Timer" daemon [_thread_blocked, id=19988, stack(0x00000000302c0000,0x00000000303c0000)]
  0x000000001ee56000 JavaThread "URL-Loader-1" daemon [_thread_blocked, id=12900, stack(0x000000002d860000,0x000000002d960000)]
  0x00000000287ff000 JavaThread "Disposer" daemon [_thread_blocked, id=16672, stack(0x000000002d760000,0x000000002d860000)]
  0x000000001f412000 JavaThread "mysql-cj-abandoned-connection-cleanup" daemon [_thread_blocked, id=8860, stack(0x0000000027a40000,0x0000000027b40000)]
  0x000000001f5fa000 JavaThread "Prism Font Disposer" daemon [_thread_blocked, id=13660, stack(0x0000000025320000,0x0000000025420000)]
  0x000000001ef3e000 JavaThread "Thread-3" daemon [_thread_in_native, id=9952, stack(0x0000000024570000,0x0000000024670000)]
  0x000000001ef6f000 JavaThread "JavaFX-Launcher" [_thread_blocked, id=14424, stack(0x0000000024670000,0x0000000024770000)]
=>0x000000001eeb9000 JavaThread "JavaFX Application Thread" [_thread_in_native, id=6980, stack(0x000000001fa90000,0x000000001fb90000)]
  0x000000001eea6800 JavaThread "Thread-1" daemon [_thread_blocked, id=10780, stack(0x000000001f990000,0x000000001fa90000)]
  0x000000001ee92800 JavaThread "QuantumRenderer-0" daemon [_thread_blocked, id=20944, stack(0x000000001f620000,0x000000001f720000)]
  0x000000001e0bd000 JavaThread "Service Thread" daemon [_thread_blocked, id=18724, stack(0x000000001ec20000,0x000000001ed20000)]
  0x000000001e02b000 JavaThread "C1 CompilerThread3" daemon [_thread_blocked, id=16744, stack(0x000000001eb20000,0x000000001ec20000)]
  0x000000001e027000 JavaThread "C2 CompilerThread2" daemon [_thread_blocked, id=21904, stack(0x000000001ea20000,0x000000001eb20000)]
  0x000000001e01f800 JavaThread "C2 CompilerThread1" daemon [_thread_blocked, id=18420, stack(0x000000001e920000,0x000000001ea20000)]
  0x000000001e01c000 JavaThread "C2 CompilerThread0" daemon [_thread_blocked, id=6800, stack(0x000000001e820000,0x000000001e920000)]
  0x000000001e016000 JavaThread "Attach Listener" daemon [_thread_blocked, id=16280, stack(0x000000001e720000,0x000000001e820000)]
  0x000000001e015000 JavaThread "Signal Dispatcher" daemon [_thread_blocked, id=6664, stack(0x000000001e620000,0x000000001e720000)]
  0x00000000026de000 JavaThread "Finalizer" daemon [_thread_blocked, id=8024, stack(0x000000001e3f0000,0x000000001e4f0000)]
  0x00000000026d7000 JavaThread "Reference Handler" daemon [_thread_blocked, id=20764, stack(0x000000001def0000,0x000000001dff0000)]
  0x00000000025de000 JavaThread "main" [_thread_blocked, id=15164, stack(0x0000000002420000,0x0000000002520000)]

Other Threads:
  0x000000001c119800 VMThread [stack: 0x000000001ddf0000,0x000000001def0000] [id=22672]
  0x000000001e0da000 WatcherThread [stack: 0x000000001ed20000,0x000000001ee20000] [id=14692]

VM state:not at safepoint (normal execution)

VM Mutex/Monitor currently owned by a thread: None

Heap:
 PSYoungGen      total 225280K, used 57196K [0x000000076b300000, 0x000000077b100000, 0x00000007c0000000)
  eden space 203776K, 23% used [0x000000076b300000,0x000000076e1a2ca8,0x0000000777a00000)
  from space 21504K, 43% used [0x0000000779c00000,0x000000077a538598,0x000000077b100000)
  to   space 28160K, 0% used [0x0000000777a00000,0x0000000777a00000,0x0000000779580000)
 ParOldGen       total 126464K, used 25675K [0x00000006c1800000, 0x00000006c9380000, 0x000000076b300000)
  object space 126464K, 20% used [0x00000006c1800000,0x00000006c3112c90,0x00000006c9380000)
 Metaspace       used 29267K, capacity 30671K, committed 30848K, reserved 1075200K
  class space    used 3852K, capacity 4161K, committed 4224K, reserved 1048576K

Card table byte_map: [0x0000000011aa0000,0x00000000122a0000] byte_map_base: 0x000000000e494000

Marking Bits: (ParMarkBitMap*) 0x000000005eb5a6c0
 Begin Bits: [0x0000000012ff0000, 0x0000000016f90000)
 End Bits:   [0x0000000016f90000, 0x000000001af30000)

Polling page: 0x0000000000b30000

CodeCache: size=245760Kb used=12952Kb max_used=12965Kb free=232807Kb
 bounds [0x00000000026e0000, 0x00000000033a0000, 0x00000000116e0000]
 total_blobs=5139 nmethods=4287 adapters=762
 compilation: enabled

Compilation events (10 events):
Event: 16.118 Thread 0x000000001e02b000 4899       3       java.util.concurrent.ConcurrentLinkedQueue$Node::casItem (13 bytes)
Event: 16.118 Thread 0x000000001e02b000 nmethod 4899 0x0000000003390750 code [0x00000000033908a0, 0x0000000003390a30]
Event: 16.121 Thread 0x000000001e02b000 4900       1       javafx.animation.Animation$AnimationReadOnlyProperty::get (5 bytes)
Event: 16.122 Thread 0x000000001e02b000 nmethod 4900 0x0000000003390450 code [0x00000000033905a0, 0x00000000033906b0]
Event: 16.191 Thread 0x000000001e027000 4901       4       java.util.WeakHashMap$EntryIterator::next (5 bytes)
Event: 16.192 Thread 0x000000001e027000 nmethod 4901 0x0000000003396d90 code [0x0000000003396ee0, 0x0000000003396fd8]
Event: 16.623 Thread 0x000000001e02b000 4902       3       java.lang.Math::min (12 bytes)
Event: 16.623 Thread 0x000000001e02b000 nmethod 4902 0x0000000003396a10 code [0x0000000003396b60, 0x0000000003396cf0]
Event: 17.359 Thread 0x000000001e01f800 4903       4       java.util.concurrent.locks.ReentrantLock$Sync::isHeldExclusively (16 bytes)
Event: 17.359 Thread 0x000000001e01f800 nmethod 4903 0x0000000003354a10 code [0x0000000003354b40, 0x0000000003354bb8]

GC Heap History (10 events):
Event: 2.617 GC heap before
{Heap before GC invocations=3 (full 1):
 PSYoungGen      total 76288K, used 10724K [0x000000076b300000, 0x0000000774800000, 0x00000007c0000000)
  eden space 65536K, 0% used [0x000000076b300000,0x000000076b300000,0x000000076f300000)
  from space 10752K, 99% used [0x000000076fd80000,0x00000007707f92a0,0x0000000770800000)
  to   space 10752K, 0% used [0x000000076f300000,0x000000076f300000,0x000000076fd80000)
 ParOldGen       total 175104K, used 19745K [0x00000006c1800000, 0x00000006cc300000, 0x000000076b300000)
  object space 175104K, 11% used [0x00000006c1800000,0x00000006c2b484f0,0x00000006cc300000)
 Metaspace       used 20429K, capacity 21271K, committed 21296K, reserved 1067008K
  class space    used 2717K, capacity 2944K, committed 2944K, reserved 1048576K
Event: 2.644 GC heap after
Heap after GC invocations=3 (full 1):
 PSYoungGen      total 76288K, used 0K [0x000000076b300000, 0x0000000774800000, 0x00000007c0000000)
  eden space 65536K, 0% used [0x000000076b300000,0x000000076b300000,0x000000076f300000)
  from space 10752K, 0% used [0x000000076fd80000,0x000000076fd80000,0x0000000770800000)
  to   space 10752K, 0% used [0x000000076f300000,0x000000076f300000,0x000000076fd80000)
 ParOldGen       total 126464K, used 25635K [0x00000006c1800000, 0x00000006c9380000, 0x000000076b300000)
  object space 126464K, 20% used [0x00000006c1800000,0x00000006c3108c90,0x00000006c9380000)
 Metaspace       used 20429K, capacity 21271K, committed 21296K, reserved 1067008K
  class space    used 2717K, capacity 2944K, committed 2944K, reserved 1048576K
}
Event: 7.081 GC heap before
{Heap before GC invocations=4 (full 1):
 PSYoungGen      total 76288K, used 65503K [0x000000076b300000, 0x0000000774800000, 0x00000007c0000000)
  eden space 65536K, 99% used [0x000000076b300000,0x000000076f2f7f60,0x000000076f300000)
  from space 10752K, 0% used [0x000000076fd80000,0x000000076fd80000,0x0000000770800000)
  to   space 10752K, 0% used [0x000000076f300000,0x000000076f300000,0x000000076fd80000)
 ParOldGen       total 126464K, used 25635K [0x00000006c1800000, 0x00000006c9380000, 0x000000076b300000)
  object space 126464K, 20% used [0x00000006c1800000,0x00000006c3108c90,0x00000006c9380000)
 Metaspace       used 26672K, capacity 27955K, committed 28288K, reserved 1073152K
  class space    used 3631K, capacity 3915K, committed 3968K, reserved 1048576K
Event: 7.086 GC heap after
Heap after GC invocations=4 (full 1):
 PSYoungGen      total 76288K, used 7259K [0x000000076b300000, 0x0000000773600000, 0x00000007c0000000)
  eden space 65536K, 0% used [0x000000076b300000,0x000000076b300000,0x000000076f300000)
  from space 10752K, 67% used [0x000000076f300000,0x000000076fa16c48,0x000000076fd80000)
  to   space 10752K, 0% used [0x0000000772b80000,0x0000000772b80000,0x0000000773600000)
 ParOldGen       total 126464K, used 25643K [0x00000006c1800000, 0x00000006c9380000, 0x000000076b300000)
  object space 126464K, 20% used [0x00000006c1800000,0x00000006c310ac90,0x00000006c9380000)
 Metaspace       used 26672K, capacity 27955K, committed 28288K, reserved 1073152K
  class space    used 3631K, capacity 3915K, committed 3968K, reserved 1048576K
}
Event: 7.113 GC heap before
{Heap before GC invocations=5 (full 1):
 PSYoungGen      total 76288K, used 72701K [0x000000076b300000, 0x0000000773600000, 0x00000007c0000000)
  eden space 65536K, 99% used [0x000000076b300000,0x000000076f2e8928,0x000000076f300000)
  from space 10752K, 67% used [0x000000076f300000,0x000000076fa16c48,0x000000076fd80000)
  to   space 10752K, 0% used [0x0000000772b80000,0x0000000772b80000,0x0000000773600000)
 ParOldGen       total 126464K, used 25643K [0x00000006c1800000, 0x00000006c9380000, 0x000000076b300000)
  object space 126464K, 20% used [0x00000006c1800000,0x00000006c310ac90,0x00000006c9380000)
 Metaspace       used 26680K, capacity 27957K, committed 28288K, reserved 1073152K
  class space    used 3633K, capacity 3916K, committed 3968K, reserved 1048576K
Event: 7.117 GC heap after
Heap after GC invocations=5 (full 1):
 PSYoungGen      total 123392K, used 5687K [0x000000076b300000, 0x0000000773d80000, 0x00000007c0000000)
  eden space 112640K, 0% used [0x000000076b300000,0x000000076b300000,0x0000000772100000)
  from space 10752K, 52% used [0x0000000772b80000,0x000000077310ded8,0x0000000773600000)
  to   space 10752K, 0% used [0x0000000772100000,0x0000000772100000,0x0000000772b80000)
 ParOldGen       total 126464K, used 25651K [0x00000006c1800000, 0x00000006c9380000, 0x000000076b300000)
  object space 126464K, 20% used [0x00000006c1800000,0x00000006c310cc90,0x00000006c9380000)
 Metaspace       used 26680K, capacity 27957K, committed 28288K, reserved 1073152K
  class space    used 3633K, capacity 3916K, committed 3968K, reserved 1048576K
}
Event: 7.157 GC heap before
{Heap before GC invocations=6 (full 1):
 PSYoungGen      total 123392K, used 118231K [0x000000076b300000, 0x0000000773d80000, 0x00000007c0000000)
  eden space 112640K, 99% used [0x000000076b300000,0x00000007720e7e20,0x0000000772100000)
  from space 10752K, 52% used [0x0000000772b80000,0x000000077310ded8,0x0000000773600000)
  to   space 10752K, 0% used [0x0000000772100000,0x0000000772100000,0x0000000772b80000)
 ParOldGen       total 126464K, used 25651K [0x00000006c1800000, 0x00000006c9380000, 0x000000076b300000)
  object space 126464K, 20% used [0x00000006c1800000,0x00000006c310cc90,0x00000006c9380000)
 Metaspace       used 26681K, capacity 27957K, committed 28288K, reserved 1073152K
  class space    used 3633K, capacity 3916K, committed 3968K, reserved 1048576K
Event: 7.161 GC heap after
Heap after GC invocations=6 (full 1):
 PSYoungGen      total 123392K, used 5735K [0x000000076b300000, 0x000000077ba00000, 0x00000007c0000000)
  eden space 112640K, 0% used [0x000000076b300000,0x000000076b300000,0x0000000772100000)
  from space 10752K, 53% used [0x0000000772100000,0x0000000772699ca0,0x0000000772b80000)
  to   space 30720K, 0% used [0x0000000779c00000,0x0000000779c00000,0x000000077ba00000)
 ParOldGen       total 126464K, used 25659K [0x00000006c1800000, 0x00000006c9380000, 0x000000076b300000)
  object space 126464K, 20% used [0x00000006c1800000,0x00000006c310ec90,0x00000006c9380000)
 Metaspace       used 26681K, capacity 27957K, committed 28288K, reserved 1073152K
  class space    used 3633K, capacity 3916K, committed 3968K, reserved 1048576K
}
Event: 11.393 GC heap before
{Heap before GC invocations=7 (full 1):
 PSYoungGen      total 123392K, used 118375K [0x000000076b300000, 0x000000077ba00000, 0x00000007c0000000)
  eden space 112640K, 100% used [0x000000076b300000,0x0000000772100000,0x0000000772100000)
  from space 10752K, 53% used [0x0000000772100000,0x0000000772699ca0,0x0000000772b80000)
  to   space 30720K, 0% used [0x0000000779c00000,0x0000000779c00000,0x000000077ba00000)
 ParOldGen       total 126464K, used 25659K [0x00000006c1800000, 0x00000006c9380000, 0x000000076b300000)
  object space 126464K, 20% used [0x00000006c1800000,0x00000006c310ec90,0x00000006c9380000)
 Metaspace       used 29018K, capacity 30399K, committed 30592K, reserved 1075200K
  class space    used 3851K, capacity 4161K, committed 4224K, reserved 1048576K
Event: 11.401 GC heap after
Heap after GC invocations=7 (full 1):
 PSYoungGen      total 225280K, used 9441K [0x000000076b300000, 0x000000077b100000, 0x00000007c0000000)
  eden space 203776K, 0% used [0x000000076b300000,0x000000076b300000,0x0000000777a00000)
  from space 21504K, 43% used [0x0000000779c00000,0x000000077a538598,0x000000077b100000)
  to   space 28160K, 0% used [0x0000000777a00000,0x0000000777a00000,0x0000000779580000)
 ParOldGen       total 126464K, used 25675K [0x00000006c1800000, 0x00000006c9380000, 0x000000076b300000)
  object space 126464K, 20% used [0x00000006c1800000,0x00000006c3112c90,0x00000006c9380000)
 Metaspace       used 29018K, capacity 30399K, committed 30592K, reserved 1075200K
  class space    used 3851K, capacity 4161K, committed 4224K, reserved 1048576K
}

Deoptimization events (10 events):
Event: 10.133 Thread 0x000000001eeb9000 Uncommon trap: reason=array_check action=maybe_recompile pc=0x0000000002fe426c method=com.sun.javafx.css.CompoundSelector.applies(Ljavafx/css/Styleable;[Ljava/util/Set;I)Z @ 128
Event: 10.133 Thread 0x000000001eeb9000 Uncommon trap: reason=array_check action=maybe_recompile pc=0x0000000002fe426c method=com.sun.javafx.css.CompoundSelector.applies(Ljavafx/css/Styleable;[Ljava/util/Set;I)Z @ 128
Event: 10.138 Thread 0x000000001ee92800 Uncommon trap: reason=unstable_if action=reinterpret pc=0x0000000002eefd50 method=com.sun.javafx.geom.transform.AffineBase.updateState2D()V @ 6
Event: 10.138 Thread 0x000000001ee92800 Uncommon trap: reason=unstable_if action=reinterpret pc=0x0000000002ef1518 method=com.sun.javafx.geom.transform.AffineBase.updateState2D()V @ 6
Event: 10.138 Thread 0x000000001ee92800 Uncommon trap: reason=unstable_if action=reinterpret pc=0x0000000002ef0e3c method=com.sun.javafx.geom.transform.AffineBase.isTranslateOrIdentity()Z @ 5
Event: 10.148 Thread 0x00000000283df800 Uncommon trap: reason=unstable_if action=reinterpret pc=0x0000000002db72b8 method=com.sun.crypto.provider.GaloisCounterMode.increment32([B)V @ 39
Event: 10.148 Thread 0x00000000283df800 Uncommon trap: reason=unstable_if action=reinterpret pc=0x00000000029bca24 method=com.sun.crypto.provider.GaloisCounterMode.increment32([B)V @ 39
Event: 10.149 Thread 0x00000000283df800 Uncommon trap: reason=unstable_if action=reinterpret pc=0x00000000028ad80c method=com.sun.crypto.provider.GaloisCounterMode.increment32([B)V @ 39
Event: 10.150 Thread 0x00000000283df800 Uncommon trap: reason=unstable_if action=reinterpret pc=0x0000000002a141c0 method=com.sun.crypto.provider.GaloisCounterMode.increment32([B)V @ 39
Event: 15.376 Thread 0x000000001eeb9000 Uncommon trap: reason=unstable_if action=reinterpret pc=0x0000000002903fbc method=java.lang.AbstractStringBuilder.append(Ljava/lang/String;)Ljava/lang/AbstractStringBuilder; @ 1

Internal exceptions (10 events):
Event: 10.012 Thread 0x000000001eeb9000 Exception <a 'java/io/FileNotFoundException'> (0x0000000770ed1470) thrown at [C:\re\workspace\8-2-build-windows-amd64-cygwin\jdk8u111\7883\hotspot\src\share\vm\prims\jni.cpp, line 709]
Event: 10.037 Thread 0x00000000285d0000 Exception <a 'java/lang/ClassNotFoundException': sun/net/www/protocol/data/Handler> (0x000000076f5082b0) thrown at [C:\re\workspace\8-2-build-windows-amd64-cygwin\jdk8u111\7883\hotspot\src\share\vm\classfile\systemDictionary.cpp, line 210]
Event: 10.038 Thread 0x00000000285d0000 Exception <a 'java/lang/ClassNotFoundException': sun/net/www/protocol/data/Handler> (0x000000076f5110c8) thrown at [C:\re\workspace\8-2-build-windows-amd64-cygwin\jdk8u111\7883\hotspot\src\share\vm\classfile\systemDictionary.cpp, line 210]
Event: 10.058 Thread 0x000000001eeb9000 Exception <a 'java/io/FileNotFoundException'> (0x0000000770f4e248) thrown at [C:\re\workspace\8-2-build-windows-amd64-cygwin\jdk8u111\7883\hotspot\src\share\vm\prims\jni.cpp, line 709]
Event: 10.058 Thread 0x000000001eeb9000 Exception <a 'java/io/FileNotFoundException'> (0x0000000770f4f328) thrown at [C:\re\workspace\8-2-build-windows-amd64-cygwin\jdk8u111\7883\hotspot\src\share\vm\prims\jni.cpp, line 709]
Event: 10.058 Thread 0x000000001eeb9000 Exception <a 'java/io/FileNotFoundException'> (0x0000000770f7e2a8) thrown at [C:\re\workspace\8-2-build-windows-amd64-cygwin\jdk8u111\7883\hotspot\src\share\vm\prims\jni.cpp, line 709]
Event: 10.059 Thread 0x000000001eeb9000 Exception <a 'java/io/FileNotFoundException'> (0x0000000770f7f2f0) thrown at [C:\re\workspace\8-2-build-windows-amd64-cygwin\jdk8u111\7883\hotspot\src\share\vm\prims\jni.cpp, line 709]
Event: 10.881 Thread 0x00000000283e1000 Exception <a 'sun/nio/fs/WindowsException'> (0x0000000770d1b8b8) thrown at [C:\re\workspace\8-2-build-windows-amd64-cygwin\jdk8u111\7883\hotspot\src\share\vm\prims\jni.cpp, line 709]
Event: 11.193 Thread 0x000000001eeb9000 Exception <a 'java/lang/ClassNotFoundException': sun/net/www/protocol/about/Handler> (0x0000000771eb9f68) thrown at [C:\re\workspace\8-2-build-windows-amd64-cygwin\jdk8u111\7883\hotspot\src\share\vm\classfile\systemDictionary.cpp, line 210]
Event: 15.376 Thread 0x000000001eeb9000 Implicit null exception at 0x0000000002903bd9 to 0x0000000002903fa5

Events (10 events):
Event: 17.250 Executing VM operation: RevokeBias
Event: 17.250 Executing VM operation: RevokeBias done
Event: 17.250 Executing VM operation: RevokeBias
Event: 17.250 Executing VM operation: RevokeBias done
Event: 17.251 Executing VM operation: RevokeBias
Event: 17.251 Executing VM operation: RevokeBias done
Event: 17.251 Executing VM operation: RevokeBias
Event: 17.251 Executing VM operation: RevokeBias done
Event: 17.359 Thread 0x000000001e01f800 flushing nmethod 0x00000000027fcf50
Event: 17.359 Thread 0x000000001e01f800 flushing nmethod 0x00000000027fdd10


Dynamic libraries:
0x00007ff791970000 - 0x00007ff7919a7000 	C:\Program Files\Java\jdk1.8.0_111\jre\bin\java.exe
0x00007ffd6b1f0000 - 0x00007ffd6b3e5000 	C:\WINDOWS\SYSTEM32\ntdll.dll
0x00007ffd69f00000 - 0x00007ffd69fbd000 	C:\WINDOWS\System32\KERNEL32.DLL
0x00007ffd68d20000 - 0x00007ffd68fe9000 	C:\WINDOWS\System32\KERNELBASE.dll
0x00007ffd6ac50000 - 0x00007ffd6acfc000 	C:\WINDOWS\System32\ADVAPI32.dll
0x00007ffd6b110000 - 0x00007ffd6b1ae000 	C:\WINDOWS\System32\msvcrt.dll
0x00007ffd6aba0000 - 0x00007ffd6ac3c000 	C:\WINDOWS\System32\sechost.dll
0x00007ffd69db0000 - 0x00007ffd69edb000 	C:\WINDOWS\System32\RPCRT4.dll
0x00007ffd69250000 - 0x00007ffd693f0000 	C:\WINDOWS\System32\USER32.dll
0x00007ffd691c0000 - 0x00007ffd691e2000 	C:\WINDOWS\System32\win32u.dll
0x00007ffd693f0000 - 0x00007ffd6941a000 	C:\WINDOWS\System32\GDI32.dll
0x00007ffd68ab0000 - 0x00007ffd68bbb000 	C:\WINDOWS\System32\gdi32full.dll
0x00007ffd69120000 - 0x00007ffd691bd000 	C:\WINDOWS\System32\msvcp_win.dll
0x00007ffd68930000 - 0x00007ffd68a30000 	C:\WINDOWS\System32\ucrtbase.dll
0x00007ffd558b0000 - 0x00007ffd55b4a000 	C:\WINDOWS\WinSxS\amd64_microsoft.windows.common-controls_6595b64144ccf1df_6.0.19041.844_none_ca00b6081b84eb1d\COMCTL32.dll
0x00007ffd69a20000 - 0x00007ffd69a50000 	C:\WINDOWS\System32\IMM32.DLL
0x000000005e260000 - 0x000000005e332000 	C:\Program Files\Java\jdk1.8.0_111\jre\bin\msvcr100.dll
0x000000005e340000 - 0x000000005ebda000 	C:\Program Files\Java\jdk1.8.0_111\jre\bin\server\jvm.dll
0x00007ffd6ad00000 - 0x00007ffd6ad08000 	C:\WINDOWS\System32\PSAPI.DLL
0x00007ffd57800000 - 0x00007ffd57827000 	C:\WINDOWS\SYSTEM32\WINMM.dll
0x00007ffd53580000 - 0x00007ffd53589000 	C:\WINDOWS\SYSTEM32\WSOCK32.dll
0x00007ffd60580000 - 0x00007ffd6058a000 	C:\WINDOWS\SYSTEM32\VERSION.dll
0x00007ffd6af80000 - 0x00007ffd6afeb000 	C:\WINDOWS\System32\WS2_32.dll
0x000000005e210000 - 0x000000005e21f000 	C:\Program Files\Java\jdk1.8.0_111\jre\bin\verify.dll
0x000000005e1e0000 - 0x000000005e209000 	C:\Program Files\Java\jdk1.8.0_111\jre\bin\java.dll
0x000000005e1c0000 - 0x000000005e1d6000 	C:\Program Files\Java\jdk1.8.0_111\jre\bin\zip.dll
0x00007ffd6a2a0000 - 0x00007ffd6a9e2000 	C:\WINDOWS\System32\SHELL32.dll
0x00007ffd66a70000 - 0x00007ffd67200000 	C:\WINDOWS\SYSTEM32\windows.storage.dll
0x00007ffd69a50000 - 0x00007ffd69da5000 	C:\WINDOWS\System32\combase.dll
0x00007ffd683a0000 - 0x00007ffd683cc000 	C:\WINDOWS\SYSTEM32\Wldp.dll
0x00007ffd6ad70000 - 0x00007ffd6ae1e000 	C:\WINDOWS\System32\SHCORE.dll
0x00007ffd6aa90000 - 0x00007ffd6aae5000 	C:\WINDOWS\System32\shlwapi.dll
0x00007ffd68870000 - 0x00007ffd6888f000 	C:\WINDOWS\SYSTEM32\profapi.dll
0x00007ffd20320000 - 0x00007ffd2040f000 	C:\Program Files\Java\jdk1.8.0_111\jre\bin\msvcr120.dll
0x00007ffd20270000 - 0x00007ffd20316000 	C:\Program Files\Java\jdk1.8.0_111\jre\bin\msvcp120.dll
0x000000005d3b0000 - 0x000000005d3d2000 	C:\Program Files\Java\jdk1.8.0_111\jre\bin\prism_d3d.dll
0x00007ffd239f0000 - 0x00007ffd23bbf000 	C:\WINDOWS\system32\d3d9.dll
0x00007ffd67210000 - 0x00007ffd67222000 	C:\WINDOWS\SYSTEM32\kernel.appcore.dll
0x00007ffd661f0000 - 0x00007ffd6621f000 	C:\WINDOWS\SYSTEM32\dwmapi.dll
0x00007ffd65710000 - 0x00007ffd657ae000 	C:\WINDOWS\system32\uxtheme.dll
0x00007ffd22d00000 - 0x00007ffd22e65000 	C:\WINDOWS\System32\DriverStore\FileRepository\iigd_dch.inf_amd64_0f2250737b8ab5a6\igdumdim64.dll
0x00007ffd69480000 - 0x00007ffd695aa000 	C:\WINDOWS\System32\ole32.dll
0x00007ffcf8de0000 - 0x00007ffcfd71d000 	C:\WINDOWS\System32\DriverStore\FileRepository\iigd_dch.inf_amd64_0f2250737b8ab5a6\igd9dxva64.dll
0x00007ffd6a1d0000 - 0x00007ffd6a29d000 	C:\WINDOWS\System32\OLEAUT32.dll
0x00007ffd695b0000 - 0x00007ffd69a19000 	C:\WINDOWS\System32\SETUPAPI.dll
0x00007ffd68a60000 - 0x00007ffd68aae000 	C:\WINDOWS\System32\cfgmgr32.dll
0x00007ffd68a30000 - 0x00007ffd68a57000 	C:\WINDOWS\System32\bcrypt.dll
0x00007ffd5c0a0000 - 0x00007ffd5c368000 	C:\WINDOWS\System32\DriverStore\FileRepository\iigd_dch.inf_amd64_0f2250737b8ab5a6\igdgmm64.dll
0x000000005d360000 - 0x000000005d3a3000 	C:\Program Files\Java\jdk1.8.0_111\jre\bin\glass.dll
0x00007ffd6ae20000 - 0x00007ffd6aefa000 	C:\WINDOWS\System32\COMDLG32.dll
0x00007ffd6aff0000 - 0x00007ffd6b105000 	C:\WINDOWS\System32\MSCTF.dll
0x00007ffd690a0000 - 0x00007ffd69120000 	C:\WINDOWS\System32\bcryptPrimitives.dll
0x00007ffd4e800000 - 0x00007ffd4e827000 	C:\WINDOWS\System32\DriverStore\FileRepository\iigd_dch.inf_amd64_0f2250737b8ab5a6\igdinfo64.dll
0x00007ffd59240000 - 0x00007ffd5bde2000 	C:\WINDOWS\System32\DriverStore\FileRepository\iigd_dch.inf_amd64_0f2250737b8ab5a6\igc64.dll
0x00007ffd5ec90000 - 0x00007ffd5eccb000 	C:\WINDOWS\SYSTEM32\dxcore.dll
0x000000005d340000 - 0x000000005d354000 	C:\Program Files\Java\jdk1.8.0_111\jre\bin\javafx_font.dll
0x00007ffd56150000 - 0x00007ffd563cf000 	C:\WINDOWS\SYSTEM32\dwrite.dll
0x00007ffd6aaf0000 - 0x00007ffd6ab99000 	C:\WINDOWS\System32\clbcatq.dll
0x00007ffd60840000 - 0x00007ffd609f4000 	C:\WINDOWS\SYSTEM32\WindowsCodecs.dll
0x00007ffd54210000 - 0x00007ffd5424e000 	C:\WINDOWS\system32\dataexchange.dll
0x00007ffd63ef0000 - 0x00007ffd64154000 	C:\WINDOWS\system32\d3d11.dll
0x00007ffd64b80000 - 0x00007ffd64d67000 	C:\WINDOWS\system32\dcomp.dll
0x00007ffd673a0000 - 0x00007ffd67493000 	C:\WINDOWS\system32\dxgi.dll
0x00007ffd60a00000 - 0x00007ffd60c01000 	C:\WINDOWS\system32\twinapi.appcore.dll
0x00007ffd5ce90000 - 0x00007ffd5cec4000 	C:\Program Files\Common Files\Microsoft Shared\Ink\rtscom.dll
0x00007ffd5ea10000 - 0x00007ffd5eb0b000 	C:\WINDOWS\SYSTEM32\textinputframework.dll
0x00007ffd65450000 - 0x00007ffd65542000 	C:\WINDOWS\System32\CoreMessaging.dll
0x00007ffd650f0000 - 0x00007ffd6544e000 	C:\WINDOWS\System32\CoreUIComponents.dll
0x00007ffd67680000 - 0x00007ffd676b3000 	C:\WINDOWS\SYSTEM32\ntmarta.dll
0x00007ffd63d90000 - 0x00007ffd63ee4000 	C:\WINDOWS\SYSTEM32\wintypes.dll
0x000000005d320000 - 0x000000005d331000 	C:\Program Files\Java\jdk1.8.0_111\jre\bin\prism_common.dll
0x000000005e1a0000 - 0x000000005e1ba000 	C:\Program Files\Java\jdk1.8.0_111\jre\bin\net.dll
0x00007ffd68120000 - 0x00007ffd6818a000 	C:\WINDOWS\system32\mswsock.dll
0x00007ffd67e10000 - 0x00007ffd67edb000 	C:\WINDOWS\SYSTEM32\DNSAPI.dll
0x00007ffd67dc0000 - 0x00007ffd67dfb000 	C:\WINDOWS\SYSTEM32\IPHLPAPI.DLL
0x00007ffd6ac40000 - 0x00007ffd6ac48000 	C:\WINDOWS\System32\NSI.dll
0x0000000060540000 - 0x0000000060566000 	C:\Program Files\Bonjour\mdnsNSP.dll
0x00007ffd554f0000 - 0x00007ffd554fa000 	C:\Windows\System32\rasadhlp.dll
0x00007ffd55550000 - 0x00007ffd555cf000 	C:\WINDOWS\System32\fwpuclnt.dll
0x000000005ded0000 - 0x000000005def4000 	C:\Program Files\Java\jdk1.8.0_111\jre\bin\sunec.dll
0x000000005dec0000 - 0x000000005decb000 	C:\Program Files\Java\jdk1.8.0_111\jre\bin\sunmscapi.dll
0x00007ffd68bc0000 - 0x00007ffd68d1f000 	C:\WINDOWS\System32\CRYPT32.dll
0x000000005d2f0000 - 0x000000005d313000 	C:\Program Files\Java\jdk1.8.0_111\jre\bin\javafx_iio.dll
0x000000005ad50000 - 0x000000005d2e1000 	C:\Program Files\Java\jdk1.8.0_111\jre\bin\jfxwebkit.dll
0x00007ffd682f0000 - 0x00007ffd68308000 	C:\WINDOWS\SYSTEM32\CRYPTSP.dll
0x00007ffd67a50000 - 0x00007ffd67a84000 	C:\WINDOWS\system32\rsaenh.dll
0x00007ffd68310000 - 0x00007ffd6831c000 	C:\WINDOWS\SYSTEM32\CRYPTBASE.dll
0x000000005e180000 - 0x000000005e191000 	C:\Program Files\Java\jdk1.8.0_111\jre\bin\nio.dll
0x00007ffd687f0000 - 0x00007ffd6881e000 	C:\WINDOWS\SYSTEM32\USERENV.dll
0x00007ffd610c0000 - 0x00007ffd610d7000 	C:\WINDOWS\SYSTEM32\dhcpcsvc6.DLL
0x00007ffd61200000 - 0x00007ffd6121d000 	C:\WINDOWS\SYSTEM32\dhcpcsvc.DLL
0x000000005acd0000 - 0x000000005ad43000 	C:\Program Files\Java\jdk1.8.0_111\jre\bin\glib-lite.dll
0x000000005ac30000 - 0x000000005accc000 	C:\Program Files\Java\jdk1.8.0_111\jre\bin\gstreamer-lite.dll
0x00007ffd57010000 - 0x00007ffd570ac000 	C:\WINDOWS\SYSTEM32\DSOUND.dll
0x00007ffd4afc0000 - 0x00007ffd4afe6000 	C:\WINDOWS\SYSTEM32\winmmbase.dll
0x00007ffd67ee0000 - 0x00007ffd67f2b000 	C:\WINDOWS\SYSTEM32\powrprof.dll
0x00007ffd67da0000 - 0x00007ffd67db2000 	C:\WINDOWS\SYSTEM32\UMPDC.dll
0x000000005ac00000 - 0x000000005ac25000 	C:\Program Files\Java\jdk1.8.0_111\jre\bin\jfxmedia.dll
0x000000005dfe0000 - 0x000000005e178000 	C:\Program Files\Java\jdk1.8.0_111\jre\bin\awt.dll
0x00007ffd65680000 - 0x00007ffd65710000 	C:\WINDOWS\SYSTEM32\apphelp.dll
0x00007ffd66780000 - 0x00007ffd66964000 	C:\WINDOWS\SYSTEM32\dbghelp.dll

VM Arguments:
jvm_args: -Dfile.encoding=UTF-8 
java_command: C:\Users\ahmed\OneDrive\Documents\ArtLife\dist\run995621924\ArtLife.jar
java_class_path (initial): C:\Users\ahmed\OneDrive\Documents\ArtLife\dist\run995621924\ArtLife.jar
Launcher Type: SUN_STANDARD

Environment Variables:
PATH=C:\Program Files (x86)\Common Files\Oracle\Java\javapath;C:\ProgramData\Oracle\Java\javapath;C:\Program Files\Common Files\Oracle\Java\javapath;C:\Program Files (x86)\Common Files\Intel\Shared Libraries\redist\intel64\compiler;C:\WINDOWS\system32;C:\WINDOWS;C:\WINDOWS\System32\Wbem;C:\WINDOWS\System32\WindowsPowerShell\v1.0\;C:\WINDOWS\System32\OpenSSH\;C:\xampp\php;C:\ProgramData\ComposerSetup\bin;C:\Program Files\Git\cmd;C:\Program Files\nodejs\;C:\ProgramData\chocolatey\bin;;C:\Program Files\Symfony;C:\Users\ahmed\AppData\Local\Microsoft\WindowsApps;C:\Users\ahmed\AppData\Local\Programs\Microsoft VS Code\bin;C:\Users\ahmed\AppData\Local\GitHubDesktop\bin;C:\Users\ahmed\AppData\Roaming\Composer\vendor\bin;C:\Users\ahmed\AppData\Roaming\npm
USERNAME=ahmed
OS=Windows_NT
PROCESSOR_IDENTIFIER=Intel64 Family 6 Model 142 Stepping 10, GenuineIntel



---------------  S Y S T E M  ---------------

OS: Windows 10.0 , 64 bit Build 19041 (10.0.19041.804)

CPU:total 8 (4 cores per cpu, 2 threads per core) family 6 model 142 stepping 10, cmov, cx8, fxsr, mmx, sse, sse2, sse3, ssse3, sse4.1, sse4.2, popcnt, avx, avx2, aes, clmul, erms, 3dnowpref, lzcnt, ht, tsc, tscinvbit, bmi1, bmi2, adx

Memory: 4k page, physical 16672380k(4350860k free), swap 23363332k(3164092k free)

vm_info: Java HotSpot(TM) 64-Bit Server VM (25.111-b14) for windows-amd64 JRE (1.8.0_111-b14), built on Sep 22 2016 19:24:05 by "java_re" with MS VC++ 10.0 (VS2010)

time: Thu Mar 25 11:00:51 2021
elapsed time: 18 seconds (0d 0h 0m 18s)

