#
# A fatal error has been detected by the Java Runtime Environment:
#
#  EXCEPTION_ACCESS_VIOLATION (0xc0000005) at pc=0x000000005babd279, pid=2940, tid=0x0000000000004774
#
# JRE version: Java(TM) SE Runtime Environment (8.0_111-b14) (build 1.8.0_111-b14)
# Java VM: Java HotSpot(TM) 64-Bit Server VM (25.111-b14 mixed mode windows-amd64 compressed oops)
# Problematic frame:
# C  [jfxwebkit.dll+0xd6d279]
#
# Failed to write core dump. Minidumps are not enabled by default on client versions of Windows
#
# If you would like to submit a bug report, please visit:
#   http://bugreport.java.com/bugreport/crash.jsp
# The crash happened outside the Java Virtual Machine in native code.
# See problematic frame for where to report the bug.
#

---------------  T H R E A D  ---------------

Current thread (0x000000001fa01000):  JavaThread "JavaFX Application Thread" [_thread_in_native, id=18292, stack(0x00000000205a0000,0x00000000206a0000)]

siginfo: ExceptionCode=0xc0000005, writing address 0x000000000000a1b0

Registers:
RAX=0x000000003b360000, RBX=0x000000003019ff30, RCX=0x000000003019ff30, RDX=0x000000003019ff30
RSP=0x000000002069b700, RBP=0x000000002069b860, RSI=0x0000000000000000, RDI=0x000000002069bb40
R8 =0x00000000425b7070, R9 =0xffff000000000000, R10=0x0000000000000000, R11=0xffff000000000002
R12=0x000000003019ff30, R13=0x000000003018ff90, R14=0x0000000000000000, R15=0x00000000425b7070
RIP=0x000000005babd279, EFLAGS=0x0000000000010206

Top of Stack: (sp=0x000000002069b700)
0x000000002069b700:   000000002486cb50 000000005babfd0c
0x000000002069b710:   0000000036883630 00000000425b7060
0x000000002069b720:   000000002069b8a0 000000003019ff20
0x000000002069b730:   00000000425b7048 0000000000000000
0x000000002069b740:   000000003018ff90 000000003019ff30
0x000000002069b750:   0000000000000005 000000005bab4ac2
0x000000002069b760:   00000000425b7070 000000002069b860
0x000000002069b770:   0000000000000000 0000000000000003
0x000000002069b780:   00000000425b7060 0000000000000000
0x000000002069b790:   00000000425b7070 0000000000001fa2
0x000000002069b7a0:   0000000000000085 000000003019ff30
0x000000002069b7b0:   000000003019ff30 000000005b98f406
0x000000002069b7c0:   badbeef00000007d 0000000001220cc0
0x000000002069b7d0:   000000003b2f13d0 000000005e5d63ac
0x000000002069b7e0:   00000006c3183238 0000000771bb30a0
0x000000002069b7f0:   0000000000000410 0000000000000004 

Instructions: (pc=0x000000005babd279)
0x000000005babd259:   83 ec 30 48 8b 42 18 48 8b da 48 8b f9 48 25 00
0x000000005babd269:   00 ff ff 48 8b cb 4d 8b f8 48 8b b0 68 04 00 00
0x000000005babd279:   48 89 96 b0 a1 00 00 49 8d 50 08 e8 37 b0 e5 ff
0x000000005babd289:   4c 8b 73 10 49 63 6f 10 41 8b 86 84 01 00 00 4c 


Register to memory mapping:

RAX=0x000000003b360000 is an unknown value
RBX=0x000000003019ff30 is an unknown value
RCX=0x000000003019ff30 is an unknown value
RDX=0x000000003019ff30 is an unknown value
RSP=0x000000002069b700 is pointing into the stack for thread: 0x000000001fa01000
RBP=0x000000002069b860 is pointing into the stack for thread: 0x000000001fa01000
RSI=0x0000000000000000 is an unknown value
RDI=0x000000002069bb40 is pointing into the stack for thread: 0x000000001fa01000
R8 =0x00000000425b7070 is an unknown value
R9 =0xffff000000000000 is an unknown value
R10=0x0000000000000000 is an unknown value
R11=0xffff000000000002 is an unknown value
R12=0x000000003019ff30 is an unknown value
R13=0x000000003018ff90 is an unknown value
R14=0x0000000000000000 is an unknown value
R15=0x00000000425b7070 is an unknown value


Stack: [0x00000000205a0000,0x00000000206a0000],  sp=0x000000002069b700,  free space=1005k
Native frames: (J=compiled Java code, j=interpreted, Vv=VM code, C=native code)
C  [jfxwebkit.dll+0xd6d279]
C  [jfxwebkit.dll+0xd64ac2]
C  [jfxwebkit.dll+0xd314b3]
C  [jfxwebkit.dll+0xc371de]
C  [jfxwebkit.dll+0xc34683]
C  [jfxwebkit.dll+0xbd0b0e]
C  [jfxwebkit.dll+0x4453e1]
C  [jfxwebkit.dll+0x452574]
C  [jfxwebkit.dll+0x452496]
C  [jfxwebkit.dll+0x5d3563]
C  [jfxwebkit.dll+0x6fbe7a]
C  [jfxwebkit.dll+0x6fbc71]
C  [jfxwebkit.dll+0x6fbd46]
C  [jfxwebkit.dll+0x6f0f50]
C  [jfxwebkit.dll+0x78c4c3]
C  [jfxwebkit.dll+0x7c30de]
C  0x0000000003207f74

Java frames: (J=compiled Java code, j=interpreted, Vv=VM code)
j  com.sun.webkit.network.URLLoader.twkDidFinishLoading(J)V+0
j  com.sun.webkit.network.URLLoader.notifyDidFinishLoading()V+44
j  com.sun.webkit.network.URLLoader.lambda$didFinishLoading$99()V+8
j  com.sun.webkit.network.URLLoader$$Lambda$365.run()V+4
J 4831 C1 com.sun.javafx.application.PlatformImpl$$Lambda$50.run()Ljava/lang/Object; (8 bytes) @ 0x0000000003e6234c [0x0000000003e62200+0x14c]
v  ~StubRoutines::call_stub
J 1157  java.security.AccessController.doPrivileged(Ljava/security/PrivilegedAction;Ljava/security/AccessControlContext;)Ljava/lang/Object; (0 bytes) @ 0x00000000035d1366 [0x00000000035d1300+0x66]
J 4420 C1 com.sun.javafx.application.PlatformImpl.lambda$runLater$174(Ljava/lang/Runnable;Ljava/security/AccessControlContext;)V (38 bytes) @ 0x0000000003d48c5c [0x0000000003d48840+0x41c]
J 4419 C1 com.sun.javafx.application.PlatformImpl$$Lambda$49.run()V (12 bytes) @ 0x0000000003d4484c [0x0000000003d447c0+0x8c]
J 3913 C1 com.sun.glass.ui.InvokeLaterDispatcher$Future.run()V (91 bytes) @ 0x00000000035a7054 [0x00000000035a6f40+0x114]
v  ~StubRoutines::call_stub
j  com.sun.glass.ui.win.WinApplication._runLoop(Ljava/lang/Runnable;)V+0
j  com.sun.glass.ui.win.WinApplication.lambda$null$148(ILjava/lang/Runnable;)V+8
j  com.sun.glass.ui.win.WinApplication$$Lambda$38.run()V+12
j  java.lang.Thread.run()V+11
v  ~StubRoutines::call_stub

---------------  P R O C E S S  ---------------

Java Threads: ( => current thread )
  0x0000000029161000 JavaThread "Thread-2755" daemon [_thread_in_native, id=1876, stack(0x00000000361d0000,0x00000000362d0000)]
  0x000000002916b800 JavaThread "Media Resource Disposer" daemon [_thread_blocked, id=15436, stack(0x00000000396b0000,0x00000000397b0000)]
  0x0000000029169800 JavaThread "JFXMedia Player EventQueueThread" daemon [_thread_blocked, id=6692, stack(0x00000000360d0000,0x00000000361d0000)]
  0x0000000029168000 JavaThread "Thread-5" daemon [_thread_in_native, id=15588, stack(0x00000000344e0000,0x00000000345e0000)]
  0x0000000029166800 JavaThread "URL-Loader-17" daemon [_thread_blocked, id=15124, stack(0x00000000325e0000,0x00000000326e0000)]
  0x000000002915f000 JavaThread "URL-Loader-16" daemon [_thread_blocked, id=11516, stack(0x00000000324e0000,0x00000000325e0000)]
  0x000000002915e000 JavaThread "URL-Loader-12" daemon [_thread_blocked, id=19260, stack(0x00000000314c0000,0x00000000315c0000)]
  0x0000000029165000 JavaThread "Keep-Alive-Timer" daemon [_thread_blocked, id=6468, stack(0x00000000310c0000,0x00000000311c0000)]
  0x000000001fab6000 JavaThread "URL-Loader-4" daemon [_thread_blocked, id=5600, stack(0x0000000030bc0000,0x0000000030cc0000)]
  0x000000001fab5000 JavaThread "Watchdog-Timer-1" daemon [_thread_blocked, id=9592, stack(0x0000000030840000,0x0000000030940000)]
  0x000000002925b000 JavaThread "Disposer" daemon [_thread_blocked, id=14980, stack(0x00000000301a0000,0x00000000302a0000)]
  0x000000001ffff000 JavaThread "mysql-cj-abandoned-connection-cleanup" daemon [_thread_blocked, id=13044, stack(0x0000000028510000,0x0000000028610000)]
  0x000000001ffab800 JavaThread "Prism Font Disposer" daemon [_thread_blocked, id=8724, stack(0x0000000027610000,0x0000000027710000)]
  0x000000001fa6d000 JavaThread "Thread-3" daemon [_thread_in_native, id=7580, stack(0x0000000025070000,0x0000000025170000)]
  0x000000001fa6c800 JavaThread "JavaFX-Launcher" [_thread_blocked, id=5300, stack(0x0000000025170000,0x0000000025270000)]
=>0x000000001fa01000 JavaThread "JavaFX Application Thread" [_thread_in_native, id=18292, stack(0x00000000205a0000,0x00000000206a0000)]
  0x000000001f9f0800 JavaThread "Thread-1" daemon [_thread_blocked, id=12796, stack(0x00000000204a0000,0x00000000205a0000)]
  0x000000001f9b0800 JavaThread "QuantumRenderer-0" daemon [_thread_blocked, id=16704, stack(0x0000000020130000,0x0000000020230000)]
  0x000000001ebcb800 JavaThread "Service Thread" daemon [_thread_blocked, id=16960, stack(0x000000001f730000,0x000000001f830000)]
  0x000000001eb49800 JavaThread "C1 CompilerThread3" daemon [_thread_blocked, id=11300, stack(0x000000001f630000,0x000000001f730000)]
  0x000000001eb39800 JavaThread "C2 CompilerThread2" daemon [_thread_blocked, id=19656, stack(0x000000001f530000,0x000000001f630000)]
  0x000000001eb2d000 JavaThread "C2 CompilerThread1" daemon [_thread_blocked, id=17964, stack(0x000000001f430000,0x000000001f530000)]
  0x000000001eb29800 JavaThread "C2 CompilerThread0" daemon [_thread_blocked, id=13696, stack(0x000000001f330000,0x000000001f430000)]
  0x000000001eb27000 JavaThread "Attach Listener" daemon [_thread_blocked, id=20816, stack(0x000000001f230000,0x000000001f330000)]
  0x000000001eb26000 JavaThread "Signal Dispatcher" daemon [_thread_blocked, id=21920, stack(0x000000001f130000,0x000000001f230000)]
  0x000000001eb20800 JavaThread "Finalizer" daemon [_thread_blocked, id=17604, stack(0x000000001ef00000,0x000000001f000000)]
  0x00000000031e6800 JavaThread "Reference Handler" daemon [_thread_blocked, id=20756, stack(0x000000001ea00000,0x000000001eb00000)]
  0x00000000030ee000 JavaThread "main" [_thread_blocked, id=9404, stack(0x0000000002f00000,0x0000000003000000)]

Other Threads:
  0x000000001cc29800 VMThread [stack: 0x000000001e900000,0x000000001ea00000] [id=11648]
  0x000000001eb9f800 WatcherThread [stack: 0x000000001f830000,0x000000001f930000] [id=10128]

VM state:not at safepoint (normal execution)

VM Mutex/Monitor currently owned by a thread: None

Heap:
 PSYoungGen      total 417792K, used 218831K [0x000000076b300000, 0x0000000786c80000, 0x00000007c0000000)
  eden space 403968K, 53% used [0x000000076b300000,0x00000007786be7c8,0x0000000783d80000)
  from space 13824K, 14% used [0x0000000785f00000,0x00000007860f56a8,0x0000000786c80000)
  to   space 24064K, 0% used [0x0000000783d80000,0x0000000783d80000,0x0000000785500000)
 ParOldGen       total 153600K, used 34791K [0x00000006c1800000, 0x00000006cae00000, 0x000000076b300000)
  object space 153600K, 22% used [0x00000006c1800000,0x00000006c39f9d30,0x00000006cae00000)
 Metaspace       used 30228K, capacity 31743K, committed 32000K, reserved 1077248K
  class space    used 3943K, capacity 4263K, committed 4352K, reserved 1048576K

Card table byte_map: [0x00000000125b0000,0x0000000012db0000] byte_map_base: 0x000000000efa4000

Marking Bits: (ParMarkBitMap*) 0x000000005eb5a6c0
 Begin Bits: [0x0000000013b00000, 0x0000000017aa0000)
 End Bits:   [0x0000000017aa0000, 0x000000001ba40000)

Polling page: 0x0000000001550000

CodeCache: size=245760Kb used=16459Kb max_used=16618Kb free=229300Kb
 bounds [0x00000000031f0000, 0x0000000004260000, 0x00000000121f0000]
 total_blobs=6057 nmethods=5195 adapters=773
 compilation: enabled

Compilation events (10 events):
Event: 31.867 Thread 0x000000001eb49800 6017   !   3       com.sun.media.jfxmediaimpl.MediaDisposer::implRemoveResourceDisposer (132 bytes)
Event: 31.867 Thread 0x000000001eb49800 nmethod 6017 0x0000000003a1c690 code [0x0000000003a1c8c0, 0x0000000003a1d838]
Event: 31.969 Thread 0x000000001eb2d000 6018       4       com.sun.prism.d3d.D3DShader::setConstant (39 bytes)
Event: 31.977 Thread 0x000000001eb39800 6019       4       java.util.concurrent.atomic.AtomicBoolean::compareAndSet (35 bytes)
Event: 31.978 Thread 0x000000001eb39800 nmethod 6019 0x00000000035b4090 code [0x00000000035b41c0, 0x00000000035b4238]
Event: 31.982 Thread 0x000000001eb2d000 nmethod 6018 0x0000000003c00cd0 code [0x0000000003c00e60, 0x0000000003c01628]
Event: 32.012 Thread 0x000000001eb29800 6020       4       com.sun.webkit.graphics.WCRectangle::contains (74 bytes)
Event: 32.012 Thread 0x000000001eb29800 nmethod 6020 0x0000000003bf9290 code [0x0000000003bf93c0, 0x0000000003bf9478]
Event: 32.208 Thread 0x000000001eb39800 6021       4       com.sun.scenario.effect.ImageData::addref (65 bytes)
Event: 32.213 Thread 0x000000001eb39800 nmethod 6021 0x0000000003563350 code [0x00000000035634a0, 0x00000000035635f8]

GC Heap History (10 events):
Event: 12.557 GC heap before
{Heap before GC invocations=7 (full 1):
 PSYoungGen      total 96256K, used 91279K [0x000000076b300000, 0x0000000778900000, 0x00000007c0000000)
  eden space 85504K, 100% used [0x000000076b300000,0x0000000770680000,0x0000000770680000)
  from space 10752K, 53% used [0x0000000770680000,0x0000000770c23f58,0x0000000771100000)
  to   space 29696K, 0% used [0x0000000776c00000,0x0000000776c00000,0x0000000778900000)
 ParOldGen       total 153600K, used 25736K [0x00000006c1800000, 0x00000006cae00000, 0x000000076b300000)
  object space 153600K, 16% used [0x00000006c1800000,0x00000006c31222c8,0x00000006cae00000)
 Metaspace       used 26834K, capacity 28157K, committed 28288K, reserved 1073152K
  class space    used 3657K, capacity 3960K, committed 3968K, reserved 1048576K
Event: 12.562 GC heap after
Heap after GC invocations=7 (full 1):
 PSYoungGen      total 186368K, used 6093K [0x000000076b300000, 0x0000000778600000, 0x00000007c0000000)
  eden space 159744K, 0% used [0x000000076b300000,0x000000076b300000,0x0000000774f00000)
  from space 26624K, 22% used [0x0000000776c00000,0x00000007771f3790,0x0000000778600000)
  to   space 28160K, 0% used [0x0000000774f00000,0x0000000774f00000,0x0000000776a80000)
 ParOldGen       total 153600K, used 25744K [0x00000006c1800000, 0x00000006cae00000, 0x000000076b300000)
  object space 153600K, 16% used [0x00000006c1800000,0x00000006c31242c8,0x00000006cae00000)
 Metaspace       used 26834K, capacity 28157K, committed 28288K, reserved 1073152K
  class space    used 3657K, capacity 3960K, committed 3968K, reserved 1048576K
}
Event: 18.549 GC heap before
{Heap before GC invocations=8 (full 1):
 PSYoungGen      total 186368K, used 165837K [0x000000076b300000, 0x0000000778600000, 0x00000007c0000000)
  eden space 159744K, 100% used [0x000000076b300000,0x0000000774f00000,0x0000000774f00000)
  from space 26624K, 22% used [0x0000000776c00000,0x00000007771f3790,0x0000000778600000)
  to   space 28160K, 0% used [0x0000000774f00000,0x0000000774f00000,0x0000000776a80000)
 ParOldGen       total 153600K, used 25744K [0x00000006c1800000, 0x00000006cae00000, 0x000000076b300000)
  object space 153600K, 16% used [0x00000006c1800000,0x00000006c31242c8,0x00000006cae00000)
 Metaspace       used 29099K, capacity 30465K, committed 30592K, reserved 1075200K
  class space    used 3899K, capacity 4198K, committed 4224K, reserved 1048576K
Event: 18.557 GC heap after
Heap after GC invocations=8 (full 1):
 PSYoungGen      total 187904K, used 9028K [0x000000076b300000, 0x0000000780380000, 0x00000007c0000000)
  eden space 159744K, 0% used [0x000000076b300000,0x000000076b300000,0x0000000774f00000)
  from space 28160K, 32% used [0x0000000774f00000,0x00000007757d12c0,0x0000000776a80000)
  to   space 26112K, 0% used [0x000000077ea00000,0x000000077ea00000,0x0000000780380000)
 ParOldGen       total 153600K, used 25752K [0x00000006c1800000, 0x00000006cae00000, 0x000000076b300000)
  object space 153600K, 16% used [0x00000006c1800000,0x00000006c31262c8,0x00000006cae00000)
 Metaspace       used 29099K, capacity 30465K, committed 30592K, reserved 1075200K
  class space    used 3899K, capacity 4198K, committed 4224K, reserved 1048576K
}
Event: 20.370 GC heap before
{Heap before GC invocations=9 (full 1):
 PSYoungGen      total 187904K, used 168772K [0x000000076b300000, 0x0000000780380000, 0x00000007c0000000)
  eden space 159744K, 100% used [0x000000076b300000,0x0000000774f00000,0x0000000774f00000)
  from space 28160K, 32% used [0x0000000774f00000,0x00000007757d12c0,0x0000000776a80000)
  to   space 26112K, 0% used [0x000000077ea00000,0x000000077ea00000,0x0000000780380000)
 ParOldGen       total 153600K, used 25752K [0x00000006c1800000, 0x00000006cae00000, 0x000000076b300000)
  object space 153600K, 16% used [0x00000006c1800000,0x00000006c31262c8,0x00000006cae00000)
 Metaspace       used 29659K, capacity 31103K, committed 31488K, reserved 1077248K
  class space    used 3931K, capacity 4225K, committed 4352K, reserved 1048576K
Event: 20.379 GC heap after
Heap after GC invocations=9 (full 1):
 PSYoungGen      total 304128K, used 4963K [0x000000076b300000, 0x000000077fb80000, 0x00000007c0000000)
  eden space 286208K, 0% used [0x000000076b300000,0x000000076b300000,0x000000077ca80000)
  from space 17920K, 27% used [0x000000077ea00000,0x000000077eed8f88,0x000000077fb80000)
  to   space 25088K, 0% used [0x000000077ca80000,0x000000077ca80000,0x000000077e300000)
 ParOldGen       total 153600K, used 30998K [0x00000006c1800000, 0x00000006cae00000, 0x000000076b300000)
  object space 153600K, 20% used [0x00000006c1800000,0x00000006c3645ad8,0x00000006cae00000)
 Metaspace       used 29659K, capacity 31103K, committed 31488K, reserved 1077248K
  class space    used 3931K, capacity 4225K, committed 4352K, reserved 1048576K
}
Event: 24.078 GC heap before
{Heap before GC invocations=10 (full 1):
 PSYoungGen      total 304128K, used 291171K [0x000000076b300000, 0x000000077fb80000, 0x00000007c0000000)
  eden space 286208K, 100% used [0x000000076b300000,0x000000077ca80000,0x000000077ca80000)
  from space 17920K, 27% used [0x000000077ea00000,0x000000077eed8f88,0x000000077fb80000)
  to   space 25088K, 0% used [0x000000077ca80000,0x000000077ca80000,0x000000077e300000)
 ParOldGen       total 153600K, used 30998K [0x00000006c1800000, 0x00000006cae00000, 0x000000076b300000)
  object space 153600K, 20% used [0x00000006c1800000,0x00000006c3645ad8,0x00000006cae00000)
 Metaspace       used 29975K, capacity 31377K, committed 31744K, reserved 1077248K
  class space    used 3940K, capacity 4230K, committed 4352K, reserved 1048576K
Event: 24.082 GC heap after
Heap after GC invocations=10 (full 1):
 PSYoungGen      total 311296K, used 4407K [0x000000076b300000, 0x0000000787700000, 0x00000007c0000000)
  eden space 286208K, 0% used [0x000000076b300000,0x000000076b300000,0x000000077ca80000)
  from space 25088K, 17% used [0x000000077ca80000,0x000000077cecde80,0x000000077e300000)
  to   space 24576K, 0% used [0x0000000785f00000,0x0000000785f00000,0x0000000787700000)
 ParOldGen       total 153600K, used 31621K [0x00000006c1800000, 0x00000006cae00000, 0x000000076b300000)
  object space 153600K, 20% used [0x00000006c1800000,0x00000006c36e1450,0x00000006cae00000)
 Metaspace       used 29975K, capacity 31377K, committed 31744K, reserved 1077248K
  class space    used 3940K, capacity 4230K, committed 4352K, reserved 1048576K
}
Event: 30.747 GC heap before
{Heap before GC invocations=11 (full 1):
 PSYoungGen      total 311296K, used 290615K [0x000000076b300000, 0x0000000787700000, 0x00000007c0000000)
  eden space 286208K, 100% used [0x000000076b300000,0x000000077ca80000,0x000000077ca80000)
  from space 25088K, 17% used [0x000000077ca80000,0x000000077cecde80,0x000000077e300000)
  to   space 24576K, 0% used [0x0000000785f00000,0x0000000785f00000,0x0000000787700000)
 ParOldGen       total 153600K, used 31621K [0x00000006c1800000, 0x00000006cae00000, 0x000000076b300000)
  object space 153600K, 20% used [0x00000006c1800000,0x00000006c36e1450,0x00000006cae00000)
 Metaspace       used 30186K, capacity 31679K, committed 32000K, reserved 1077248K
  class space    used 3943K, capacity 4263K, committed 4352K, reserved 1048576K
Event: 30.751 GC heap after
Heap after GC invocations=11 (full 1):
 PSYoungGen      total 417792K, used 2005K [0x000000076b300000, 0x0000000786c80000, 0x00000007c0000000)
  eden space 403968K, 0% used [0x000000076b300000,0x000000076b300000,0x0000000783d80000)
  from space 13824K, 14% used [0x0000000785f00000,0x00000007860f56a8,0x0000000786c80000)
  to   space 24064K, 0% used [0x0000000783d80000,0x0000000783d80000,0x0000000785500000)
 ParOldGen       total 153600K, used 34791K [0x00000006c1800000, 0x00000006cae00000, 0x000000076b300000)
  object space 153600K, 22% used [0x00000006c1800000,0x00000006c39f9d30,0x00000006cae00000)
 Metaspace       used 30186K, capacity 31679K, committed 32000K, reserved 1077248K
  class space    used 3943K, capacity 4263K, committed 4352K, reserved 1048576K
}

Deoptimization events (10 events):
Event: 27.610 Thread 0x000000001f9b0800 Uncommon trap: reason=class_check action=maybe_recompile pc=0x000000000411b30c method=com.sun.prism.impl.shape.NativePiscesRasterizer.getMaskData(Lcom/sun/javafx/geom/Shape;Lcom/sun/prism/BasicStroke;Lcom/sun/javafx/geom/RectBounds;Lcom/sun/javafx/geom/tr
Event: 27.610 Thread 0x000000001f9b0800 Uncommon trap: reason=class_check action=maybe_recompile pc=0x00000000040c94c4 method=com.sun.javafx.geom.Path2D.<init>(Lcom/sun/javafx/geom/Shape;Lcom/sun/javafx/geom/transform/BaseTransform;)V @ 5
Event: 27.649 Thread 0x000000001f9b0800 Uncommon trap: reason=class_check action=maybe_recompile pc=0x000000000411b30c method=com.sun.prism.impl.shape.NativePiscesRasterizer.getMaskData(Lcom/sun/javafx/geom/Shape;Lcom/sun/prism/BasicStroke;Lcom/sun/javafx/geom/RectBounds;Lcom/sun/javafx/geom/tr
Event: 27.649 Thread 0x000000001f9b0800 Uncommon trap: reason=class_check action=maybe_recompile pc=0x00000000040c94c4 method=com.sun.javafx.geom.Path2D.<init>(Lcom/sun/javafx/geom/Shape;Lcom/sun/javafx/geom/transform/BaseTransform;)V @ 5
Event: 27.688 Thread 0x000000001f9b0800 Uncommon trap: reason=class_check action=maybe_recompile pc=0x000000000411b30c method=com.sun.prism.impl.shape.NativePiscesRasterizer.getMaskData(Lcom/sun/javafx/geom/Shape;Lcom/sun/prism/BasicStroke;Lcom/sun/javafx/geom/RectBounds;Lcom/sun/javafx/geom/tr
Event: 27.688 Thread 0x000000001f9b0800 Uncommon trap: reason=class_check action=maybe_recompile pc=0x00000000040c94c4 method=com.sun.javafx.geom.Path2D.<init>(Lcom/sun/javafx/geom/Shape;Lcom/sun/javafx/geom/transform/BaseTransform;)V @ 5
Event: 28.128 Thread 0x000000001fa01000 Uncommon trap: reason=class_check action=maybe_recompile pc=0x00000000039d21ec method=java.util.AbstractList.rangeCheckForAdd(I)V @ 6
Event: 29.095 Thread 0x000000001fa01000 Uncommon trap: reason=class_check action=maybe_recompile pc=0x00000000039d21ec method=java.util.AbstractList.rangeCheckForAdd(I)V @ 6
Event: 29.895 Thread 0x000000001f9b0800 Uncommon trap: reason=unstable_if action=reinterpret pc=0x0000000004151184 method=com.sun.prism.impl.BaseContext.updateMaskTexture(Lcom/sun/prism/impl/shape/MaskData;Lcom/sun/javafx/geom/RectBounds;Z)V @ 442
Event: 31.083 Thread 0x000000001f9b0800 Uncommon trap: reason=unstable_if action=reinterpret pc=0x00000000040b7a58 method=com.sun.prism.impl.GlyphCache.render(Lcom/sun/prism/impl/BaseContext;Lcom/sun/javafx/scene/text/GlyphList;FFIILcom/sun/prism/paint/Color;Lcom/sun/prism/paint/Color;Lcom/sun/

Internal exceptions (10 events):
Event: 18.343 Thread 0x0000000029163800 Exception <a 'java/lang/ClassNotFoundException': sun/net/www/protocol/data/Handler> (0x000000076c1529a8) thrown at [C:\re\workspace\8-2-build-windows-amd64-cygwin\jdk8u111\7883\hotspot\src\share\vm\classfile\systemDictionary.cpp, line 210]
Event: 18.343 Thread 0x000000001fab6800 Exception <a 'java/lang/ClassNotFoundException': sun/net/www/protocol/data/Handler> (0x000000076b786e18) thrown at [C:\re\workspace\8-2-build-windows-amd64-cygwin\jdk8u111\7883\hotspot\src\share\vm\classfile\systemDictionary.cpp, line 210]
Event: 18.344 Thread 0x0000000029163800 Exception <a 'java/lang/ClassNotFoundException': sun/net/www/protocol/data/Handler> (0x000000076c158e98) thrown at [C:\re\workspace\8-2-build-windows-amd64-cygwin\jdk8u111\7883\hotspot\src\share\vm\classfile\systemDictionary.cpp, line 210]
Event: 18.344 Thread 0x000000001fab6800 Exception <a 'java/lang/ClassNotFoundException': sun/net/www/protocol/data/Handler> (0x000000076b78c890) thrown at [C:\re\workspace\8-2-build-windows-amd64-cygwin\jdk8u111\7883\hotspot\src\share\vm\classfile\systemDictionary.cpp, line 210]
Event: 18.444 Thread 0x000000002916a000 Implicit null exception at 0x0000000003adb25a to 0x0000000003adb34a
Event: 18.444 Thread 0x000000002916a000 Exception <a 'java/lang/NullPointerException'> (0x00000007719d1368) thrown at [C:\re\workspace\8-2-build-windows-amd64-cygwin\jdk8u111\7883\hotspot\src\share\vm\runtime\sharedRuntime.cpp, line 605]
Event: 18.947 Thread 0x0000000029168800 Exception <a 'java/lang/ClassNotFoundException': sun/net/www/protocol/data/Handler> (0x000000076ddc1088) thrown at [C:\re\workspace\8-2-build-windows-amd64-cygwin\jdk8u111\7883\hotspot\src\share\vm\classfile\systemDictionary.cpp, line 210]
Event: 18.947 Thread 0x0000000029168800 Exception <a 'java/lang/ClassNotFoundException': sun/net/www/protocol/data/Handler> (0x000000076ddc5340) thrown at [C:\re\workspace\8-2-build-windows-amd64-cygwin\jdk8u111\7883\hotspot\src\share\vm\classfile\systemDictionary.cpp, line 210]
Event: 20.108 Thread 0x000000001fa01000 Exception <a 'java/lang/ClassNotFoundException': sun/net/www/protocol/about/Handler> (0x0000000772981f30) thrown at [C:\re\workspace\8-2-build-windows-amd64-cygwin\jdk8u111\7883\hotspot\src\share\vm\classfile\systemDictionary.cpp, line 210]
Event: 21.040 Thread 0x000000001fa01000 Implicit null exception at 0x0000000003415196 to 0x0000000003415545

Events (10 events):
Event: 32.769 Thread 0x0000000029165800 Thread exited: 0x0000000029165800
Event: 32.769 Thread 0x000000002915f800 Thread added: 0x000000002915f800
Event: 32.769 Thread 0x000000002915f800 Thread exited: 0x000000002915f800
Event: 32.769 Thread 0x000000002915f800 Thread added: 0x000000002915f800
Event: 32.769 Thread 0x000000002915f800 Thread exited: 0x000000002915f800
Event: 32.769 Thread 0x0000000029161000 Thread added: 0x0000000029161000
Event: 32.769 Thread 0x0000000029161000 Thread exited: 0x0000000029161000
Event: 32.769 Thread 0x000000002915f800 Thread added: 0x000000002915f800
Event: 32.774 Thread 0x0000000029162800 Thread added: 0x0000000029162800
Event: 32.774 Thread 0x0000000029162800 Thread exited: 0x0000000029162800


Dynamic libraries:
0x00007ff791970000 - 0x00007ff7919a7000 	C:\Program Files\Java\jdk1.8.0_111\jre\bin\java.exe
0x00007ffd6b1f0000 - 0x00007ffd6b3e5000 	C:\WINDOWS\SYSTEM32\ntdll.dll
0x00007ffd69f00000 - 0x00007ffd69fbd000 	C:\WINDOWS\System32\KERNEL32.DLL
0x00007ffd68d20000 - 0x00007ffd68fe9000 	C:\WINDOWS\System32\KERNELBASE.dll
0x00007ffd6ac50000 - 0x00007ffd6acfc000 	C:\WINDOWS\System32\ADVAPI32.dll
0x00007ffd6b110000 - 0x00007ffd6b1ae000 	C:\WINDOWS\System32\msvcrt.dll
0x00007ffd6aba0000 - 0x00007ffd6ac3c000 	C:\WINDOWS\System32\sechost.dll
0x00007ffd69db0000 - 0x00007ffd69edb000 	C:\WINDOWS\System32\RPCRT4.dll
0x00007ffd69250000 - 0x00007ffd693f0000 	C:\WINDOWS\System32\USER32.dll
0x00007ffd691c0000 - 0x00007ffd691e2000 	C:\WINDOWS\System32\win32u.dll
0x00007ffd693f0000 - 0x00007ffd6941a000 	C:\WINDOWS\System32\GDI32.dll
0x00007ffd68ab0000 - 0x00007ffd68bbb000 	C:\WINDOWS\System32\gdi32full.dll
0x00007ffd69120000 - 0x00007ffd691bd000 	C:\WINDOWS\System32\msvcp_win.dll
0x00007ffd68930000 - 0x00007ffd68a30000 	C:\WINDOWS\System32\ucrtbase.dll
0x00007ffd558b0000 - 0x00007ffd55b4a000 	C:\WINDOWS\WinSxS\amd64_microsoft.windows.common-controls_6595b64144ccf1df_6.0.19041.844_none_ca00b6081b84eb1d\COMCTL32.dll
0x00007ffd69a20000 - 0x00007ffd69a50000 	C:\WINDOWS\System32\IMM32.DLL
0x000000005e260000 - 0x000000005e332000 	C:\Program Files\Java\jdk1.8.0_111\jre\bin\msvcr100.dll
0x000000005e340000 - 0x000000005ebda000 	C:\Program Files\Java\jdk1.8.0_111\jre\bin\server\jvm.dll
0x00007ffd6ad00000 - 0x00007ffd6ad08000 	C:\WINDOWS\System32\PSAPI.DLL
0x00007ffd60580000 - 0x00007ffd6058a000 	C:\WINDOWS\SYSTEM32\VERSION.dll
0x00007ffd57800000 - 0x00007ffd57827000 	C:\WINDOWS\SYSTEM32\WINMM.dll
0x00007ffd53580000 - 0x00007ffd53589000 	C:\WINDOWS\SYSTEM32\WSOCK32.dll
0x00007ffd6af80000 - 0x00007ffd6afeb000 	C:\WINDOWS\System32\WS2_32.dll
0x000000005e210000 - 0x000000005e21f000 	C:\Program Files\Java\jdk1.8.0_111\jre\bin\verify.dll
0x000000005e1e0000 - 0x000000005e209000 	C:\Program Files\Java\jdk1.8.0_111\jre\bin\java.dll
0x000000005e1c0000 - 0x000000005e1d6000 	C:\Program Files\Java\jdk1.8.0_111\jre\bin\zip.dll
0x00007ffd6a2a0000 - 0x00007ffd6a9e2000 	C:\WINDOWS\System32\SHELL32.dll
0x00007ffd66a70000 - 0x00007ffd67200000 	C:\WINDOWS\SYSTEM32\windows.storage.dll
0x00007ffd69a50000 - 0x00007ffd69da5000 	C:\WINDOWS\System32\combase.dll
0x00007ffd683a0000 - 0x00007ffd683cc000 	C:\WINDOWS\SYSTEM32\Wldp.dll
0x00007ffd6ad70000 - 0x00007ffd6ae1e000 	C:\WINDOWS\System32\SHCORE.dll
0x00007ffd6aa90000 - 0x00007ffd6aae5000 	C:\WINDOWS\System32\shlwapi.dll
0x00007ffd68870000 - 0x00007ffd6888f000 	C:\WINDOWS\SYSTEM32\profapi.dll
0x00007ffd1f650000 - 0x00007ffd1f73f000 	C:\Program Files\Java\jdk1.8.0_111\jre\bin\msvcr120.dll
0x00007ffd340f0000 - 0x00007ffd34196000 	C:\Program Files\Java\jdk1.8.0_111\jre\bin\msvcp120.dll
0x000000005d3b0000 - 0x000000005d3d2000 	C:\Program Files\Java\jdk1.8.0_111\jre\bin\prism_d3d.dll
0x00007ffd239f0000 - 0x00007ffd23bbf000 	C:\WINDOWS\system32\d3d9.dll
0x00007ffd67210000 - 0x00007ffd67222000 	C:\WINDOWS\SYSTEM32\kernel.appcore.dll
0x00007ffd661f0000 - 0x00007ffd6621f000 	C:\WINDOWS\SYSTEM32\dwmapi.dll
0x00007ffd65710000 - 0x00007ffd657ae000 	C:\WINDOWS\system32\uxtheme.dll
0x00007ffd22d00000 - 0x00007ffd22e65000 	C:\WINDOWS\System32\DriverStore\FileRepository\iigd_dch.inf_amd64_0f2250737b8ab5a6\igdumdim64.dll
0x00007ffd69480000 - 0x00007ffd695aa000 	C:\WINDOWS\System32\ole32.dll
0x00007ffcf8de0000 - 0x00007ffcfd71d000 	C:\WINDOWS\System32\DriverStore\FileRepository\iigd_dch.inf_amd64_0f2250737b8ab5a6\igd9dxva64.dll
0x00007ffd6a1d0000 - 0x00007ffd6a29d000 	C:\WINDOWS\System32\OLEAUT32.dll
0x00007ffd695b0000 - 0x00007ffd69a19000 	C:\WINDOWS\System32\SETUPAPI.dll
0x00007ffd68a60000 - 0x00007ffd68aae000 	C:\WINDOWS\System32\cfgmgr32.dll
0x00007ffd68a30000 - 0x00007ffd68a57000 	C:\WINDOWS\System32\bcrypt.dll
0x00007ffd5c0a0000 - 0x00007ffd5c368000 	C:\WINDOWS\System32\DriverStore\FileRepository\iigd_dch.inf_amd64_0f2250737b8ab5a6\igdgmm64.dll
0x000000005d360000 - 0x000000005d3a3000 	C:\Program Files\Java\jdk1.8.0_111\jre\bin\glass.dll
0x00007ffd6ae20000 - 0x00007ffd6aefa000 	C:\WINDOWS\System32\COMDLG32.dll
0x00007ffd6aff0000 - 0x00007ffd6b105000 	C:\WINDOWS\System32\MSCTF.dll
0x00007ffd690a0000 - 0x00007ffd69120000 	C:\WINDOWS\System32\bcryptPrimitives.dll
0x00007ffd4e800000 - 0x00007ffd4e827000 	C:\WINDOWS\System32\DriverStore\FileRepository\iigd_dch.inf_amd64_0f2250737b8ab5a6\igdinfo64.dll
0x00007ffd59240000 - 0x00007ffd5bde2000 	C:\WINDOWS\System32\DriverStore\FileRepository\iigd_dch.inf_amd64_0f2250737b8ab5a6\igc64.dll
0x00007ffd5ec90000 - 0x00007ffd5eccb000 	C:\WINDOWS\SYSTEM32\dxcore.dll
0x000000005d340000 - 0x000000005d354000 	C:\Program Files\Java\jdk1.8.0_111\jre\bin\javafx_font.dll
0x00007ffd56150000 - 0x00007ffd563cf000 	C:\WINDOWS\SYSTEM32\dwrite.dll
0x00007ffd6aaf0000 - 0x00007ffd6ab99000 	C:\WINDOWS\System32\clbcatq.dll
0x00007ffd60840000 - 0x00007ffd609f4000 	C:\WINDOWS\SYSTEM32\WindowsCodecs.dll
0x00007ffd54210000 - 0x00007ffd5424e000 	C:\WINDOWS\system32\dataexchange.dll
0x00007ffd63ef0000 - 0x00007ffd64154000 	C:\WINDOWS\system32\d3d11.dll
0x00007ffd64b80000 - 0x00007ffd64d67000 	C:\WINDOWS\system32\dcomp.dll
0x00007ffd673a0000 - 0x00007ffd67493000 	C:\WINDOWS\system32\dxgi.dll
0x00007ffd60a00000 - 0x00007ffd60c01000 	C:\WINDOWS\system32\twinapi.appcore.dll
0x00007ffd5ce90000 - 0x00007ffd5cec4000 	C:\Program Files\Common Files\Microsoft Shared\Ink\rtscom.dll
0x00007ffd5ea10000 - 0x00007ffd5eb0b000 	C:\WINDOWS\SYSTEM32\textinputframework.dll
0x00007ffd650f0000 - 0x00007ffd6544e000 	C:\WINDOWS\System32\CoreUIComponents.dll
0x00007ffd65450000 - 0x00007ffd65542000 	C:\WINDOWS\System32\CoreMessaging.dll
0x00007ffd67680000 - 0x00007ffd676b3000 	C:\WINDOWS\SYSTEM32\ntmarta.dll
0x00007ffd63d90000 - 0x00007ffd63ee4000 	C:\WINDOWS\SYSTEM32\wintypes.dll
0x000000005d320000 - 0x000000005d331000 	C:\Program Files\Java\jdk1.8.0_111\jre\bin\prism_common.dll
0x000000005e1a0000 - 0x000000005e1ba000 	C:\Program Files\Java\jdk1.8.0_111\jre\bin\net.dll
0x00007ffd68120000 - 0x00007ffd6818a000 	C:\WINDOWS\system32\mswsock.dll
0x00007ffd67e10000 - 0x00007ffd67edb000 	C:\WINDOWS\SYSTEM32\DNSAPI.dll
0x00007ffd67dc0000 - 0x00007ffd67dfb000 	C:\WINDOWS\SYSTEM32\IPHLPAPI.DLL
0x00007ffd6ac40000 - 0x00007ffd6ac48000 	C:\WINDOWS\System32\NSI.dll
0x0000000060540000 - 0x0000000060566000 	C:\Program Files\Bonjour\mdnsNSP.dll
0x00007ffd554f0000 - 0x00007ffd554fa000 	C:\Windows\System32\rasadhlp.dll
0x00007ffd55550000 - 0x00007ffd555cf000 	C:\WINDOWS\System32\fwpuclnt.dll
0x000000005ded0000 - 0x000000005def4000 	C:\Program Files\Java\jdk1.8.0_111\jre\bin\sunec.dll
0x000000005dec0000 - 0x000000005decb000 	C:\Program Files\Java\jdk1.8.0_111\jre\bin\sunmscapi.dll
0x00007ffd68bc0000 - 0x00007ffd68d1f000 	C:\WINDOWS\System32\CRYPT32.dll
0x000000005d2f0000 - 0x000000005d313000 	C:\Program Files\Java\jdk1.8.0_111\jre\bin\javafx_iio.dll
0x000000005ad50000 - 0x000000005d2e1000 	C:\Program Files\Java\jdk1.8.0_111\jre\bin\jfxwebkit.dll
0x00007ffd682f0000 - 0x00007ffd68308000 	C:\WINDOWS\SYSTEM32\CRYPTSP.dll
0x00007ffd67a50000 - 0x00007ffd67a84000 	C:\WINDOWS\system32\rsaenh.dll
0x00007ffd68310000 - 0x00007ffd6831c000 	C:\WINDOWS\SYSTEM32\CRYPTBASE.dll
0x000000005e180000 - 0x000000005e191000 	C:\Program Files\Java\jdk1.8.0_111\jre\bin\nio.dll
0x00007ffd687f0000 - 0x00007ffd6881e000 	C:\WINDOWS\SYSTEM32\USERENV.dll
0x00007ffd610c0000 - 0x00007ffd610d7000 	C:\WINDOWS\SYSTEM32\dhcpcsvc6.DLL
0x00007ffd61200000 - 0x00007ffd6121d000 	C:\WINDOWS\SYSTEM32\dhcpcsvc.DLL
0x000000005acd0000 - 0x000000005ad43000 	C:\Program Files\Java\jdk1.8.0_111\jre\bin\glib-lite.dll
0x000000005ac30000 - 0x000000005accc000 	C:\Program Files\Java\jdk1.8.0_111\jre\bin\gstreamer-lite.dll
0x00007ffd57010000 - 0x00007ffd570ac000 	C:\WINDOWS\SYSTEM32\DSOUND.dll
0x00007ffd67ee0000 - 0x00007ffd67f2b000 	C:\WINDOWS\SYSTEM32\powrprof.dll
0x00007ffd4afc0000 - 0x00007ffd4afe6000 	C:\WINDOWS\SYSTEM32\winmmbase.dll
0x00007ffd67da0000 - 0x00007ffd67db2000 	C:\WINDOWS\SYSTEM32\UMPDC.dll
0x000000005ac00000 - 0x000000005ac25000 	C:\Program Files\Java\jdk1.8.0_111\jre\bin\jfxmedia.dll
0x000000005dfe0000 - 0x000000005e178000 	C:\Program Files\Java\jdk1.8.0_111\jre\bin\awt.dll
0x00007ffd65680000 - 0x00007ffd65710000 	C:\WINDOWS\SYSTEM32\apphelp.dll
0x00007ffd68820000 - 0x00007ffd6885c000 	C:\WINDOWS\SYSTEM32\SspiCli.dll
0x000000005abc0000 - 0x000000005abf1000 	C:\Program Files\Java\jdk1.8.0_111\jre\bin\fxplugins.dll
0x00007ffd2bcb0000 - 0x00007ffd2bf2b000 	C:\Windows\System32\msmpeg2vdec.dll
0x00007ffd2bb80000 - 0x00007ffd2bcad000 	C:\Windows\System32\mfperfhelper.dll
0x00007ffd3bc50000 - 0x00007ffd3be0c000 	C:\Windows\System32\MFPlat.DLL
0x00007ffd3bfa0000 - 0x00007ffd3bfd0000 	C:\Windows\System32\RTWorkQ.DLL
0x00007ffd57f20000 - 0x00007ffd57f57000 	C:\Windows\System32\CompPkgSup.DLL
0x00007ffd469d0000 - 0x00007ffd46b16000 	C:\Windows\System32\Windows.StateRepositoryPS.dll
0x00007ffd1eb90000 - 0x00007ffd1ec97000 	C:\Windows\System32\msmpeg2adec.dll
0x00007ffd61f10000 - 0x00007ffd61f95000 	C:\WINDOWS\System32\MMDevApi.dll
0x00007ffd686e0000 - 0x00007ffd6870c000 	C:\WINDOWS\System32\DEVOBJ.dll
0x00007ffd61fb0000 - 0x00007ffd62135000 	C:\WINDOWS\SYSTEM32\AUDIOSES.DLL
0x00007ffd66100000 - 0x00007ffd66114000 	C:\WINDOWS\SYSTEM32\resourcepolicyclient.dll
0x00007ffd61040000 - 0x00007ffd6104a000 	C:\WINDOWS\SYSTEM32\avrt.dll
0x00007ffd1e9c0000 - 0x00007ffd1eb90000 	C:\Windows\System32\quartz.dll
0x00007ffd5c440000 - 0x00007ffd5c581000 	C:\Windows\System32\Windows.UI.dll
0x00007ffd60c10000 - 0x00007ffd60cb1000 	C:\Windows\System32\WindowManagementAPI.dll
0x00007ffd58420000 - 0x00007ffd58572000 	C:\Windows\System32\InputHost.dll
0x00007ffd65ec0000 - 0x00007ffd65fb7000 	C:\Windows\System32\PROPSYS.dll
0x00007ffd66780000 - 0x00007ffd66964000 	C:\WINDOWS\SYSTEM32\dbghelp.dll

VM Arguments:
jvm_args: -Dfile.encoding=UTF-8 
java_command: C:\Users\ahmed\OneDrive\Documents\ArtLife\dist\run536674828\ArtLife.jar
java_class_path (initial): C:\Users\ahmed\OneDrive\Documents\ArtLife\dist\run536674828\ArtLife.jar
Launcher Type: SUN_STANDARD

Environment Variables:
PATH=C:\Program Files (x86)\Common Files\Oracle\Java\javapath;C:\ProgramData\Oracle\Java\javapath;C:\Program Files\Common Files\Oracle\Java\javapath;C:\Program Files (x86)\Common Files\Intel\Shared Libraries\redist\intel64\compiler;C:\WINDOWS\system32;C:\WINDOWS;C:\WINDOWS\System32\Wbem;C:\WINDOWS\System32\WindowsPowerShell\v1.0\;C:\WINDOWS\System32\OpenSSH\;C:\xampp\php;C:\ProgramData\ComposerSetup\bin;C:\Program Files\Git\cmd;C:\Program Files\nodejs\;C:\ProgramData\chocolatey\bin;;C:\Program Files\Symfony;C:\Users\ahmed\AppData\Local\Microsoft\WindowsApps;C:\Users\ahmed\AppData\Local\Programs\Microsoft VS Code\bin;C:\Users\ahmed\AppData\Local\GitHubDesktop\bin;C:\Users\ahmed\AppData\Roaming\Composer\vendor\bin;C:\Users\ahmed\AppData\Roaming\npm
USERNAME=ahmed
OS=Windows_NT
PROCESSOR_IDENTIFIER=Intel64 Family 6 Model 142 Stepping 10, GenuineIntel



---------------  S Y S T E M  ---------------

OS: Windows 10.0 , 64 bit Build 19041 (10.0.19041.804)

CPU:total 8 (4 cores per cpu, 2 threads per core) family 6 model 142 stepping 10, cmov, cx8, fxsr, mmx, sse, sse2, sse3, ssse3, sse4.1, sse4.2, popcnt, avx, avx2, aes, clmul, erms, 3dnowpref, lzcnt, ht, tsc, tscinvbit, bmi1, bmi2, adx

Memory: 4k page, physical 16672380k(6182588k free), swap 29541976k(6241932k free)

vm_info: Java HotSpot(TM) 64-Bit Server VM (25.111-b14) for windows-amd64 JRE (1.8.0_111-b14), built on Sep 22 2016 19:24:05 by "java_re" with MS VC++ 10.0 (VS2010)

time: Thu Mar 25 12:13:04 2021
elapsed time: 33 seconds (0d 0h 0m 33s)

