#
# A fatal error has been detected by the Java Runtime Environment:
#
#  EXCEPTION_ACCESS_VIOLATION (0xc0000005) at pc=0x000000005babd279, pid=9096, tid=0x000000000000062c
#
# JRE version: Java(TM) SE Runtime Environment (8.0_111-b14) (build 1.8.0_111-b14)
# Java VM: Java HotSpot(TM) 64-Bit Server VM (25.111-b14 mixed mode windows-amd64 compressed oops)
# Problematic frame:
# C  [jfxwebkit.dll+0xd6d279]
#
# Failed to write core dump. Minidumps are not enabled by default on client versions of Windows
#
# If you would like to submit a bug report, please visit:
#   http://bugreport.java.com/bugreport/crash.jsp
# The crash happened outside the Java Virtual Machine in native code.
# See problematic frame for where to report the bug.
#

---------------  T H R E A D  ---------------

Current thread (0x000000001eef1000):  JavaThread "JavaFX Application Thread" [_thread_in_native, id=1580, stack(0x000000001fae0000,0x000000001fbe0000)]

siginfo: ExceptionCode=0xc0000005, writing address 0x000000000000a1b0

Registers:
RAX=0x000000003a0c0000, RBX=0x000000002d83ff30, RCX=0x000000002d83ff30, RDX=0x000000002d83ff30
RSP=0x000000001fbdb7f0, RBP=0x000000001fbdb950, RSI=0x0000000000000000, RDI=0x000000001fbdbc30
R8 =0x0000000041d76070, R9 =0xffff000000000000, R10=0x0000000000000000, R11=0xffff000000000002
R12=0x000000002d83ff30, R13=0x000000002d82ff90, R14=0x0000000000000000, R15=0x0000000041d76070
RIP=0x000000005babd279, EFLAGS=0x0000000000010206

Top of Stack: (sp=0x000000001fbdb7f0)
0x000000001fbdb7f0:   0000000023dae740 000000005babfd0c
0x000000001fbdb800:   00000000360b6b90 0000000041d76060
0x000000001fbdb810:   000000001fbdb990 000000002d83ff20
0x000000001fbdb820:   0000000041d76048 0000000000000000
0x000000001fbdb830:   000000002d82ff90 000000002d83ff30
0x000000001fbdb840:   0000000000000005 000000005bab4ac2
0x000000001fbdb850:   0000000041d76070 000000001fbdb950
0x000000001fbdb860:   0000000000000000 0000000000000003
0x000000001fbdb870:   0000000041d76060 0000000000000000
0x000000001fbdb880:   0000000041d76070 0000000000001fa2
0x000000001fbdb890:   0000000000000085 000000002d83ff30
0x000000001fbdb8a0:   000000002d83ff30 000000005b98f406
0x000000001fbdb8b0:   badbeef00000007d 0000000000550cc0
0x000000001fbdb8c0:   000000002c88fa80 000000005e5d63ac
0x000000001fbdb8d0:   00000006c41a4960 00000007794ed550
0x000000001fbdb8e0:   0000000000000410 0000000000000004 

Instructions: (pc=0x000000005babd279)
0x000000005babd259:   83 ec 30 48 8b 42 18 48 8b da 48 8b f9 48 25 00
0x000000005babd269:   00 ff ff 48 8b cb 4d 8b f8 48 8b b0 68 04 00 00
0x000000005babd279:   48 89 96 b0 a1 00 00 49 8d 50 08 e8 37 b0 e5 ff
0x000000005babd289:   4c 8b 73 10 49 63 6f 10 41 8b 86 84 01 00 00 4c 


Register to memory mapping:

RAX=0x000000003a0c0000 is an unknown value
RBX=0x000000002d83ff30 is an unknown value
RCX=0x000000002d83ff30 is an unknown value
RDX=0x000000002d83ff30 is an unknown value
RSP=0x000000001fbdb7f0 is pointing into the stack for thread: 0x000000001eef1000
RBP=0x000000001fbdb950 is pointing into the stack for thread: 0x000000001eef1000
RSI=0x0000000000000000 is an unknown value
RDI=0x000000001fbdbc30 is pointing into the stack for thread: 0x000000001eef1000
R8 =0x0000000041d76070 is an unknown value
R9 =0xffff000000000000 is an unknown value
R10=0x0000000000000000 is an unknown value
R11=0xffff000000000002 is an unknown value
R12=0x000000002d83ff30 is an unknown value
R13=0x000000002d82ff90 is an unknown value
R14=0x0000000000000000 is an unknown value
R15=0x0000000041d76070 is an unknown value


Stack: [0x000000001fae0000,0x000000001fbe0000],  sp=0x000000001fbdb7f0,  free space=1005k
Native frames: (J=compiled Java code, j=interpreted, Vv=VM code, C=native code)
C  [jfxwebkit.dll+0xd6d279]
C  [jfxwebkit.dll+0xd64ac2]
C  [jfxwebkit.dll+0xd314b3]
C  [jfxwebkit.dll+0xc371de]
C  [jfxwebkit.dll+0xc34683]
C  [jfxwebkit.dll+0xbd0b0e]
C  [jfxwebkit.dll+0x4453e1]
C  [jfxwebkit.dll+0x452574]
C  [jfxwebkit.dll+0x452496]
C  [jfxwebkit.dll+0x5d3563]
C  [jfxwebkit.dll+0x6fbe7a]
C  [jfxwebkit.dll+0x6fbc71]
C  [jfxwebkit.dll+0x6fbd46]
C  [jfxwebkit.dll+0x6f0f50]
C  [jfxwebkit.dll+0x78c4c3]
C  [jfxwebkit.dll+0x7c30de]
C  0x0000000002737f74

Java frames: (J=compiled Java code, j=interpreted, Vv=VM code)
j  com.sun.webkit.network.URLLoader.twkDidFinishLoading(J)V+0
j  com.sun.webkit.network.URLLoader.notifyDidFinishLoading()V+44
j  com.sun.webkit.network.URLLoader.lambda$didFinishLoading$99()V+8
j  com.sun.webkit.network.URLLoader$$Lambda$363.run()V+4
J 5118 C1 com.sun.javafx.application.PlatformImpl$$Lambda$50.run()Ljava/lang/Object; (8 bytes) @ 0x000000000346444c [0x0000000003464300+0x14c]
v  ~StubRoutines::call_stub
J 1992  java.security.AccessController.doPrivileged(Ljava/security/PrivilegedAction;Ljava/security/AccessControlContext;)Ljava/lang/Object; (0 bytes) @ 0x0000000002d1d8e6 [0x0000000002d1d880+0x66]
J 5115 C1 com.sun.javafx.application.PlatformImpl.lambda$runLater$174(Ljava/lang/Runnable;Ljava/security/AccessControlContext;)V (38 bytes) @ 0x000000000346031c [0x000000000345ff00+0x41c]
J 5114 C1 com.sun.javafx.application.PlatformImpl$$Lambda$49.run()V (12 bytes) @ 0x0000000003457fcc [0x0000000003457f40+0x8c]
J 3211 C1 com.sun.glass.ui.InvokeLaterDispatcher$Future.run()V (91 bytes) @ 0x000000000309b754 [0x000000000309b640+0x114]
v  ~StubRoutines::call_stub
j  com.sun.glass.ui.win.WinApplication._runLoop(Ljava/lang/Runnable;)V+0
j  com.sun.glass.ui.win.WinApplication.lambda$null$148(ILjava/lang/Runnable;)V+8
j  com.sun.glass.ui.win.WinApplication$$Lambda$38.run()V+12
j  java.lang.Thread.run()V+11
v  ~StubRoutines::call_stub

---------------  P R O C E S S  ---------------

Java Threads: ( => current thread )
  0x000000001e258800 JavaThread "Thread-1817" daemon [_thread_in_native, id=13564, stack(0x0000000037e80000,0x0000000037f80000)]
  0x000000001e258000 JavaThread "Media Resource Disposer" daemon [_thread_blocked, id=13324, stack(0x0000000039f20000,0x000000003a020000)]
  0x000000001e259800 JavaThread "JFXMedia Player EventQueueThread" daemon [_thread_blocked, id=18180, stack(0x00000000371b0000,0x00000000372b0000)]
  0x000000001e256800 JavaThread "URL-Loader-20" daemon [_thread_blocked, id=11288, stack(0x0000000034470000,0x0000000034570000)]
  0x000000001e24d000 JavaThread "URL-Loader-19" daemon [_thread_blocked, id=20668, stack(0x00000000342f0000,0x00000000343f0000)]
  0x000000001e254000 JavaThread "Thread-5" daemon [_thread_in_native, id=6060, stack(0x0000000033cd0000,0x0000000033dd0000)]
  0x000000001e253800 JavaThread "URL-Loader-18" daemon [_thread_blocked, id=12100, stack(0x0000000031e80000,0x0000000031f80000)]
  0x000000001e252800 JavaThread "URL-Loader-17" daemon [_thread_blocked, id=21964, stack(0x0000000031d80000,0x0000000031e80000)]
  0x000000001e252000 JavaThread "URL-Loader-16" daemon [_thread_blocked, id=12004, stack(0x0000000031c80000,0x0000000031d80000)]
  0x000000001e24b800 JavaThread "URL-Loader-15" daemon [_thread_blocked, id=13436, stack(0x0000000031b80000,0x0000000031c80000)]
  0x000000001e251000 JavaThread "URL-Loader-14" daemon [_thread_blocked, id=13748, stack(0x0000000031160000,0x0000000031260000)]
  0x000000001e24c800 JavaThread "URL-Loader-13" daemon [_thread_blocked, id=15504, stack(0x0000000031060000,0x0000000031160000)]
  0x000000001e24f800 JavaThread "URL-Loader-12" daemon [_thread_blocked, id=2260, stack(0x0000000030eb0000,0x0000000030fb0000)]
  0x000000001e24e000 JavaThread "URL-Loader-11" daemon [_thread_blocked, id=18748, stack(0x0000000030db0000,0x0000000030eb0000)]
  0x000000001e24f000 JavaThread "URL-Loader-10" daemon [_thread_blocked, id=2848, stack(0x0000000030c90000,0x0000000030d90000)]
  0x000000001e250800 JavaThread "URL-Loader-9" daemon [_thread_blocked, id=20592, stack(0x0000000030b90000,0x0000000030c90000)]
  0x000000001e24a000 JavaThread "URL-Loader-8" daemon [_thread_blocked, id=8472, stack(0x0000000030a90000,0x0000000030b90000)]
  0x000000001e24b000 JavaThread "URL-Loader-7" daemon [_thread_blocked, id=6744, stack(0x00000000307e0000,0x00000000308e0000)]
  0x0000000025dcd000 JavaThread "URL-Loader-6" daemon [_thread_blocked, id=23196, stack(0x00000000306e0000,0x00000000307e0000)]
  0x0000000025dca000 JavaThread "URL-Loader-5" daemon [_thread_blocked, id=9820, stack(0x00000000305e0000,0x00000000306e0000)]
  0x0000000025dcc000 JavaThread "URL-Loader-4" daemon [_thread_blocked, id=11948, stack(0x00000000304e0000,0x00000000305e0000)]
  0x0000000025dca800 JavaThread "URL-Loader-3" daemon [_thread_blocked, id=14444, stack(0x00000000303e0000,0x00000000304e0000)]
  0x0000000025dc9000 JavaThread "URL-Loader-2" daemon [_thread_blocked, id=23440, stack(0x00000000302e0000,0x00000000303e0000)]
  0x0000000025dc7000 JavaThread "Watchdog-Timer-1" daemon [_thread_blocked, id=16080, stack(0x0000000030160000,0x0000000030260000)]
  0x0000000025dc8800 JavaThread "Keep-Alive-Timer" daemon [_thread_blocked, id=19716, stack(0x000000002fe60000,0x000000002ff60000)]
  0x0000000025dc7800 JavaThread "URL-Loader-1" daemon [_thread_blocked, id=3592, stack(0x000000002fa00000,0x000000002fb00000)]
  0x0000000025dcd800 JavaThread "Disposer" daemon [_thread_blocked, id=15364, stack(0x000000002d840000,0x000000002d940000)]
  0x0000000025bef800 JavaThread "mysql-cj-abandoned-connection-cleanup" daemon [_thread_blocked, id=6892, stack(0x0000000028aa0000,0x0000000028ba0000)]
  0x000000001f19b000 JavaThread "Prism Font Disposer" daemon [_thread_blocked, id=5532, stack(0x0000000027ba0000,0x0000000027ca0000)]
  0x000000001ef8c800 JavaThread "Thread-3" daemon [_thread_in_native, id=11468, stack(0x00000000245b0000,0x00000000246b0000)]
  0x000000001ef60000 JavaThread "JavaFX-Launcher" [_thread_blocked, id=5852, stack(0x00000000246b0000,0x00000000247b0000)]
=>0x000000001eef1000 JavaThread "JavaFX Application Thread" [_thread_in_native, id=1580, stack(0x000000001fae0000,0x000000001fbe0000)]
  0x000000001eee4000 JavaThread "Thread-1" daemon [_thread_blocked, id=12768, stack(0x000000001f9e0000,0x000000001fae0000)]
  0x000000001eeb4800 JavaThread "QuantumRenderer-0" daemon [_thread_blocked, id=14068, stack(0x000000001f660000,0x000000001f760000)]
  0x000000001e0ee800 JavaThread "Service Thread" daemon [_thread_blocked, id=21476, stack(0x000000001ec60000,0x000000001ed60000)]
  0x000000001e064000 JavaThread "C1 CompilerThread3" daemon [_thread_blocked, id=5892, stack(0x000000001eb60000,0x000000001ec60000)]
  0x000000001e060000 JavaThread "C2 CompilerThread2" daemon [_thread_blocked, id=13884, stack(0x000000001ea60000,0x000000001eb60000)]
  0x000000001e05c000 JavaThread "C2 CompilerThread1" daemon [_thread_blocked, id=17716, stack(0x000000001e960000,0x000000001ea60000)]
  0x000000001e058000 JavaThread "C2 CompilerThread0" daemon [_thread_blocked, id=17500, stack(0x000000001e860000,0x000000001e960000)]
  0x000000001e056000 JavaThread "Attach Listener" daemon [_thread_blocked, id=19664, stack(0x000000001e760000,0x000000001e860000)]
  0x000000001c16e800 JavaThread "Signal Dispatcher" daemon [_thread_blocked, id=4952, stack(0x000000001e660000,0x000000001e760000)]
  0x000000000271e000 JavaThread "Finalizer" daemon [_thread_blocked, id=12532, stack(0x000000001e430000,0x000000001e530000)]
  0x0000000002717000 JavaThread "Reference Handler" daemon [_thread_blocked, id=21920, stack(0x000000001df30000,0x000000001e030000)]
  0x000000000261e000 JavaThread "main" [_thread_blocked, id=23252, stack(0x0000000002470000,0x0000000002570000)]

Other Threads:
  0x000000001c159000 VMThread [stack: 0x000000001de30000,0x000000001df30000] [id=9480]
  0x000000001e124800 WatcherThread [stack: 0x000000001ed60000,0x000000001ee60000] [id=9600]

VM state:not at safepoint (normal execution)

VM Mutex/Monitor currently owned by a thread: None

Heap:
 PSYoungGen      total 335360K, used 31544K [0x000000076b300000, 0x0000000787f80000, 0x00000007c0000000)
  eden space 304128K, 9% used [0x000000076b300000,0x000000076cde6650,0x000000077dc00000)
  from space 31232K, 12% used [0x000000077dc00000,0x000000077dfe7aa0,0x000000077fa80000)
  to   space 30720K, 0% used [0x0000000786180000,0x0000000786180000,0x0000000787f80000)
 ParOldGen       total 134144K, used 47460K [0x00000006c1800000, 0x00000006c9b00000, 0x000000076b300000)
  object space 134144K, 35% used [0x00000006c1800000,0x00000006c4659048,0x00000006c9b00000)
 Metaspace       used 30378K, capacity 31898K, committed 32000K, reserved 1077248K
  class space    used 3955K, capacity 4266K, committed 4352K, reserved 1048576K

Card table byte_map: [0x0000000011ae0000,0x00000000122e0000] byte_map_base: 0x000000000e4d4000

Marking Bits: (ParMarkBitMap*) 0x000000005eb5a6c0
 Begin Bits: [0x0000000013030000, 0x0000000016fd0000)
 End Bits:   [0x0000000016fd0000, 0x000000001af70000)

Polling page: 0x00000000005f0000

CodeCache: size=245760Kb used=16483Kb max_used=16587Kb free=229276Kb
 bounds [0x0000000002720000, 0x0000000003770000, 0x0000000011720000]
 total_blobs=6041 nmethods=5181 adapters=771
 compilation: enabled

Compilation events (10 events):
Event: 26.358 Thread 0x000000001e064000 6100   !   3       java.util.Vector$1::nextElement (62 bytes)
Event: 26.359 Thread 0x000000001e064000 nmethod 6100 0x0000000002cecc50 code [0x0000000002cecde0, 0x0000000002ced348]
Event: 26.359 Thread 0x000000001e064000 6102       1       sun.security.internal.spec.TlsPrfParameterSpec::getSecret (5 bytes)
Event: 26.359 Thread 0x000000001e064000 nmethod 6102 0x0000000003603b90 code [0x0000000003603ce0, 0x0000000003603df0]
Event: 26.362 Thread 0x000000001e058000 nmethod 6101 0x0000000002ca2d10 code [0x0000000002ca2ea0, 0x0000000002ca3368]
Event: 26.365 Thread 0x000000001e060000 6103       4       java.util.regex.Pattern$Slice::match (79 bytes)
Event: 26.367 Thread 0x000000001e064000 6104       1       com.sun.prism.impl.BaseGraphics::setExtraAlpha (6 bytes)
Event: 26.367 Thread 0x000000001e064000 nmethod 6104 0x0000000002ccca90 code [0x0000000002cccbe0, 0x0000000002ccccf0]
Event: 26.369 Thread 0x000000001e060000 nmethod 6103 0x0000000002ea1a90 code [0x0000000002ea1be0, 0x0000000002ea1f58]
Event: 26.380 Thread 0x000000001e05c000 nmethod 6094 0x00000000030fc5d0 code [0x00000000030fcee0, 0x0000000003103028]

GC Heap History (10 events):
Event: 10.589 GC heap before
{Heap before GC invocations=6 (full 1):
 PSYoungGen      total 115712K, used 110951K [0x000000076b300000, 0x0000000773780000, 0x00000007c0000000)
  eden space 104960K, 99% used [0x000000076b300000,0x0000000771975de8,0x0000000771980000)
  from space 10752K, 56% used [0x0000000772400000,0x00000007729e3ec8,0x0000000772e80000)
  to   space 10752K, 0% used [0x0000000771980000,0x0000000771980000,0x0000000772400000)
 ParOldGen       total 134144K, used 40284K [0x00000006c1800000, 0x00000006c9b00000, 0x000000076b300000)
  object space 134144K, 30% used [0x00000006c1800000,0x00000006c3f570f0,0x00000006c9b00000)
 Metaspace       used 26980K, capacity 28252K, committed 28288K, reserved 1073152K
  class space    used 3642K, capacity 3947K, committed 3968K, reserved 1048576K
Event: 10.592 GC heap after
Heap after GC invocations=6 (full 1):
 PSYoungGen      total 115712K, used 6087K [0x000000076b300000, 0x000000077af00000, 0x00000007c0000000)
  eden space 104960K, 0% used [0x000000076b300000,0x000000076b300000,0x0000000771980000)
  from space 10752K, 56% used [0x0000000771980000,0x0000000771f71e60,0x0000000772400000)
  to   space 34304K, 0% used [0x0000000778d80000,0x0000000778d80000,0x000000077af00000)
 ParOldGen       total 134144K, used 40292K [0x00000006c1800000, 0x00000006c9b00000, 0x000000076b300000)
  object space 134144K, 30% used [0x00000006c1800000,0x00000006c3f590f0,0x00000006c9b00000)
 Metaspace       used 26980K, capacity 28252K, committed 28288K, reserved 1073152K
  class space    used 3642K, capacity 3947K, committed 3968K, reserved 1048576K
}
Event: 11.933 GC heap before
{Heap before GC invocations=7 (full 1):
 PSYoungGen      total 115712K, used 111047K [0x000000076b300000, 0x000000077af00000, 0x00000007c0000000)
  eden space 104960K, 100% used [0x000000076b300000,0x0000000771980000,0x0000000771980000)
  from space 10752K, 56% used [0x0000000771980000,0x0000000771f71e60,0x0000000772400000)
  to   space 34304K, 0% used [0x0000000778d80000,0x0000000778d80000,0x000000077af00000)
 ParOldGen       total 134144K, used 40292K [0x00000006c1800000, 0x00000006c9b00000, 0x000000076b300000)
  object space 134144K, 30% used [0x00000006c1800000,0x00000006c3f590f0,0x00000006c9b00000)
 Metaspace       used 27491K, capacity 28796K, committed 28928K, reserved 1075200K
  class space    used 3691K, capacity 3995K, committed 4096K, reserved 1048576K
Event: 11.938 GC heap after
Heap after GC invocations=7 (full 1):
 PSYoungGen      total 212480K, used 7625K [0x000000076b300000, 0x000000077a880000, 0x00000007c0000000)
  eden space 184832K, 0% used [0x000000076b300000,0x000000076b300000,0x0000000776780000)
  from space 27648K, 27% used [0x0000000778d80000,0x00000007794f2630,0x000000077a880000)
  to   space 33280K, 0% used [0x0000000776780000,0x0000000776780000,0x0000000778800000)
 ParOldGen       total 134144K, used 40300K [0x00000006c1800000, 0x00000006c9b00000, 0x000000076b300000)
  object space 134144K, 30% used [0x00000006c1800000,0x00000006c3f5b0f0,0x00000006c9b00000)
 Metaspace       used 27491K, capacity 28796K, committed 28928K, reserved 1075200K
  class space    used 3691K, capacity 3995K, committed 4096K, reserved 1048576K
}
Event: 18.170 GC heap before
{Heap before GC invocations=8 (full 1):
 PSYoungGen      total 212480K, used 192457K [0x000000076b300000, 0x000000077a880000, 0x00000007c0000000)
  eden space 184832K, 100% used [0x000000076b300000,0x0000000776780000,0x0000000776780000)
  from space 27648K, 27% used [0x0000000778d80000,0x00000007794f2630,0x000000077a880000)
  to   space 33280K, 0% used [0x0000000776780000,0x0000000776780000,0x0000000778800000)
 ParOldGen       total 134144K, used 40300K [0x00000006c1800000, 0x00000006c9b00000, 0x000000076b300000)
  object space 134144K, 30% used [0x00000006c1800000,0x00000006c3f5b0f0,0x00000006c9b00000)
 Metaspace       used 30055K, capacity 31484K, committed 31616K, reserved 1077248K
  class space    used 3928K, capacity 4223K, committed 4224K, reserved 1048576K
Event: 18.178 GC heap after
Heap after GC invocations=8 (full 1):
 PSYoungGen      total 218112K, used 11421K [0x000000076b300000, 0x0000000782400000, 0x00000007c0000000)
  eden space 184832K, 0% used [0x000000076b300000,0x000000076b300000,0x0000000776780000)
  from space 33280K, 34% used [0x0000000776780000,0x00000007772a7538,0x0000000778800000)
  to   space 31232K, 0% used [0x0000000780580000,0x0000000780580000,0x0000000782400000)
 ParOldGen       total 134144K, used 40308K [0x00000006c1800000, 0x00000006c9b00000, 0x000000076b300000)
  object space 134144K, 30% used [0x00000006c1800000,0x00000006c3f5d0f0,0x00000006c9b00000)
 Metaspace       used 30055K, capacity 31484K, committed 31616K, reserved 1077248K
  class space    used 3928K, capacity 4223K, committed 4224K, reserved 1048576K
}
Event: 21.859 GC heap before
{Heap before GC invocations=9 (full 1):
 PSYoungGen      total 218112K, used 196253K [0x000000076b300000, 0x0000000782400000, 0x00000007c0000000)
  eden space 184832K, 100% used [0x000000076b300000,0x0000000776780000,0x0000000776780000)
  from space 33280K, 34% used [0x0000000776780000,0x00000007772a7538,0x0000000778800000)
  to   space 31232K, 0% used [0x0000000780580000,0x0000000780580000,0x0000000782400000)
 ParOldGen       total 134144K, used 40308K [0x00000006c1800000, 0x00000006c9b00000, 0x000000076b300000)
  object space 134144K, 30% used [0x00000006c1800000,0x00000006c3f5d0f0,0x00000006c9b00000)
 Metaspace       used 30207K, capacity 31620K, committed 31872K, reserved 1077248K
  class space    used 3931K, capacity 4223K, committed 4224K, reserved 1048576K
Event: 21.866 GC heap after
Heap after GC invocations=9 (full 1):
 PSYoungGen      total 324096K, used 4990K [0x000000076b300000, 0x0000000781900000, 0x00000007c0000000)
  eden space 304128K, 0% used [0x000000076b300000,0x000000076b300000,0x000000077dc00000)
  from space 19968K, 24% used [0x0000000780580000,0x0000000780a5f838,0x0000000781900000)
  to   space 31232K, 0% used [0x000000077dc00000,0x000000077dc00000,0x000000077fa80000)
 ParOldGen       total 134144K, used 46076K [0x00000006c1800000, 0x00000006c9b00000, 0x000000076b300000)
  object space 134144K, 34% used [0x00000006c1800000,0x00000006c44ff068,0x00000006c9b00000)
 Metaspace       used 30207K, capacity 31620K, committed 31872K, reserved 1077248K
  class space    used 3931K, capacity 4223K, committed 4224K, reserved 1048576K
}
Event: 26.768 GC heap before
{Heap before GC invocations=10 (full 1):
 PSYoungGen      total 324096K, used 309118K [0x000000076b300000, 0x0000000781900000, 0x00000007c0000000)
  eden space 304128K, 100% used [0x000000076b300000,0x000000077dc00000,0x000000077dc00000)
  from space 19968K, 24% used [0x0000000780580000,0x0000000780a5f838,0x0000000781900000)
  to   space 31232K, 0% used [0x000000077dc00000,0x000000077dc00000,0x000000077fa80000)
 ParOldGen       total 134144K, used 46076K [0x00000006c1800000, 0x00000006c9b00000, 0x000000076b300000)
  object space 134144K, 34% used [0x00000006c1800000,0x00000006c44ff068,0x00000006c9b00000)
 Metaspace       used 30378K, capacity 31898K, committed 32000K, reserved 1077248K
  class space    used 3955K, capacity 4266K, committed 4352K, reserved 1048576K
Event: 26.773 GC heap after
Heap after GC invocations=10 (full 1):
 PSYoungGen      total 335360K, used 3998K [0x000000076b300000, 0x0000000787f80000, 0x00000007c0000000)
  eden space 304128K, 0% used [0x000000076b300000,0x000000076b300000,0x000000077dc00000)
  from space 31232K, 12% used [0x000000077dc00000,0x000000077dfe7aa0,0x000000077fa80000)
  to   space 30720K, 0% used [0x0000000786180000,0x0000000786180000,0x0000000787f80000)
 ParOldGen       total 134144K, used 47460K [0x00000006c1800000, 0x00000006c9b00000, 0x000000076b300000)
  object space 134144K, 35% used [0x00000006c1800000,0x00000006c4659048,0x00000006c9b00000)
 Metaspace       used 30378K, capacity 31898K, committed 32000K, reserved 1077248K
  class space    used 3955K, capacity 4266K, committed 4352K, reserved 1048576K
}

Deoptimization events (10 events):
Event: 23.369 Thread 0x000000001eeb4800 Uncommon trap: reason=class_check action=maybe_recompile pc=0x00000000030b62b4 method=com.sun.prism.impl.GlyphCache.getCachedGlyph(II)Lcom/sun/prism/impl/GlyphCache$GlyphData; @ 81
Event: 23.369 Thread 0x000000001eeb4800 Uncommon trap: reason=class_check action=maybe_recompile pc=0x00000000030b62b4 method=com.sun.prism.impl.GlyphCache.getCachedGlyph(II)Lcom/sun/prism/impl/GlyphCache$GlyphData; @ 81
Event: 23.391 Thread 0x000000001eeb4800 Uncommon trap: reason=class_check action=maybe_recompile pc=0x000000000358b730 method=com.sun.prism.impl.GlyphCache.render(Lcom/sun/prism/impl/BaseContext;Lcom/sun/javafx/scene/text/GlyphList;FFIILcom/sun/prism/paint/Color;Lcom/sun/prism/paint/Color;Lcom/
Event: 23.409 Thread 0x000000001eeb4800 Uncommon trap: reason=class_check action=maybe_recompile pc=0x000000000358b730 method=com.sun.prism.impl.GlyphCache.render(Lcom/sun/prism/impl/BaseContext;Lcom/sun/javafx/scene/text/GlyphList;FFIILcom/sun/prism/paint/Color;Lcom/sun/prism/paint/Color;Lcom/
Event: 23.414 Thread 0x000000001eeb4800 Uncommon trap: reason=class_check action=maybe_recompile pc=0x000000000358b730 method=com.sun.prism.impl.GlyphCache.render(Lcom/sun/prism/impl/BaseContext;Lcom/sun/javafx/scene/text/GlyphList;FFIILcom/sun/prism/paint/Color;Lcom/sun/prism/paint/Color;Lcom/
Event: 23.562 Thread 0x000000001eeb4800 Uncommon trap: reason=unstable_if action=reinterpret pc=0x000000000362fb84 method=com.sun.javafx.sg.prism.NGNode.checkBoundsInQuad(Lcom/sun/javafx/geom/RectBounds;Lcom/sun/javafx/geom/RectBounds;Lcom/sun/javafx/geom/transform/BaseTransform;Lcom/sun/javafx
Event: 23.739 Thread 0x000000001eef1000 Uncommon trap: reason=class_check action=maybe_recompile pc=0x0000000002fb1314 method=com.sun.javafx.event.EventDispatchChainImpl.insertFirst(Ljavafx/event/EventDispatcher;)V @ 9
Event: 24.989 Thread 0x000000001eef1000 Uncommon trap: reason=class_check action=maybe_recompile pc=0x0000000002fb1314 method=com.sun.javafx.event.EventDispatchChainImpl.insertFirst(Ljavafx/event/EventDispatcher;)V @ 9
Event: 25.109 Thread 0x000000001eef1000 Uncommon trap: reason=unstable_if action=reinterpret pc=0x0000000002e56d48 method=javafx.scene.Node.impl_intersectsBounds(Lcom/sun/javafx/geom/PickRay;)D @ 902
Event: 26.079 Thread 0x000000001eeb4800 Uncommon trap: reason=unstable_if action=reinterpret pc=0x00000000032f3154 method=com.sun.prism.d3d.D3DContext.updateClipRect(Lcom/sun/javafx/geom/Rectangle;)V @ 8

Internal exceptions (10 events):
Event: 17.874 Thread 0x000000001e24a000 Exception <a 'java/lang/ClassNotFoundException': sun/net/www/protocol/data/Handler> (0x0000000770293b58) thrown at [C:\re\workspace\8-2-build-windows-amd64-cygwin\jdk8u111\7883\hotspot\src\share\vm\classfile\systemDictionary.cpp, line 210]
Event: 17.874 Thread 0x000000001e24b000 Exception <a 'java/lang/ClassNotFoundException': sun/net/www/protocol/data/Handler> (0x000000076fa5a8d0) thrown at [C:\re\workspace\8-2-build-windows-amd64-cygwin\jdk8u111\7883\hotspot\src\share\vm\classfile\systemDictionary.cpp, line 210]
Event: 17.874 Thread 0x000000001e24a000 Exception <a 'java/lang/ClassNotFoundException': sun/net/www/protocol/data/Handler> (0x00000007702995d0) thrown at [C:\re\workspace\8-2-build-windows-amd64-cygwin\jdk8u111\7883\hotspot\src\share\vm\classfile\systemDictionary.cpp, line 210]
Event: 22.656 Thread 0x000000001eef1000 Implicit null exception at 0x000000000293c1d9 to 0x000000000293c5a5
Event: 26.063 Thread 0x000000001e252800 Exception <a 'java/lang/ClassNotFoundException': sun/net/www/protocol/data/Handler> (0x000000077a502c08) thrown at [C:\re\workspace\8-2-build-windows-amd64-cygwin\jdk8u111\7883\hotspot\src\share\vm\classfile\systemDictionary.cpp, line 210]
Event: 26.063 Thread 0x000000001e252800 Exception <a 'java/lang/ClassNotFoundException': sun/net/www/protocol/data/Handler> (0x000000077a506c48) thrown at [C:\re\workspace\8-2-build-windows-amd64-cygwin\jdk8u111\7883\hotspot\src\share\vm\classfile\systemDictionary.cpp, line 210]
Event: 26.063 Thread 0x0000000025dca800 Exception <a 'java/lang/ClassNotFoundException': sun/net/www/protocol/data/Handler> (0x000000077a5be658) thrown at [C:\re\workspace\8-2-build-windows-amd64-cygwin\jdk8u111\7883\hotspot\src\share\vm\classfile\systemDictionary.cpp, line 210]
Event: 26.063 Thread 0x0000000025dca800 Exception <a 'java/lang/ClassNotFoundException': sun/net/www/protocol/data/Handler> (0x000000077a5c2bd0) thrown at [C:\re\workspace\8-2-build-windows-amd64-cygwin\jdk8u111\7883\hotspot\src\share\vm\classfile\systemDictionary.cpp, line 210]
Event: 26.064 Thread 0x000000001e24d000 Exception <a 'java/lang/ClassNotFoundException': sun/net/www/protocol/data/Handler> (0x000000077a67c838) thrown at [C:\re\workspace\8-2-build-windows-amd64-cygwin\jdk8u111\7883\hotspot\src\share\vm\classfile\systemDictionary.cpp, line 210]
Event: 26.064 Thread 0x000000001e24d000 Exception <a 'java/lang/ClassNotFoundException': sun/net/www/protocol/data/Handler> (0x000000077a680c78) thrown at [C:\re\workspace\8-2-build-windows-amd64-cygwin\jdk8u111\7883\hotspot\src\share\vm\classfile\systemDictionary.cpp, line 210]

Events (10 events):
Event: 26.928 Thread 0x000000001e258800 Thread exited: 0x000000001e258800
Event: 26.928 Thread 0x000000001e255000 Thread added: 0x000000001e255000
Event: 26.928 Thread 0x000000001e255000 Thread exited: 0x000000001e255000
Event: 26.928 Thread 0x000000001e258800 Thread added: 0x000000001e258800
Event: 26.928 Thread 0x000000001e258800 Thread exited: 0x000000001e258800
Event: 26.928 Thread 0x000000001e255000 Thread added: 0x000000001e255000
Event: 26.928 Thread 0x000000001e255000 Thread exited: 0x000000001e255000
Event: 26.928 Thread 0x000000001e255000 Thread added: 0x000000001e255000
Event: 26.938 Thread 0x000000001e258800 Thread added: 0x000000001e258800
Event: 26.938 Thread 0x000000001e258800 Thread exited: 0x000000001e258800


Dynamic libraries:
0x00007ff791970000 - 0x00007ff7919a7000 	C:\Program Files\Java\jdk1.8.0_111\jre\bin\java.exe
0x00007ffd6b1f0000 - 0x00007ffd6b3e5000 	C:\WINDOWS\SYSTEM32\ntdll.dll
0x00007ffd69f00000 - 0x00007ffd69fbd000 	C:\WINDOWS\System32\KERNEL32.DLL
0x00007ffd68d20000 - 0x00007ffd68fe9000 	C:\WINDOWS\System32\KERNELBASE.dll
0x00007ffd6ac50000 - 0x00007ffd6acfc000 	C:\WINDOWS\System32\ADVAPI32.dll
0x00007ffd6b110000 - 0x00007ffd6b1ae000 	C:\WINDOWS\System32\msvcrt.dll
0x00007ffd6aba0000 - 0x00007ffd6ac3c000 	C:\WINDOWS\System32\sechost.dll
0x00007ffd69db0000 - 0x00007ffd69edb000 	C:\WINDOWS\System32\RPCRT4.dll
0x00007ffd69250000 - 0x00007ffd693f0000 	C:\WINDOWS\System32\USER32.dll
0x00007ffd691c0000 - 0x00007ffd691e2000 	C:\WINDOWS\System32\win32u.dll
0x00007ffd693f0000 - 0x00007ffd6941a000 	C:\WINDOWS\System32\GDI32.dll
0x00007ffd68ab0000 - 0x00007ffd68bbb000 	C:\WINDOWS\System32\gdi32full.dll
0x00007ffd69120000 - 0x00007ffd691bd000 	C:\WINDOWS\System32\msvcp_win.dll
0x00007ffd68930000 - 0x00007ffd68a30000 	C:\WINDOWS\System32\ucrtbase.dll
0x00007ffd558b0000 - 0x00007ffd55b4a000 	C:\WINDOWS\WinSxS\amd64_microsoft.windows.common-controls_6595b64144ccf1df_6.0.19041.844_none_ca00b6081b84eb1d\COMCTL32.dll
0x00007ffd69a20000 - 0x00007ffd69a50000 	C:\WINDOWS\System32\IMM32.DLL
0x000000005e260000 - 0x000000005e332000 	C:\Program Files\Java\jdk1.8.0_111\jre\bin\msvcr100.dll
0x000000005e340000 - 0x000000005ebda000 	C:\Program Files\Java\jdk1.8.0_111\jre\bin\server\jvm.dll
0x00007ffd6ad00000 - 0x00007ffd6ad08000 	C:\WINDOWS\System32\PSAPI.DLL
0x00007ffd60580000 - 0x00007ffd6058a000 	C:\WINDOWS\SYSTEM32\VERSION.dll
0x00007ffd53580000 - 0x00007ffd53589000 	C:\WINDOWS\SYSTEM32\WSOCK32.dll
0x00007ffd57800000 - 0x00007ffd57827000 	C:\WINDOWS\SYSTEM32\WINMM.dll
0x00007ffd6af80000 - 0x00007ffd6afeb000 	C:\WINDOWS\System32\WS2_32.dll
0x000000005e210000 - 0x000000005e21f000 	C:\Program Files\Java\jdk1.8.0_111\jre\bin\verify.dll
0x000000005e1e0000 - 0x000000005e209000 	C:\Program Files\Java\jdk1.8.0_111\jre\bin\java.dll
0x000000005e1c0000 - 0x000000005e1d6000 	C:\Program Files\Java\jdk1.8.0_111\jre\bin\zip.dll
0x00007ffd6a2a0000 - 0x00007ffd6a9e2000 	C:\WINDOWS\System32\SHELL32.dll
0x00007ffd66a70000 - 0x00007ffd67200000 	C:\WINDOWS\SYSTEM32\windows.storage.dll
0x00007ffd69a50000 - 0x00007ffd69da5000 	C:\WINDOWS\System32\combase.dll
0x00007ffd683a0000 - 0x00007ffd683cc000 	C:\WINDOWS\SYSTEM32\Wldp.dll
0x00007ffd6ad70000 - 0x00007ffd6ae1e000 	C:\WINDOWS\System32\SHCORE.dll
0x00007ffd6aa90000 - 0x00007ffd6aae5000 	C:\WINDOWS\System32\shlwapi.dll
0x00007ffd68870000 - 0x00007ffd6888f000 	C:\WINDOWS\SYSTEM32\profapi.dll
0x00007ffd20320000 - 0x00007ffd2040f000 	C:\Program Files\Java\jdk1.8.0_111\jre\bin\msvcr120.dll
0x00007ffd20270000 - 0x00007ffd20316000 	C:\Program Files\Java\jdk1.8.0_111\jre\bin\msvcp120.dll
0x000000005d3b0000 - 0x000000005d3d2000 	C:\Program Files\Java\jdk1.8.0_111\jre\bin\prism_d3d.dll
0x00007ffd239f0000 - 0x00007ffd23bbf000 	C:\WINDOWS\system32\d3d9.dll
0x00007ffd67210000 - 0x00007ffd67222000 	C:\WINDOWS\SYSTEM32\kernel.appcore.dll
0x00007ffd661f0000 - 0x00007ffd6621f000 	C:\WINDOWS\SYSTEM32\dwmapi.dll
0x00007ffd65710000 - 0x00007ffd657ae000 	C:\WINDOWS\system32\uxtheme.dll
0x00007ffd22d00000 - 0x00007ffd22e65000 	C:\WINDOWS\System32\DriverStore\FileRepository\iigd_dch.inf_amd64_0f2250737b8ab5a6\igdumdim64.dll
0x00007ffd69480000 - 0x00007ffd695aa000 	C:\WINDOWS\System32\ole32.dll
0x00007ffcf8de0000 - 0x00007ffcfd71d000 	C:\WINDOWS\System32\DriverStore\FileRepository\iigd_dch.inf_amd64_0f2250737b8ab5a6\igd9dxva64.dll
0x00007ffd6a1d0000 - 0x00007ffd6a29d000 	C:\WINDOWS\System32\OLEAUT32.dll
0x00007ffd695b0000 - 0x00007ffd69a19000 	C:\WINDOWS\System32\SETUPAPI.dll
0x00007ffd68a60000 - 0x00007ffd68aae000 	C:\WINDOWS\System32\cfgmgr32.dll
0x00007ffd68a30000 - 0x00007ffd68a57000 	C:\WINDOWS\System32\bcrypt.dll
0x00007ffd5c0a0000 - 0x00007ffd5c368000 	C:\WINDOWS\System32\DriverStore\FileRepository\iigd_dch.inf_amd64_0f2250737b8ab5a6\igdgmm64.dll
0x000000005d360000 - 0x000000005d3a3000 	C:\Program Files\Java\jdk1.8.0_111\jre\bin\glass.dll
0x00007ffd6ae20000 - 0x00007ffd6aefa000 	C:\WINDOWS\System32\COMDLG32.dll
0x00007ffd6aff0000 - 0x00007ffd6b105000 	C:\WINDOWS\System32\MSCTF.dll
0x00007ffd690a0000 - 0x00007ffd69120000 	C:\WINDOWS\System32\bcryptPrimitives.dll
0x00007ffd4e800000 - 0x00007ffd4e827000 	C:\WINDOWS\System32\DriverStore\FileRepository\iigd_dch.inf_amd64_0f2250737b8ab5a6\igdinfo64.dll
0x00007ffd59240000 - 0x00007ffd5bde2000 	C:\WINDOWS\System32\DriverStore\FileRepository\iigd_dch.inf_amd64_0f2250737b8ab5a6\igc64.dll
0x00007ffd5ec90000 - 0x00007ffd5eccb000 	C:\WINDOWS\SYSTEM32\dxcore.dll
0x000000005d340000 - 0x000000005d354000 	C:\Program Files\Java\jdk1.8.0_111\jre\bin\javafx_font.dll
0x00007ffd56150000 - 0x00007ffd563cf000 	C:\WINDOWS\SYSTEM32\dwrite.dll
0x00007ffd6aaf0000 - 0x00007ffd6ab99000 	C:\WINDOWS\System32\clbcatq.dll
0x00007ffd60840000 - 0x00007ffd609f4000 	C:\WINDOWS\SYSTEM32\WindowsCodecs.dll
0x00007ffd54210000 - 0x00007ffd5424e000 	C:\WINDOWS\system32\dataexchange.dll
0x00007ffd63ef0000 - 0x00007ffd64154000 	C:\WINDOWS\system32\d3d11.dll
0x00007ffd64b80000 - 0x00007ffd64d67000 	C:\WINDOWS\system32\dcomp.dll
0x00007ffd673a0000 - 0x00007ffd67493000 	C:\WINDOWS\system32\dxgi.dll
0x00007ffd60a00000 - 0x00007ffd60c01000 	C:\WINDOWS\system32\twinapi.appcore.dll
0x00007ffd5ce90000 - 0x00007ffd5cec4000 	C:\Program Files\Common Files\Microsoft Shared\Ink\rtscom.dll
0x00007ffd5ea10000 - 0x00007ffd5eb0b000 	C:\WINDOWS\SYSTEM32\textinputframework.dll
0x00007ffd65450000 - 0x00007ffd65542000 	C:\WINDOWS\System32\CoreMessaging.dll
0x00007ffd650f0000 - 0x00007ffd6544e000 	C:\WINDOWS\System32\CoreUIComponents.dll
0x00007ffd63d90000 - 0x00007ffd63ee4000 	C:\WINDOWS\SYSTEM32\wintypes.dll
0x00007ffd67680000 - 0x00007ffd676b3000 	C:\WINDOWS\SYSTEM32\ntmarta.dll
0x000000005d320000 - 0x000000005d331000 	C:\Program Files\Java\jdk1.8.0_111\jre\bin\prism_common.dll
0x000000005e1a0000 - 0x000000005e1ba000 	C:\Program Files\Java\jdk1.8.0_111\jre\bin\net.dll
0x00007ffd68120000 - 0x00007ffd6818a000 	C:\WINDOWS\system32\mswsock.dll
0x00007ffd67e10000 - 0x00007ffd67edb000 	C:\WINDOWS\SYSTEM32\DNSAPI.dll
0x00007ffd67dc0000 - 0x00007ffd67dfb000 	C:\WINDOWS\SYSTEM32\IPHLPAPI.DLL
0x00007ffd6ac40000 - 0x00007ffd6ac48000 	C:\WINDOWS\System32\NSI.dll
0x0000000060540000 - 0x0000000060566000 	C:\Program Files\Bonjour\mdnsNSP.dll
0x00007ffd554f0000 - 0x00007ffd554fa000 	C:\Windows\System32\rasadhlp.dll
0x00007ffd55550000 - 0x00007ffd555cf000 	C:\WINDOWS\System32\fwpuclnt.dll
0x000000005ded0000 - 0x000000005def4000 	C:\Program Files\Java\jdk1.8.0_111\jre\bin\sunec.dll
0x000000005dec0000 - 0x000000005decb000 	C:\Program Files\Java\jdk1.8.0_111\jre\bin\sunmscapi.dll
0x00007ffd68bc0000 - 0x00007ffd68d1f000 	C:\WINDOWS\System32\CRYPT32.dll
0x000000005d2f0000 - 0x000000005d313000 	C:\Program Files\Java\jdk1.8.0_111\jre\bin\javafx_iio.dll
0x000000005ad50000 - 0x000000005d2e1000 	C:\Program Files\Java\jdk1.8.0_111\jre\bin\jfxwebkit.dll
0x00007ffd682f0000 - 0x00007ffd68308000 	C:\WINDOWS\SYSTEM32\CRYPTSP.dll
0x00007ffd67a50000 - 0x00007ffd67a84000 	C:\WINDOWS\system32\rsaenh.dll
0x00007ffd68310000 - 0x00007ffd6831c000 	C:\WINDOWS\SYSTEM32\CRYPTBASE.dll
0x000000005e180000 - 0x000000005e191000 	C:\Program Files\Java\jdk1.8.0_111\jre\bin\nio.dll
0x00007ffd687f0000 - 0x00007ffd6881e000 	C:\WINDOWS\SYSTEM32\USERENV.dll
0x00007ffd610c0000 - 0x00007ffd610d7000 	C:\WINDOWS\SYSTEM32\dhcpcsvc6.DLL
0x00007ffd61200000 - 0x00007ffd6121d000 	C:\WINDOWS\SYSTEM32\dhcpcsvc.DLL
0x000000005acd0000 - 0x000000005ad43000 	C:\Program Files\Java\jdk1.8.0_111\jre\bin\glib-lite.dll
0x000000005ac30000 - 0x000000005accc000 	C:\Program Files\Java\jdk1.8.0_111\jre\bin\gstreamer-lite.dll
0x00007ffd57010000 - 0x00007ffd570ac000 	C:\WINDOWS\SYSTEM32\DSOUND.dll
0x00007ffd67ee0000 - 0x00007ffd67f2b000 	C:\WINDOWS\SYSTEM32\powrprof.dll
0x00007ffd4afc0000 - 0x00007ffd4afe6000 	C:\WINDOWS\SYSTEM32\winmmbase.dll
0x00007ffd67da0000 - 0x00007ffd67db2000 	C:\WINDOWS\SYSTEM32\UMPDC.dll
0x000000005ac00000 - 0x000000005ac25000 	C:\Program Files\Java\jdk1.8.0_111\jre\bin\jfxmedia.dll
0x000000005dfe0000 - 0x000000005e178000 	C:\Program Files\Java\jdk1.8.0_111\jre\bin\awt.dll
0x00007ffd65680000 - 0x00007ffd65710000 	C:\WINDOWS\SYSTEM32\apphelp.dll
0x00007ffd68820000 - 0x00007ffd6885c000 	C:\WINDOWS\SYSTEM32\SspiCli.dll
0x000000005abc0000 - 0x000000005abf1000 	C:\Program Files\Java\jdk1.8.0_111\jre\bin\fxplugins.dll
0x00007ffd2bcb0000 - 0x00007ffd2bf2b000 	C:\Windows\System32\msmpeg2vdec.dll
0x00007ffd2bb80000 - 0x00007ffd2bcad000 	C:\Windows\System32\mfperfhelper.dll
0x00007ffd3bc50000 - 0x00007ffd3be0c000 	C:\Windows\System32\MFPlat.DLL
0x00007ffd3bfa0000 - 0x00007ffd3bfd0000 	C:\Windows\System32\RTWorkQ.DLL
0x00007ffd57f20000 - 0x00007ffd57f57000 	C:\Windows\System32\CompPkgSup.DLL
0x00007ffd469d0000 - 0x00007ffd46b16000 	C:\Windows\System32\Windows.StateRepositoryPS.dll
0x00007ffd1f590000 - 0x00007ffd1f697000 	C:\Windows\System32\msmpeg2adec.dll
0x00007ffd61f10000 - 0x00007ffd61f95000 	C:\WINDOWS\System32\MMDevApi.dll
0x00007ffd686e0000 - 0x00007ffd6870c000 	C:\WINDOWS\System32\DEVOBJ.dll
0x00007ffd61fb0000 - 0x00007ffd62135000 	C:\WINDOWS\SYSTEM32\AUDIOSES.DLL
0x00007ffd66100000 - 0x00007ffd66114000 	C:\WINDOWS\SYSTEM32\resourcepolicyclient.dll
0x00007ffd61040000 - 0x00007ffd6104a000 	C:\WINDOWS\SYSTEM32\avrt.dll
0x00007ffd1f3c0000 - 0x00007ffd1f590000 	C:\Windows\System32\quartz.dll
0x00007ffd5c440000 - 0x00007ffd5c581000 	C:\Windows\System32\Windows.UI.dll
0x00007ffd60c10000 - 0x00007ffd60cb1000 	C:\Windows\System32\WindowManagementAPI.dll
0x00007ffd58420000 - 0x00007ffd58572000 	C:\Windows\System32\InputHost.dll
0x00007ffd65ec0000 - 0x00007ffd65fb7000 	C:\Windows\System32\PROPSYS.dll
0x00007ffd66780000 - 0x00007ffd66964000 	C:\WINDOWS\SYSTEM32\dbghelp.dll

VM Arguments:
jvm_args: -Dfile.encoding=UTF-8 
java_command: C:\Users\ahmed\OneDrive\Documents\ArtLife\dist\run1150345017\ArtLife.jar
java_class_path (initial): C:\Users\ahmed\OneDrive\Documents\ArtLife\dist\run1150345017\ArtLife.jar
Launcher Type: SUN_STANDARD

Environment Variables:
PATH=C:\Program Files (x86)\Common Files\Oracle\Java\javapath;C:\ProgramData\Oracle\Java\javapath;C:\Program Files\Common Files\Oracle\Java\javapath;C:\Program Files (x86)\Common Files\Intel\Shared Libraries\redist\intel64\compiler;C:\WINDOWS\system32;C:\WINDOWS;C:\WINDOWS\System32\Wbem;C:\WINDOWS\System32\WindowsPowerShell\v1.0\;C:\WINDOWS\System32\OpenSSH\;C:\xampp\php;C:\ProgramData\ComposerSetup\bin;C:\Program Files\Git\cmd;C:\Program Files\nodejs\;C:\ProgramData\chocolatey\bin;;C:\Program Files\Symfony;C:\Users\ahmed\AppData\Local\Microsoft\WindowsApps;C:\Users\ahmed\AppData\Local\Programs\Microsoft VS Code\bin;C:\Users\ahmed\AppData\Local\GitHubDesktop\bin;C:\Users\ahmed\AppData\Roaming\Composer\vendor\bin;C:\Users\ahmed\AppData\Roaming\npm
USERNAME=ahmed
OS=Windows_NT
PROCESSOR_IDENTIFIER=Intel64 Family 6 Model 142 Stepping 10, GenuineIntel



---------------  S Y S T E M  ---------------

OS: Windows 10.0 , 64 bit Build 19041 (10.0.19041.804)

CPU:total 8 (4 cores per cpu, 2 threads per core) family 6 model 142 stepping 10, cmov, cx8, fxsr, mmx, sse, sse2, sse3, ssse3, sse4.1, sse4.2, popcnt, avx, avx2, aes, clmul, erms, 3dnowpref, lzcnt, ht, tsc, tscinvbit, bmi1, bmi2, adx

Memory: 4k page, physical 16672380k(3998420k free), swap 23363332k(2594824k free)

vm_info: Java HotSpot(TM) 64-Bit Server VM (25.111-b14) for windows-amd64 JRE (1.8.0_111-b14), built on Sep 22 2016 19:24:05 by "java_re" with MS VC++ 10.0 (VS2010)

time: Thu Mar 25 11:04:07 2021
elapsed time: 27 seconds (0d 0h 0m 27s)

